WARNING:tensorflow:From /util/opt/anaconda/deployed-conda-envs/packages/tensorflow-gpu/envs/tensorflow-gpu-1.7.0-py36/lib/python3.6/site-packages/tensorflow/contrib/learn/python/learn/datasets/base.py:198: retry (from tensorflow.contrib.learn.python.learn.datasets.base) is deprecated and will be removed in a future version.
Instructions for updating:
Use the retry module or similar alternatives.
43200
4800
12000
2019-02-06 22:46:09.794164: I tensorflow/core/platform/cpu_feature_guard.cc:140] Your CPU supports instructions that this TensorFlow binary was not compiled to use: AVX AVX2 FMA
2019-02-06 22:46:10.001479: I tensorflow/core/common_runtime/gpu/gpu_device.cc:1344] Found device 0 with properties: 
name: GeForce GTX 1080 Ti major: 6 minor: 1 memoryClockRate(GHz): 1.582
pciBusID: 0000:08:00.0
totalMemory: 10.92GiB freeMemory: 10.76GiB
2019-02-06 22:46:10.001564: I tensorflow/core/common_runtime/gpu/gpu_device.cc:1423] Adding visible gpu devices: 0
2019-02-06 22:46:10.299994: I tensorflow/core/common_runtime/gpu/gpu_device.cc:911] Device interconnect StreamExecutor with strength 1 edge matrix:
2019-02-06 22:46:10.300084: I tensorflow/core/common_runtime/gpu/gpu_device.cc:917]      0 
2019-02-06 22:46:10.300102: I tensorflow/core/common_runtime/gpu/gpu_device.cc:930] 0:   N 
2019-02-06 22:46:10.300347: I tensorflow/core/common_runtime/gpu/gpu_device.cc:1041] Created TensorFlow device (/job:localhost/replica:0/task:0/device:GPU:0 with 10422 MB memory) -> physical GPU (device: 0, name: GeForce GTX 1080 Ti, pci bus id: 0000:08:00.0, compute capability: 6.1)
Epoch: 0
TRAIN CROSS ENTROPY: 0.6903495314827671
VALIDATION CROSS ENTROPY: 0.5900276746352514
VALIDATION CONFUSION MATRIX:
[[373   1  20  31   1   0  23   0   7   0]
 [  0 487   4  18   1   0   0   0   1   0]
 [  1   1 397   4  45   0   8   0   2   0]
 [ 15   2  12 444  21   0   3   0   1   0]
 [  1   0  88  18 346   0   9   0   1   0]
 [  0   0   0   1   0 415   0  21   0  14]
 [ 74   3 113  19  66   0 199   0   5   0]
 [  0   0   0   0   0  18   0 481   0  21]
 [  0   1  13  10   1   3   1   4 451   0]
 [  0   0   0   0   0   3   0  16   0 461]]
TEST CROSS ENTROPY: 0.5606474132140478
TEST CONFUSION MATRIX:
[[ 962    4   52   94    7    2   60    0   11    0]
 [   0 1141   10   45    0    0    2    0    0    0]
 [  10    1 1051   13  128    0    9    0    2    0]
 [  29    7   30 1087   38    0    9    0    0    0]
 [   0    1  252   65  862    1   19    0    2    0]
 [   0    0    0    1    0 1064    0   56    2   27]
 [ 180    1  257   62  184    0  495    1   17    0]
 [   0    0    0    0    0   28    0 1120    1   53]
 [   3    1   27   11    3   11    4   10 1153    1]
 [   0    0    0    1    0   22    0   48    0 1150]]
Epoch: 1
TRAIN CROSS ENTROPY: 0.5379983266856936
VALIDATION CROSS ENTROPY: 0.532915791173776
VALIDATION CONFUSION MATRIX:
[[364   1  20  25   1   0  38   0   7   0]
 [  1 488   1  18   2   0   0   0   1   0]
 [  1   1 392   5  49   0   9   0   1   0]
 [ 15   1  12 445  21   0   3   0   1   0]
 [  1   0  66  20 362   0  13   0   1   0]
 [  0   0   0   1   0 420   0  20   0  10]
 [ 65   2  97  18  70   0 225   0   2   0]
 [  0   0   0   0   0  16   0 483   0  21]
 [  0   1  12  10   3   4   2   4 448   0]
 [  0   0   0   0   0   4   0  14   0 462]]
TEST CROSS ENTROPY: 0.5050018369754156
TEST CONFUSION MATRIX:
[[ 948    3   52   82    8    2   90    0    7    0]
 [   0 1144    7   42    2    0    3    0    0    0]
 [  10    0 1048   14  131    0   10    0    1    0]
 [  28    5   26 1091   40    0   10    0    0    0]
 [   0    1  202   60  914    0   23    0    2    0]
 [   0    0    0    1    0 1072    0   49    1   27]
 [ 162    1  223   47  162    0  587    1   14    0]
 [   0    0    0    0    0   27    0 1124    1   50]
 [   3    0   21    9    9   10    5    7 1159    1]
 [   0    0    0    1    0   22    0   44    0 1154]]
Epoch: 2
TRAIN CROSS ENTROPY: 0.5047555221230895
VALIDATION CROSS ENTROPY: 0.5074321535229683
VALIDATION CONFUSION MATRIX:
[[365   1  20  18   1   0  45   0   6   0]
 [  1 491   1  16   1   0   0   0   1   0]
 [  1   1 397   6  42   0  10   0   1   0]
 [ 14   3   9 442  22   0   7   0   1   0]
 [  1   0  65  13 373   0  10   0   1   0]
 [  0   0   0   1   0 424   0  18   0   8]
 [ 60   2  95  10  67   0 242   0   3   0]
 [  0   0   0   0   0  18   0 479   0  23]
 [  0   1  11   7   2   2   0   3 458   0]
 [  0   0   0   0   0   4   0  12   0 464]]
TEST CROSS ENTROPY: 0.48212852482000984
TEST CONFUSION MATRIX:
[[ 959    6   48   65    9    2   95    0    8    0]
 [   0 1154    5   33    3    0    3    0    0    0]
 [  11    0 1063   12  116    0    8    0    4    0]
 [  31    6   24 1075   53    0   11    0    0    0]
 [   0    1  207   54  920    0   18    0    2    0]
 [   0    0    1    0    0 1091    0   39    1   18]
 [ 156    1  223   35  160    0  608    0   14    0]
 [   0    0    0    0    0   31    0 1121    1   49]
 [   3    0   17    7    8    8    4    7 1170    0]
 [   0    0    0    1    0   24    0   42    0 1154]]
Epoch: 3
TRAIN CROSS ENTROPY: 0.4860183694848308
VALIDATION CROSS ENTROPY: 0.5111923505862553
VALIDATION CONFUSION MATRIX:
[[374   1  20  19   1   0  35   0   6   0]
 [  1 491   1  16   1   0   0   0   1   0]
 [  1   1 397   4  46   0   8   0   1   0]
 [ 15   3  11 437  26   0   5   0   1   0]
 [  1   0  73  15 367   0   6   0   1   0]
 [  0   0   0   1   0 426   0  17   0   7]
 [ 64   2 101  10  70   0 226   0   6   0]
 [  0   0   0   0   0  19   0 482   0  19]
 [  0   1  11   7   2   3   0   3 457   0]
 [  0   0   0   0   0  10   0  14   0 456]]
TEST CROSS ENTROPY: 0.48467113594214123
TEST CONFUSION MATRIX:
[[ 979    5   48   62    8    3   78    0    9    0]
 [   0 1156    4   33    3    0    2    0    0    0]
 [  11    0 1074   11  110    0    6    0    2    0]
 [  28    6   27 1075   55    0    9    0    0    0]
 [   0    1  216   48  919    0   16    0    2    0]
 [   0    0    1    0    0 1098    0   36    1   14]
 [ 176    1  235   37  164    0  570    0   14    0]
 [   0    0    0    0    0   38    0 1121    0   43]
 [   4    0   15    7    7    8    3    7 1173    0]
 [   0    0    0    1    0   28    0   43    0 1149]]
Epoch: 4
TRAIN CROSS ENTROPY: 0.4730163554129777
VALIDATION CROSS ENTROPY: 0.4992898346980413
VALIDATION CONFUSION MATRIX:
[[375   1  20  17   1   0  36   0   6   0]
 [  1 491   1  16   1   0   0   0   1   0]
 [  1   1 400   5  43   0   7   0   1   0]
 [ 14   3  10 444  20   0   6   0   1   0]
 [  1   0  68  17 368   0   8   0   1   0]
 [  0   0   0   1   0 429   0  14   0   7]
 [ 64   2  92   9  64   0 240   0   8   0]
 [  0   0   0   0   0  20   0 481   0  19]
 [  0   1  12   8   2   4   0   3 454   0]
 [  0   0   0   0   0   7   0  16   0 457]]
TEST CROSS ENTROPY: 0.4732793270746867
TEST CONFUSION MATRIX:
[[ 987    3   42   62    7    3   78    0   10    0]
 [   0 1155    4   36    1    0    2    0    0    0]
 [  11    0 1070   13  108    0    9    0    3    0]
 [  25    4   25 1092   43    0   10    0    1    0]
 [   0    1  207   58  916    0   18    0    2    0]
 [   0    0    0    0    0 1103    0   34    1   12]
 [ 167    1  228   38  157    0  591    0   15    0]
 [   0    0    0    0    0   41    0 1126    0   35]
 [   4    0   14    8    5    9    3    6 1175    0]
 [   0    0    0    1    0   30    0   50    0 1140]]
Epoch: 5
TRAIN CROSS ENTROPY: 0.4623941698008113
VALIDATION CROSS ENTROPY: 0.48174262801806134
VALIDATION CONFUSION MATRIX:
[[367   1  16  18   1   0  47   0   6   0]
 [  1 491   1  16   1   0   0   0   1   0]
 [  1   1 386   5  53   0  11   0   1   0]
 [ 15   3   6 443  22   0   8   0   1   0]
 [  2   0  51  15 383   0  11   0   1   0]
 [  0   0   0   1   0 431   0  14   0   5]
 [ 62   1  82  11  61   0 257   0   5   0]
 [  0   0   0   0   0  22   0 481   0  17]
 [  0   1   6   7   1   4   2   3 460   0]
 [  0   0   0   0   0   9   0  17   0 454]]
TEST CROSS ENTROPY: 0.4566804804801941
TEST CONFUSION MATRIX:
[[ 987    3   33   53    7    3   98    0    8    0]
 [   0 1150    5   38    1    0    4    0    0    0]
 [   9    0 1046   12  125    0   18    0    4    0]
 [  27    3   16 1090   47    0   17    0    0    0]
 [   0    1  159   54  958    2   26    0    2    0]
 [   0    0    0    0    0 1105    0   32    1   12]
 [ 159    1  183   30  152    0  657    0   15    0]
 [   0    0    0    0    0   41    0 1123    0   38]
 [   4    1   12    7    6   10    3    6 1175    0]
 [   0    0    0    1    0   31    0   47    0 1142]]
Epoch: 6
TRAIN CROSS ENTROPY: 0.45491411748859617
VALIDATION CROSS ENTROPY: 0.47226704478263853
VALIDATION CONFUSION MATRIX:
[[367   1  16  17   1   0  48   0   6   0]
 [  1 492   1  15   1   0   0   0   1   0]
 [  1   1 389   5  51   0  10   0   1   0]
 [ 15   3   8 441  23   0   7   0   1   0]
 [  1   0  53  15 379   0  14   0   1   0]
 [  0   0   0   1   0 429   0  15   0   6]
 [ 60   1  78  10  54   0 272   0   4   0]
 [  0   0   0   0   0  20   0 484   0  16]
 [  0   1   6  10   1   4   1   3 458   0]
 [  0   0   0   0   0   9   0  17   0 454]]
TEST CROSS ENTROPY: 0.45092419735590616
TEST CONFUSION MATRIX:
[[ 978    3   34   56    6    3  103    0    9    0]
 [   1 1155    5   33    2    0    2    0    0    0]
 [   8    0 1044   13  126    0   21    0    2    0]
 [  28    3   16 1086   50    0   17    0    0    0]
 [   0    1  160   50  953    2   34    0    2    0]
 [   0    0    0    0    0 1108    0   30    1   11]
 [ 155    1  175   32  148    0  674    0   12    0]
 [   0    0    0    0    0   44    0 1123    0   35]
 [   4    0   13    7    7   10    3    6 1174    0]
 [   0    0    0    1    0   34    0   48    0 1138]]
Epoch: 7
TRAIN CROSS ENTROPY: 0.44802860506154873
VALIDATION CROSS ENTROPY: 0.47548134475946424
VALIDATION CONFUSION MATRIX:
[[375   1  16  18   1   0  38   0   7   0]
 [  3 491   1  14   1   0   0   0   1   0]
 [  1   1 388   5  53   0   9   0   1   0]
 [ 14   3   8 446  20   0   6   0   1   0]
 [  2   0  52  18 380   0  10   0   1   0]
 [  0   0   0   1   0 431   0  13   0   6]
 [ 71   1  83  10  58   0 248   0   8   0]
 [  0   0   0   0   0  20   0 485   0  15]
 [  0   1   7   9   1   4   1   3 458   0]
 [  0   0   0   0   0  10   0  17   0 453]]
TEST CROSS ENTROPY: 0.456161390821139
TEST CONFUSION MATRIX:
[[1009    1   36   56    5    3   71    0   11    0]
 [   0 1153    5   37    2    0    1    0    0    0]
 [  12    0 1045   12  129    0   12    0    4    0]
 [  26    2   16 1096   42    0   18    0    0    0]
 [   1    1  158   57  958    2   23    0    2    0]
 [   0    0    0    0    0 1112    0   31    1    6]
 [ 185    1  192   35  151    0  617    0   16    0]
 [   0    0    0    0    0   42    0 1125    0   35]
 [   4    0   12    8    7   11    3    5 1174    0]
 [   0    0    0    1    0   37    0   49    0 1134]]
Epoch: 8
TRAIN CROSS ENTROPY: 0.44256655601439654
VALIDATION CROSS ENTROPY: 0.46976047575473784
VALIDATION CONFUSION MATRIX:
[[369   1  16  18   1   0  45   0   6   0]
 [  3 491   1  14   1   0   0   0   1   0]
 [  1   1 395   5  45   0  10   0   1   0]
 [ 12   3   7 447  22   0   6   0   1   0]
 [  2   0  53  15 382   0  10   0   1   0]
 [  0   0   0   1   0 433   0  12   0   5]
 [ 57   1  79  11  56   0 268   0   7   0]
 [  0   0   0   0   0  21   0 484   0  15]
 [  0   1   8   8   1   4   1   3 458   0]
 [  0   0   0   0   0   8   0  16   0 456]]
TEST CROSS ENTROPY: 0.4500207423766454
TEST CONFUSION MATRIX:
[[ 970    2   37   57    5    3  108    0   10    0]
 [   0 1156    5   33    2    0    2    0    0    0]
 [  10    0 1058   13  115    0   13    0    5    0]
 [  25    5   16 1093   42    0   18    0    1    0]
 [   0    1  162   54  956    2   24    0    3    0]
 [   0    0    0    0    0 1113    0   28    1    8]
 [ 149    1  186   33  149    0  663    0   16    0]
 [   0    0    0    0    0   51    0 1115    0   36]
 [   4    0   12    8    6    9    3    6 1176    0]
 [   0    0    0    1    0   37    0   47    0 1136]]
Epoch: 9
TRAIN CROSS ENTROPY: 0.43757790514716394
VALIDATION CROSS ENTROPY: 0.4658865116039912
VALIDATION CONFUSION MATRIX:
[[376   1  15  16   0   0  42   0   6   0]
 [  3 493   1  12   1   0   0   0   1   0]
 [  2   1 393   6  44   0  11   0   1   0]
 [ 13   2   8 451  17   0   6   0   1   0]
 [  2   0  54  19 373   0  14   0   1   0]
 [  0   0   0   1   0 431   0  13   0   6]
 [ 63   1  81  10  52   0 269   0   3   0]
 [  0   0   0   0   0  22   0 479   0  19]
 [  0   1   8  10   1   5   1   3 455   0]
 [  0   0   0   0   0  11   0  13   0 456]]
TEST CROSS ENTROPY: 0.4483347313006719
TEST CONFUSION MATRIX:
[[ 991    2   39   51    4    3   92    0   10    0]
 [   2 1162    5   25    1    0    3    0    0    0]
 [  12    0 1062   16  105    0   17    0    2    0]
 [  27    3   14 1103   34    0   19    0    0    0]
 [   1    1  161   58  948    0   31    0    2    0]
 [   0    0    0    0    0 1114    0   28    1    7]
 [ 167    1  184   32  128    0  672    0   13    0]
 [   0    0    0    0    0   46    0 1109    0   47]
 [   4    0   12    8    7    9    3    5 1176    0]
 [   0    0    0    1    0   41    0   43    0 1136]]
Epoch: 10
TRAIN CROSS ENTROPY: 0.43434474160273867
VALIDATION CROSS ENTROPY: 0.4689717711011569
VALIDATION CONFUSION MATRIX:
[[377   1  16  15   1   0  40   0   6   0]
 [  3 492   1  13   1   0   0   0   1   0]
 [  3   1 393   6  45   0   9   0   1   0]
 [ 14   2   8 447  21   0   5   0   1   0]
 [  2   0  55  15 378   0  12   0   1   0]
 [  0   0   0   1   0 434   0  11   0   5]
 [ 70   1  85   8  58   0 251   0   6   0]
 [  0   0   0   0   0  19   0 482   1  18]
 [  0   1   9   9   1   4   1   3 456   0]
 [  0   0   0   0   0   8   0  13   0 459]]
TEST CROSS ENTROPY: 0.4491214229663213
TEST CONFUSION MATRIX:
[[1014    1   35   46    5    3   79    0    9    0]
 [   1 1161    5   27    1    0    3    0    0    0]
 [  11    0 1061   12  113    0   13    0    4    0]
 [  29    3   17 1094   38    0   18    0    1    0]
 [   0    1  165   52  951    1   30    0    2    0]
 [   1    0    0    0    0 1115    0   26    1    7]
 [ 175    1  193   33  140    0  639    0   16    0]
 [   0    0    0    0    0   51    0 1105    0   46]
 [   4    0   12    7    7    8    3    6 1177    0]
 [   0    0    0    1    0   39    0   43    0 1138]]
Epoch: 11
TRAIN CROSS ENTROPY: 0.42936815467145706
VALIDATION CROSS ENTROPY: 0.4652982951203982
VALIDATION CONFUSION MATRIX:
[[373   1  16  17   1   0  41   0   7   0]
 [  3 492   1  13   1   0   0   0   1   0]
 [  2   1 399   6  40   0   9   0   1   0]
 [ 14   3   7 449  18   0   6   0   1   0]
 [  1   0  54  20 372   0  14   0   2   0]
 [  0   0   0   1   0 432   0  11   0   7]
 [ 63   2  81  13  51   0 262   0   7   0]
 [  0   0   0   0   0  18   0 480   1  21]
 [  0   1   7   7   1   5   1   3 459   0]
 [  0   0   0   0   0   6   0  12   1 461]]
TEST CROSS ENTROPY: 0.44710764328638714
TEST CONFUSION MATRIX:
[[1002    2   38   54    4    2   79    0   11    0]
 [   1 1161    5   28    2    0    1    0    0    0]
 [  13    0 1061   15  106    0   13    0    6    0]
 [  26    2   13 1112   29    0   15    0    3    0]
 [   0    1  163   59  946    0   29    0    4    0]
 [   1    0    0    0    0 1111    0   28    1    9]
 [ 165    1  190   37  123    0  662    0   19    0]
 [   0    0    0    0    0   44    0 1106    1   51]
 [   4    1   11    8    7    9    1    5 1178    0]
 [   0    0    0    1    0   34    0   44    0 1142]]
Epoch: 12
TRAIN CROSS ENTROPY: 0.426806088410042
VALIDATION CROSS ENTROPY: 0.4647655687729518
VALIDATION CONFUSION MATRIX:
[[371   1  15  16   0   1  47   0   5   0]
 [  3 492   1  13   1   0   0   0   1   0]
 [  1   1 395   6  44   0  10   0   1   0]
 [ 14   3   8 446  20   0   6   0   1   0]
 [  2   0  57  15 376   0  12   0   1   0]
 [  0   0   0   1   0 433   0  11   0   6]
 [ 63   1  89   6  50   0 260   0  10   0]
 [  0   0   0   0   0  23   0 475   1  21]
 [  0   1   7   7   1   4   1   3 460   0]
 [  0   0   0   0   0   6   0  11   1 462]]
TEST CROSS ENTROPY: 0.44663963147004443
TEST CONFUSION MATRIX:
[[ 993    2   39   51    5    2   90    0   10    0]
 [   1 1165    5   23    2    0    2    0    0    0]
 [  10    0 1072   12  102    0   12    0    6    0]
 [  29    2   16 1096   38    0   17    0    2    0]
 [   0    1  167   53  953    0   25    0    3    0]
 [   0    0    0    0    0 1113    0   27    1    9]
 [ 155    1  199   33  124    0  668    0   17    0]
 [   0    0    0    0    0   49    0 1099    1   53]
 [   5    2   12    5    6   10    2    5 1177    0]
 [   0    0    0    1    0   39    0   40    0 1141]]
Epoch: 13
TRAIN CROSS ENTROPY: 0.42464504924085406
VALIDATION CROSS ENTROPY: 0.4561356455087662
VALIDATION CONFUSION MATRIX:
[[374   1  11  19   0   0  44   0   7   0]
 [  2 494   1  12   1   0   0   0   1   0]
 [  2   1 388   6  49   0  11   0   1   0]
 [ 14   3   8 451  15   0   6   0   1   0]
 [  1   0  54  21 370   0  15   0   2   0]
 [  0   0   0   1   0 432   0  11   0   7]
 [ 69   2  74  11  42   0 272   0   9   0]
 [  0   0   0   0   0  20   0 478   1  21]
 [  0   1   2   8   0   5   1   3 464   0]
 [  0   0   0   0   0   7   0  12   0 461]]
TEST CROSS ENTROPY: 0.44108019685745237
TEST CONFUSION MATRIX:
[[1006    2   34   59    4    3   73    0   11    0]
 [   1 1166    3   25    1    0    2    0    0    0]
 [  13    1 1050   14  111    0   20    0    5    0]
 [  25    2   12 1112   28    0   17    0    4    0]
 [   0    1  144   63  955    1   32    0    6    0]
 [   0    0    0    0    0 1114    0   28    1    7]
 [ 170    1  169   42  118    0  678    0   19    0]
 [   0    0    0    0    0   47    0 1103    0   52]
 [   4    2   11    6    5   12    4    5 1175    0]
 [   0    0    0    1    0   38    0   35    0 1147]]
Epoch: 14
TRAIN CROSS ENTROPY: 0.4227290913021123
VALIDATION CROSS ENTROPY: 0.4586001079281171
VALIDATION CONFUSION MATRIX:
[[376   1  15  14   1   0  43   0   6   0]
 [  3 492   2  13   1   0   0   0   0   0]
 [  1   1 399   6  39   0  11   0   1   0]
 [ 14   4   8 451  15   0   5   0   1   0]
 [  2   0  56  21 371   0  12   0   1   0]
 [  0   0   0   1   0 431   0  12   0   7]
 [ 65   2  81   9  47   0 265   0  10   0]
 [  0   0   0   0   0  17   0 480   1  22]
 [  0   1   5   8   1   4   1   3 461   0]
 [  0   0   0   0   0   6   0  11   0 463]]
TEST CROSS ENTROPY: 0.4428317019939423
TEST CONFUSION MATRIX:
[[ 995    2   41   53    4    1   86    0   10    0]
 [   1 1164    5   24    2    0    2    0    0    0]
 [  10    0 1074   13   95    0   16    0    6    0]
 [  29    2   14 1109   26    0   17    0    3    0]
 [   0    1  155   64  954    0   25    0    3    0]
 [   1    0    0    0    0 1105    0   31    1   12]
 [ 165    1  180   37  133    0  665    0   16    0]
 [   0    0    0    0    0   41    0 1107    0   54]
 [   2    2   11    6    5   11    5    4 1178    0]
 [   0    0    0    1    0   32    0   37    0 1151]]
Epoch: 15
TRAIN CROSS ENTROPY: 0.4205253717413655
VALIDATION CROSS ENTROPY: 0.45687663555145264
VALIDATION CONFUSION MATRIX:
[[368   2  13  18   1   1  48   0   5   0]
 [  0 495   2  13   1   0   0   0   0   0]
 [  2   1 394   6  45   0   9   0   1   0]
 [ 13   3   7 452  17   0   5   0   1   0]
 [  2   0  50  19 381   0  10   0   1   0]
 [  0   0   0   1   0 436   0   8   0   6]
 [ 65   2  85  10  54   0 256   0   7   0]
 [  0   0   0   0   0  21   0 475   1  23]
 [  0   0   5   8   2   6   1   3 459   0]
 [  0   0   0   0   0   6   0  12   0 462]]
TEST CROSS ENTROPY: 0.4430653386116028
TEST CONFUSION MATRIX:
[[ 979    3   40   58    6    1   95    0   10    0]
 [   0 1166    5   23    2    0    2    0    0    0]
 [  12    0 1067   13  105    0   12    0    5    0]
 [  26    2   14 1117   25    0   14    0    2    0]
 [   0    1  146   63  969    0   20    0    3    0]
 [   1    0    0    0    0 1118    0   22    1    8]
 [ 152    1  183   39  144    0  659    0   19    0]
 [   0    0    0    0    0   50    0 1097    0   55]
 [   2    2   11    6    7   10    3    5 1178    0]
 [   0    0    0    1    0   35    0   35    0 1150]]
Epoch: 16
TRAIN CROSS ENTROPY: 0.419424551681236
VALIDATION CROSS ENTROPY: 0.45351462374130885
VALIDATION CONFUSION MATRIX:
[[367   1  12  17   1   0  53   0   5   0]
 [  0 493   1  15   1   0   0   0   1   0]
 [  2   1 392   6  46   0   9   0   2   0]
 [ 13   4   7 452  16   0   5   0   1   0]
 [  1   0  44  22 384   0  10   0   2   0]
 [  0   0   0   1   0 435   0  10   0   5]
 [ 57   1  85   9  57   0 266   0   4   0]
 [  0   0   0   0   0  18   0 482   0  20]
 [  0   0   4   7   2   4   2   3 462   0]
 [  0   0   0   0   0   8   0  12   0 460]]
TEST CROSS ENTROPY: 0.4402888982693354
TEST CONFUSION MATRIX:
[[ 976    3   32   58    7    1  105    0   10    0]
 [   1 1166    5   23    1    0    2    0    0    0]
 [  11    0 1053   12  116    0   16    0    6    0]
 [  24    2   15 1117   24    0   17    0    1    0]
 [   0    1  136   66  977    0   17    0    5    0]
 [   0    0    1    0    0 1112    0   28    1    8]
 [ 146    1  168   37  150    0  678    0   17    0]
 [   0    0    0    0    0   46    0 1104    0   52]
 [   2    1   10    6    9    8    5    5 1178    0]
 [   0    0    0    1    0   34    0   38    0 1148]]
Epoch: 17
TRAIN CROSS ENTROPY: 0.41812348010363404
VALIDATION CROSS ENTROPY: 0.4546509372194608
VALIDATION CONFUSION MATRIX:
[[374   2  12  18   1   1  44   0   4   0]
 [  0 495   2  13   1   0   0   0   0   0]
 [  3   1 384   6  53   0  10   0   1   0]
 [ 15   4   5 452  16   0   5   0   1   0]
 [  1   0  53  21 375   0  12   0   1   0]
 [  0   0   0   1   0 433   0  11   0   6]
 [ 70   2  78  11  51   0 261   0   6   0]
 [  0   0   0   0   0  17   0 482   1  20]
 [  0   0   6   8   2   5   1   3 459   0]
 [  0   0   0   0   0   9   0  12   0 459]]
TEST CROSS ENTROPY: 0.44038385037581124
TEST CONFUSION MATRIX:
[[1008    3   35   52    4    2   79    0    9    0]
 [   1 1171    4   19    2    0    1    0    0    0]
 [  13    0 1058   14  108    0   16    0    5    0]
 [  26    3   15 1114   26    0   15    0    1    0]
 [   0    1  137   64  969    1   28    0    2    0]
 [   1    0    1    0    0 1111    0   29    1    7]
 [ 166    2  166   38  135    0  676    0   14    0]
 [   0    0    0    0    0   40    0 1110    0   52]
 [   4    2   11    6    6   11    4    6 1174    0]
 [   0    0    0    1    0   39    0   41    0 1140]]
Epoch: 18
TRAIN CROSS ENTROPY: 0.41524836320568015
VALIDATION CROSS ENTROPY: 0.45566243251164756
VALIDATION CONFUSION MATRIX:
[[381   2  12  13   1   1  41   0   5   0]
 [  0 495   2  13   1   0   0   0   0   0]
 [  2   1 398   6  40   0   9   0   2   0]
 [ 13   4   7 456  12   0   5   0   0   1]
 [  1   0  50  21 380   0  10   0   1   0]
 [  0   0   0   1   0 434   0  11   0   5]
 [ 77   1  83   9  53   0 250   0   6   0]
 [  0   0   0   0   0  16   0 483   1  20]
 [  0   0   5   8   2   3   1   3 462   0]
 [  0   0   0   0   0   8   0  12   0 460]]
TEST CROSS ENTROPY: 0.4417887270053228
TEST CONFUSION MATRIX:
[[1020    3   28   47    8    1   77    0    8    0]
 [   1 1166    5   22    2    0    2    0    0    0]
 [  15    0 1067   13   96    0   18    0    5    0]
 [  28    2   14 1114   23    0   18    0    1    0]
 [   0    1  152   69  958    1   18    0    3    0]
 [   1    0    0    1    0 1111    0   29    1    7]
 [ 176    1  175   39  145    0  646    0   15    0]
 [   0    0    0    0    0   41    0 1108    0   53]
 [   5    2   10    5    8    9    3    6 1176    0]
 [   0    0    0    1    0   37    0   40    0 1143]]
Epoch: 19
TRAIN CROSS ENTROPY: 0.41469580478138396
VALIDATION CROSS ENTROPY: 0.4530941406885783
VALIDATION CONFUSION MATRIX:
[[380   1  13  16   1   1  39   0   5   0]
 [  0 494   2  14   1   0   0   0   0   0]
 [  2   1 398   6  42   0   8   0   1   0]
 [ 15   4   6 453  14   0   5   0   0   1]
 [  1   0  50  20 379   0  12   0   1   0]
 [  0   0   0   1   0 434   0  10   0   6]
 [ 73   2  85   9  49   0 255   0   6   0]
 [  0   0   0   0   0  17   0 482   1  20]
 [  0   0   3   8   1   4   1   3 464   0]
 [  0   0   0   0   0   7   0  12   0 461]]
TEST CROSS ENTROPY: 0.4404416392246882
TEST CONFUSION MATRIX:
[[1013    3   27   54    7    2   78    0    8    0]
 [   1 1172    3   19    2    0    1    0    0    0]
 [  17    0 1060   10  102    0   18    0    7    0]
 [  28    2   14 1110   28    0   17    0    1    0]
 [   0    1  142   66  964    2   23    0    4    0]
 [   1    0    0    1    0 1111    0   27    1    9]
 [ 176    3  168   36  138    0  660    0   16    0]
 [   0    0    0    0    0   42    0 1107    0   53]
 [   5    2   11    6    6   11    3    5 1175    0]
 [   0    0    0    1    0   34    0   36    0 1150]]
Epoch: 20
TRAIN CROSS ENTROPY: 0.4146491214191472
VALIDATION CROSS ENTROPY: 0.4531913022200266
VALIDATION CONFUSION MATRIX:
[[367   1  14  21   0   0  48   0   5   0]
 [  0 494   2  14   1   0   0   0   0   0]
 [  3   1 388   6  48   0  10   0   2   0]
 [ 14   4   6 454  15   0   4   0   0   1]
 [  1   0  44  20 387   0  10   0   1   0]
 [  0   0   0   1   0 433   0  12   0   5]
 [ 67   2  78  10  53   0 263   0   6   0]
 [  0   0   0   0   0  21   0 471   1  27]
 [  0   0   2   7   2   5   1   3 464   0]
 [  0   0   0   0   0   5   0  10   0 465]]
TEST CROSS ENTROPY: 0.4379496289889018
TEST CONFUSION MATRIX:
[[ 997    3   27   56    8    2   91    0    8    0]
 [   0 1167    5   22    2    0    2    0    0    0]
 [  13    0 1050   13  114    0   20    0    4    0]
 [  24    2   11 1115   31    0   16    0    1    0]
 [   0    1  134   62  982    1   19    0    3    0]
 [   1    0    1    0    0 1111    0   25    1   11]
 [ 156    1  158   39  149    0  682    0   12    0]
 [   0    0    0    0    0   44    0 1099    0   59]
 [   5    2   10    5    9   13    2    5 1173    0]
 [   0    0    0    1    0   32    0   31    0 1157]]
Epoch: 21
TRAIN CROSS ENTROPY: 0.4140304229987992
VALIDATION CROSS ENTROPY: 0.4566439481576284
VALIDATION CONFUSION MATRIX:
[[373   1  13  19   1   0  43   0   6   0]
 [  0 494   2  14   1   0   0   0   0   0]
 [  2   1 397   6  43   0   7   0   2   0]
 [ 13   4   7 457  12   0   4   0   0   1]
 [  1   0  46  22 385   0   8   0   1   0]
 [  0   0   0   1   0 434   0  11   0   5]
 [ 68   1  85  12  55   0 250   0   8   0]
 [  0   0   0   0   0  16   0 482   1  21]
 [  0   0   3   7   2   4   1   3 464   0]
 [  0   0   0   0   0   7   0  12   0 461]]
TEST CROSS ENTROPY: 0.4428421980937322
TEST CONFUSION MATRIX:
[[ 994    3   33   59    7    2   86    0    8    0]
 [   0 1166    5   23    2    0    2    0    0    0]
 [  13    0 1063   14  108    0   11    0    5    0]
 [  25    2   11 1120   27    0   14    0    1    0]
 [   0    1  134   72  975    1   16    0    3    0]
 [   0    0    1    0    0 1113    0   28    2    6]
 [ 161    1  176   43  145    0  658    0   13    0]
 [   0    0    0    0    0   39    0 1106    0   57]
 [   4    2   12    5    9   10    1    5 1176    0]
 [   0    0    0    1    0   34    0   35    0 1151]]
Epoch: 22
TRAIN CROSS ENTROPY: 0.4118328571098822
VALIDATION CROSS ENTROPY: 0.45440362056096395
VALIDATION CONFUSION MATRIX:
[[379   1  13  17   1   1  39   0   5   0]
 [  0 494   2  14   1   0   0   0   0   0]
 [  2   1 398   6  43   0   6   0   2   0]
 [ 14   4   7 448  19   0   5   0   0   1]
 [  1   0  46  17 389   0   9   0   1   0]
 [  0   0   0   1   0 436   0   8   0   6]
 [ 68   2  85   7  54   0 258   0   5   0]
 [  0   0   0   0   0  23   0 468   1  28]
 [  0   0   2   6   3   6   1   3 463   0]
 [  0   0   0   0   0   8   0  10   0 462]]
TEST CROSS ENTROPY: 0.44006769863764444
TEST CONFUSION MATRIX:
[[1014    3   34   50    8    2   73    0    8    0]
 [   0 1172    5   18    2    0    1    0    0    0]
 [  13    0 1063   11  110    0   12    0    5    0]
 [  27    3   14 1103   37    0   15    0    1    0]
 [   0    1  127   56  991    1   23    0    3    0]
 [   0    0    0    0    0 1117    0   23    1    9]
 [ 164    2  171   32  152    0  664    0   12    0]
 [   0    0    0    0    0   48    0 1097    0   57]
 [   5    2   11    5    8   14    2    6 1171    0]
 [   0    0    0    1    0   40    0   29    0 1151]]
Epoch: 23
TRAIN CROSS ENTROPY: 0.41251223694395134
VALIDATION CROSS ENTROPY: 0.4530275931954384
VALIDATION CONFUSION MATRIX:
[[376   1  13  22   1   0  38   0   5   0]
 [  0 493   2  15   1   0   0   0   0   0]
 [  2   1 395   6  44   0   9   0   1   0]
 [ 14   4   5 457  13   0   4   0   0   1]
 [  1   0  47  22 380   0  12   0   1   0]
 [  0   0   0   1   0 436   0   8   0   6]
 [ 69   1  79  14  51   0 261   0   4   0]
 [  0   0   0   0   0  20   0 475   1  24]
 [  0   0   3   7   2   4   1   3 464   0]
 [  0   0   0   0   0   5   0  11   0 464]]
TEST CROSS ENTROPY: 0.43927799530824024
TEST CONFUSION MATRIX:
[[1014    3   26   58    8    2   73    0    8    0]
 [   0 1166    5   24    1    0    2    0    0    0]
 [  13    0 1055   15  107    0   18    0    6    0]
 [  24    2   13 1121   27    0   12    0    1    0]
 [   0    1  141   71  967    1   18    0    3    0]
 [   1    0    0    1    0 1109    0   28    1   10]
 [ 170    1  163   45  141    0  665    0   12    0]
 [   0    0    0    0    0   45    0 1102    0   55]
 [   4    2   11    6    8   12    2    6 1173    0]
 [   0    0    0    1    0   31    0   34    0 1155]]
Epoch: 24
TRAIN CROSS ENTROPY: 0.4106084390481313
VALIDATION CROSS ENTROPY: 0.44950098474820455
VALIDATION CONFUSION MATRIX:
[[376   1  11  15   1   0  45   0   7   0]
 [  0 494   2  14   1   0   0   0   0   0]
 [  2   1 393   6  44   0  10   0   2   0]
 [ 13   4   7 455  13   0   5   0   0   1]
 [  1   0  49  19 381   0  12   0   1   0]
 [  0   0   0   1   0 431   0  12   0   7]
 [ 61   2  79   8  47   0 276   0   6   0]
 [  0   0   0   0   0  22   0 474   1  23]
 [  0   0   2   6   2   5   1   3 465   0]
 [  0   0   0   0   0   5   0  11   0 464]]
TEST CROSS ENTROPY: 0.4346414893468221
TEST CONFUSION MATRIX:
[[ 989    3   32   55    5    2   98    0    8    0]
 [   0 1169    5   21    1    0    2    0    0    0]
 [  12    0 1052   14  107    0   23    0    6    0]
 [  26    2   15 1111   27    0   17    0    2    0]
 [   0    1  128   62  979    1   27    0    4    0]
 [   1    0    0    1    0 1106    0   29    1   12]
 [ 151    1  158   37  131    0  706    0   13    0]
 [   0    0    0    0    0   35    0 1109    0   58]
 [   4    2   11    5    7   10    3    5 1177    0]
 [   0    0    0    1    0   31    0   31    0 1158]]
Epoch: 25
TRAIN CROSS ENTROPY: 0.4112940677227797
VALIDATION CROSS ENTROPY: 0.44729352196057637
VALIDATION CONFUSION MATRIX:
[[377   1  11  16   1   0  43   0   7   0]
 [  0 494   1  14   1   0   0   0   1   0]
 [  2   1 394   6  43   0  10   0   2   0]
 [ 13   4   7 455  14   0   4   0   0   1]
 [  1   0  44  24 382   0  11   0   1   0]
 [  0   0   0   1   0 436   0   9   0   5]
 [ 67   2  76  11  46   0 273   0   4   0]
 [  0   0   0   0   0  18   0 480   1  21]
 [  0   1   2   8   1   4   1   3 464   0]
 [  0   0   0   0   0   9   0  12   0 459]]
TEST CROSS ENTROPY: 0.43546198201179503
TEST CONFUSION MATRIX:
[[1002    3   26   58    7    2   87    0    7    0]
 [   0 1168    5   22    1    0    2    0    0    0]
 [  13    0 1055   15  105    0   22    0    4    0]
 [  25    3    8 1122   23    0   18    0    1    0]
 [   0    1  130   71  972    1   24    0    3    0]
 [   1    0    0    0    0 1114    0   28    1    6]
 [ 158    3  153   42  132    0  696    0   13    0]
 [   0    0    0    0    0   38    0 1117    0   47]
 [   5    2   11    7    6   11    2    6 1174    0]
 [   0    0    0    1    0   41    0   43    0 1136]]
Epoch: 26
TRAIN CROSS ENTROPY: 0.4105076483885447
VALIDATION CROSS ENTROPY: 0.45441067467133206
VALIDATION CONFUSION MATRIX:
[[378   1  11  15   1   0  44   0   6   0]
 [  0 494   1  14   1   0   0   0   1   0]
 [  2   1 401   6  38   0   8   0   2   0]
 [ 13   4   8 455  14   0   3   0   0   1]
 [  1   0  52  22 378   0   9   0   1   0]
 [  0   0   0   1   0 435   0   9   0   6]
 [ 66   2  89   6  54   0 258   0   4   0]
 [  0   0   0   0   0  21   0 478   1  20]
 [  0   1   3   5   1   5   1   3 465   0]
 [  0   0   0   0   0  10   0  13   0 457]]
TEST CROSS ENTROPY: 0.4412145375410716
TEST CONFUSION MATRIX:
[[1004    3   32   49    5    3   88    0    8    0]
 [   0 1172    5   18    1    0    2    0    0    0]
 [  13    0 1073   13   95    0   15    0    5    0]
 [  26    2   15 1119   22    0   15    0    1    0]
 [   0    1  147   67  961    1   22    0    3    0]
 [   0    0    0    0    0 1116    0   26    1    7]
 [ 154    2  183   39  141    0  665    0   13    0]
 [   0    0    0    0    0   40    0 1121    1   40]
 [   4    2   11    6    7   13    3    6 1172    0]
 [   0    0    0    1    0   37    0   45    0 1138]]
Epoch: 27
TRAIN CROSS ENTROPY: 0.41002289043532475
VALIDATION CROSS ENTROPY: 0.4586962083975474
VALIDATION CONFUSION MATRIX:
[[379   1  11  17   1   0  41   0   6   0]
 [  0 494   1  14   1   0   0   0   1   0]
 [  2   1 395   6  44   0   8   0   2   0]
 [ 13   4   9 456  12   0   3   0   0   1]
 [  1   0  53  22 378   0   7   0   2   0]
 [  0   0   0   1   0 437   0   7   0   6]
 [ 69   2  85   8  55   0 253   0   7   0]
 [  0   0   0   0   0  31   0 466   1  22]
 [  0   1   2   6   1   4   1   3 466   0]
 [  0   0   0   0   0  12   0  11   0 457]]
TEST CROSS ENTROPY: 0.4444489374558131
TEST CONFUSION MATRIX:
[[1001    3   32   56    7    2   84    0    7    0]
 [   0 1173    5   18    1    0    1    0    0    0]
 [  13    0 1059   14  108    0   15    0    5    0]
 [  25    2   17 1119   21    0   14    0    2    0]
 [   0    1  132   75  971    1   18    0    4    0]
 [   0    0    1    0    0 1121    0   20    1    7]
 [ 159    2  174   39  143    0  667    0   13    0]
 [   0    0    0    0    0   50    0 1101    0   51]
 [   5    2   11    6    8   14    2    6 1170    0]
 [   0    1    0    0    0   44    0   34    0 1142]]
Epoch: 28
TRAIN CROSS ENTROPY: 0.40899507965202686
VALIDATION CROSS ENTROPY: 0.46567086726427076
VALIDATION CONFUSION MATRIX:
[[383   1  11  21   1   0  32   0   7   0]
 [  0 493   1  15   1   0   0   0   1   0]
 [  2   1 395   6  45   0   7   0   2   0]
 [ 13   4   7 459  11   0   3   0   0   1]
 [  1   0  49  24 382   0   6   0   1   0]
 [  0   0   0   1   0 436   0   8   0   6]
 [ 76   2  87  13  60   0 235   0   6   0]
 [  0   0   0   0   0  35   0 458   1  26]
 [  0   1   2   7   1   5   1   3 464   0]
 [  0   0   0   0   0  11   0  10   0 459]]
TEST CROSS ENTROPY: 0.45114153174559274
TEST CONFUSION MATRIX:
[[1012    3   28   66    5    2   68    0    8    0]
 [   0 1170    5   21    0    0    2    0    0    0]
 [  14    0 1052   16  111    0   15    0    6    0]
 [  17    3   12 1132   21    0   14    0    1    0]
 [   0    1  130   78  975    2   13    0    3    0]
 [   0    0    0    0    0 1121    0   19    1    9]
 [ 170    3  181   49  155    0  625    0   14    0]
 [   0    0    0    0    0   51    0 1095    1   55]
 [   5    2   10    6    7   14    0    6 1174    0]
 [   0    1    0    0    0   38    0   31    0 1151]]
Epoch: 29
TRAIN CROSS ENTROPY: 0.40809032678604124
VALIDATION CROSS ENTROPY: 0.46119268506765365
VALIDATION CONFUSION MATRIX:
[[388   1  11  20   1   0  29   0   6   0]
 [  0 494   1  14   1   0   0   0   1   0]
 [  2   1 391   6  48   0   8   0   2   0]
 [ 13   4   8 456  13   0   3   0   0   1]
 [  1   0  46  23 386   0   6   0   1   0]
 [  0   0   0   1   0 435   0   9   0   6]
 [ 81   2  84  13  57   0 236   0   6   0]
 [  0   0   0   0   0  26   0 471   1  22]
 [  0   0   2   8   1   5   1   3 464   0]
 [  0   0   0   0   0  10   0  12   0 458]]
TEST CROSS ENTROPY: 0.44716925569375354
TEST CONFUSION MATRIX:
[[1025    3   27   61    6    2   61    0    7    0]
 [   0 1169    5   21    1    0    2    0    0    0]
 [  14    0 1057   15  107    0   16    0    5    0]
 [  24    2   12 1125   20    0   15    0    2    0]
 [   0    1  132   75  974    2   15    0    3    0]
 [   1    0    1    0    0 1116    0   22    1    9]
 [ 189    3  167   43  156    0  625    0   14    0]
 [   0    0    0    0    0   43    0 1107    1   51]
 [   5    1    7    7    8   14    3    6 1173    0]
 [   0    1    0    0    0   39    0   41    0 1140]]
Epoch: 30
TRAIN CROSS ENTROPY: 0.4074895753463109
VALIDATION CROSS ENTROPY: 0.46217270543177924
VALIDATION CONFUSION MATRIX:
[[381   1  11  22   1   0  33   0   7   0]
 [  0 493   1  15   1   0   0   0   1   0]
 [  2   1 398   6  41   0   8   0   2   0]
 [ 13   3   8 458  12   0   3   0   0   1]
 [  1   0  49  25 378   0   9   0   1   0]
 [  0   0   0   1   0 436   0   8   0   6]
 [ 76   2  82  15  57   0 243   0   4   0]
 [  0   0   0   0   0  27   0 463   1  29]
 [  0   0   3   8   1   5   1   3 463   0]
 [  0   0   0   0   0  10   0   9   0 461]]
TEST CROSS ENTROPY: 0.4482105708122253
TEST CONFUSION MATRIX:
[[1007    3   28   68    5    3   71    0    7    0]
 [   0 1169    5   22    0    0    2    0    0    0]
 [  13    0 1055   16  105    0   20    0    5    0]
 [  17    3   11 1133   22    0   13    0    1    0]
 [   0    1  131   77  974    2   15    0    2    0]
 [   0    0    0    0    0 1114    0   23    1   12]
 [ 177    3  166   49  148    0  641    0   13    0]
 [   0    0    0    0    0   41    0 1101    1   59]
 [   5    2   11    6    7   14    1    6 1171    1]
 [   0    1    0    0    0   37    0   30    0 1153]]
Epoch: 31
TRAIN CROSS ENTROPY: 0.40713471854174577
VALIDATION CROSS ENTROPY: 0.46385037630796433
VALIDATION CONFUSION MATRIX:
[[384   1  12  18   0   0  34   0   7   0]
 [  0 494   1  14   1   0   0   0   1   0]
 [  2   1 399   6  39   0   9   0   2   0]
 [ 13   3   7 459  12   0   3   0   0   1]
 [  1   0  58  23 374   0   6   0   1   0]
 [  0   0   0   1   0 436   0   9   0   5]
 [ 78   2  87  12  60   1 236   0   3   0]
 [  0   0   0   0   0  25   0 469   1  25]
 [  0   0   3   8   1   5   1   3 463   0]
 [  0   0   0   0   0  11   0  11   0 458]]
TEST CROSS ENTROPY: 0.4499340271949768
TEST CONFUSION MATRIX:
[[1006    3   33   60    6    2   75    0    7    0]
 [   0 1170    5   20    1    0    2    0    0    0]
 [  13    0 1066   14   99    0   17    0    5    0]
 [  17    2   13 1128   25    0   14    0    1    0]
 [   0    1  146   74  960    2   16    0    3    0]
 [   1    0    0    0    0 1118    0   24    1    6]
 [ 172    2  180   44  150    0  636    0   13    0]
 [   0    0    0    0    0   46    0 1105    0   51]
 [   5    2   11    6    7   14    1    6 1172    0]
 [   0    1    0    0    0   41    0   33    0 1146]]
Epoch: 32
TRAIN CROSS ENTROPY: 0.4063478652967347
VALIDATION CROSS ENTROPY: 0.46092726866404216
VALIDATION CONFUSION MATRIX:
[[381   1  11  19   1   0  37   0   6   0]
 [  0 494   1  14   1   0   0   0   1   0]
 [  3   1 396   6  41   0  10   0   1   0]
 [ 13   4   8 457  12   0   3   0   0   1]
 [  1   0  54  20 376   0  11   0   1   0]
 [  0   0   0   1   0 436   0   9   0   5]
 [ 74   2  77  11  54   1 256   0   4   0]
 [  0   0   0   0   0  29   0 466   1  24]
 [  0   1   4   6   1   5   1   3 463   0]
 [  0   0   0   0   0  10   0  10   0 460]]
TEST CROSS ENTROPY: 0.4462288691997528
TEST CONFUSION MATRIX:
[[1008    3   31   57    7    2   77    0    7    0]
 [   0 1171    5   19    1    0    2    0    0    0]
 [  13    0 1053   15  108    0   20    0    5    0]
 [  21    3   13 1124   23    0   15    0    1    0]
 [   0    1  134   72  969    2   21    0    3    0]
 [   0    0    1    0    0 1120    0   21    1    7]
 [ 167    1  163   44  142    0  667    0   13    0]
 [   0    0    0    0    0   53    0 1097    0   52]
 [   4    2    9    6    7   14    4    6 1171    1]
 [   0    1    0    0    0   43    0   37    0 1140]]
Epoch: 33
TRAIN CROSS ENTROPY: 0.40645909675845393
VALIDATION CROSS ENTROPY: 0.4739027630289396
VALIDATION CONFUSION MATRIX:
[[387   1  12  21   1   0  28   0   6   0]
 [  0 494   2  14   1   0   0   0   0   0]
 [  2   1 394   6  45   0   9   0   1   0]
 [ 13   3   8 458  13   0   2   0   0   1]
 [  1   0  61  24 369   0   7   0   1   0]
 [  0   0   0   1   0 438   0   7   0   5]
 [ 81   2  90  12  57   1 232   0   4   0]
 [  0   0   0   0   0  33   0 461   1  25]
 [  0   1   4   8   1   5   1   3 461   0]
 [  0   0   0   0   0  11   0  11   0 458]]
TEST CROSS ENTROPY: 0.45830951380729673
TEST CONFUSION MATRIX:
[[1019    3   34   60    4    2   63    0    7    0]
 [   0 1173    5   18    0    0    2    0    0    0]
 [  15    0 1065   15   99    0   16    0    4    0]
 [  20    3   15 1129   21    0   11    0    1    0]
 [   0    1  153   78  953    2   13    0    2    0]
 [   0    0    0    1    0 1122    0   20    1    6]
 [ 193    2  192   43  153    0  605    0    9    0]
 [   0    0    0    0    0   51    0 1101    0   50]
 [   6    2   12    6    7   13    1    6 1170    1]
 [   0    1    0    0    0   42    0   33    0 1145]]
Epoch: 34
TRAIN CROSS ENTROPY: 0.40556895040803487
VALIDATION CROSS ENTROPY: 0.46288926819960274
VALIDATION CONFUSION MATRIX:
[[388   1  12  19   1   0  29   0   6   0]
 [  0 494   1  14   1   0   0   0   1   0]
 [  3   1 387   6  50   0  10   0   1   0]
 [ 14   4   8 455  13   0   3   0   0   1]
 [  1   0  52  22 377   0  10   0   1   0]
 [  0   0   0   1   0 436   0   9   0   5]
 [ 77   2  83  11  57   1 244   0   4   0]
 [  0   0   0   0   0  31   0 462   1  26]
 [  0   1   3   6   1   5   2   3 463   0]
 [  0   0   0   0   0  11   0  10   0 459]]
TEST CROSS ENTROPY: 0.4492375636100769
TEST CONFUSION MATRIX:
[[1016    3   30   58    6    3   69    0    7    0]
 [   0 1171    5   19    1    0    2    0    0    0]
 [  12    0 1046   15  114    0   22    0    5    0]
 [  22    2   13 1124   23    1   14    0    1    0]
 [   0    1  130   71  977    2   18    0    3    0]
 [   0    0    0    0    0 1120    0   23    1    6]
 [ 178    1  167   40  150    0  649    0   12    0]
 [   0    0    0    0    0   50    0 1099    0   53]
 [   6    2   11    6    7   14    1    6 1170    1]
 [   0    1    0    0    0   42    0   33    0 1145]]
Epoch: 35
TRAIN CROSS ENTROPY: 0.40620602803097833
VALIDATION CROSS ENTROPY: 0.4647238323092461
VALIDATION CONFUSION MATRIX:
[[386   1  11  19   1   0  32   0   6   0]
 [  0 494   1  14   1   0   0   0   1   0]
 [  3   1 389   6  48   0  10   0   1   0]
 [ 14   4   8 454  14   0   3   0   0   1]
 [  1   0  46  18 393   0   5   0   0   0]
 [  0   0   0   1   0 438   0   7   0   5]
 [ 74   2  80  11  61   1 246   0   4   0]
 [  0   0   0   0   0  32   0 460   1  27]
 [  0   1   3   5   1   5   1   3 465   0]
 [  0   0   0   0   0  10   0  10   0 460]]
STOPPING EPOCH 35
