WARNING:tensorflow:From /util/opt/anaconda/deployed-conda-envs/packages/tensorflow-gpu/envs/tensorflow-gpu-1.7.0-py36/lib/python3.6/site-packages/tensorflow/contrib/learn/python/learn/datasets/base.py:198: retry (from tensorflow.contrib.learn.python.learn.datasets.base) is deprecated and will be removed in a future version.
Instructions for updating:
Use the retry module or similar alternatives.
43200
4800
12000
2019-02-06 22:49:49.291354: I tensorflow/core/platform/cpu_feature_guard.cc:140] Your CPU supports instructions that this TensorFlow binary was not compiled to use: AVX AVX2 AVX512F FMA
2019-02-06 22:49:49.484448: I tensorflow/core/common_runtime/gpu/gpu_device.cc:1344] Found device 0 with properties: 
name: Tesla P100-PCIE-16GB major: 6 minor: 0 memoryClockRate(GHz): 1.3285
pciBusID: 0000:3b:00.0
totalMemory: 15.90GiB freeMemory: 15.61GiB
2019-02-06 22:49:49.484541: I tensorflow/core/common_runtime/gpu/gpu_device.cc:1423] Adding visible gpu devices: 0
2019-02-06 22:49:49.786287: I tensorflow/core/common_runtime/gpu/gpu_device.cc:911] Device interconnect StreamExecutor with strength 1 edge matrix:
2019-02-06 22:49:49.786884: I tensorflow/core/common_runtime/gpu/gpu_device.cc:917]      0 
2019-02-06 22:49:49.786937: I tensorflow/core/common_runtime/gpu/gpu_device.cc:930] 0:   N 
2019-02-06 22:49:49.787647: I tensorflow/core/common_runtime/gpu/gpu_device.cc:1041] Created TensorFlow device (/job:localhost/replica:0/task:0/device:GPU:0 with 15142 MB memory) -> physical GPU (device: 0, name: Tesla P100-PCIE-16GB, pci bus id: 0000:3b:00.0, compute capability: 6.0)
Epoch: 0
TRAIN CROSS ENTROPY: 0.9161043732916867
VALIDATION CROSS ENTROPY: 0.6975740458567937
VALIDATION CONFUSION MATRIX:
[[375   5   4  22   1   0  40   0   3   0]
 [  4 505   8  12   2   0   2   0   1   0]
 [  8   0 303   1  65   1  32   0   3   0]
 [ 19   9   2 430  39   0  11   0   4   0]
 [  1   2  43   5 385   0  38   0   4   0]
 [  1   1   0   1   0 439   0  33   4  23]
 [ 77   1  77  22  50   0 262   0  10   1]
 [  0   0   0   0   0   9   0 436   0  40]
 [  0   1   2   6   1   2   6   3 442   1]
 [  0   0   0   0   0   1   0   7   0 452]]
TEST CROSS ENTROPY: 0.7135274589061738
TEST CONFUSION MATRIX:
[[ 954   14   16   53    4    2   83    0    9    1]
 [   3 1162   12   30    4    0    2    0    0    0]
 [  12    1  905    4  167    2   82    0   19    0]
 [  38   21   16  984   67    0   43    0    3    0]
 [   3    2  113   30  965    0  103    0    8    0]
 [   0    0    0    2    0 1067    0   63    6   89]
 [ 167    3  163   28  138    0  668    0   22    0]
 [   0    0    0    0    0   27    0 1049    6  145]
 [   0    0    4   15    3    6   23   10 1137    0]
 [   0    0    0    0    0   10    0   34    1 1177]]
Epoch: 1
TRAIN CROSS ENTROPY: 0.6812130277907407
VALIDATION CROSS ENTROPY: 0.6257192325592041
VALIDATION CONFUSION MATRIX:
[[377   4   5  17   0   0  46   0   1   0]
 [  5 511   5   9   2   0   1   0   1   0]
 [  5   0 306   1  64   1  33   0   3   0]
 [ 18   7   3 429  40   0  13   0   4   0]
 [  1   1  42   4 388   0  39   0   3   0]
 [  1   1   0   1   0 452   0  24   3  20]
 [ 76   1  70  15  43   0 286   0   8   1]
 [  0   0   0   0   0  14   0 440   0  31]
 [  0   1   2   3   0   3   3   2 449   1]
 [  0   0   0   0   0   1   0   6   0 453]]
TEST CROSS ENTROPY: 0.6377916275660197
TEST CONFUSION MATRIX:
[[ 965   10   17   39    4    2   90    0    8    1]
 [   6 1173    5   23    5    0    1    0    0    0]
 [  13    1  912    6  160    4   81    0   15    0]
 [  37   22   18  987   65    0   41    0    2    0]
 [   3    1  105   25  987    0   96    0    7    0]
 [   1    0    0    1    0 1114    0   48    6   57]
 [ 157    3  146   28  121    0  714    0   20    0]
 [   0    0    0    0    0   24    0 1064    6  133]
 [   1    0    3   10    5    3   23    9 1144    0]
 [   0    0    0    0    0   12    0   21    1 1188]]
Epoch: 2
TRAIN CROSS ENTROPY: 0.6209139450611891
VALIDATION CROSS ENTROPY: 0.58716071108977
VALIDATION CONFUSION MATRIX:
[[378   2   6  12   0   0  51   0   1   0]
 [  6 512   5   8   1   0   1   0   1   0]
 [  5   0 311   1  63   1  29   0   3   0]
 [ 19   7   3 431  38   0  12   0   4   0]
 [  1   1  36   4 396   0  38   0   2   0]
 [  1   0   0   1   0 460   0  20   3  17]
 [ 74   1  65  12  41   0 300   0   6   1]
 [  0   0   0   0   0  11   0 444   0  30]
 [  0   1   3   3   1   3   4   3 446   0]
 [  0   0   0   0   0   0   0   5   0 455]]
TEST CROSS ENTROPY: 0.5974673255284627
TEST CONFUSION MATRIX:
[[ 965    9   17   34    4    2   96    0    8    1]
 [   6 1173    4   23    6    0    1    0    0    0]
 [  12    1  917    8  160    4   79    0   11    0]
 [  38   23   17  990   69    0   34    0    1    0]
 [   3    1   96   24  992    0  101    0    7    0]
 [   1    0    0    1    0 1125    0   41    6   53]
 [ 152    3  139   26  112    0  738    0   19    0]
 [   0    0    0    0    0   19    0 1074    6  128]
 [   3    0    4    9    5    4   19    9 1145    0]
 [   0    0    0    0    0   11    0   20    1 1190]]
Epoch: 3
TRAIN CROSS ENTROPY: 0.5827934829394023
VALIDATION CROSS ENTROPY: 0.5610480058193207
VALIDATION CONFUSION MATRIX:
[[377   1   7  11   0   0  53   0   1   0]
 [  6 512   5   8   1   0   1   0   1   0]
 [  5   1 315   1  62   0  26   0   3   0]
 [ 19   7   2 432  39   0  11   0   4   0]
 [  1   1  35   3 398   0  38   0   2   0]
 [  1   0   0   1   0 463   0  20   3  14]
 [ 73   1  62  13  38   0 306   0   6   1]
 [  0   0   0   0   0  15   0 438   0  32]
 [  0   1   4   3   0   2   4   3 446   1]
 [  0   0   0   0   0   0   0   5   0 455]]
TEST CROSS ENTROPY: 0.5703900511264801
TEST CONFUSION MATRIX:
[[ 971    7   19   31    4    1   95    0    7    1]
 [   4 1175    4   22    6    0    2    0    0    0]
 [  11    1  923    9  160    4   75    0    9    0]
 [  32   24   17  994   69    0   35    0    1    0]
 [   2    1   95   24  996    0   99    0    7    0]
 [   1    0    0    1    0 1135    0   35    6   49]
 [ 150    3  133   25  113    0  746    0   19    0]
 [   0    0    0    0    0   16    0 1076    5  130]
 [   2    0    5    8    5    4   19    9 1146    0]
 [   0    0    0    0    0   11    0   16    1 1194]]
Epoch: 4
TRAIN CROSS ENTROPY: 0.5547122976956544
VALIDATION CROSS ENTROPY: 0.5412913149595261
VALIDATION CONFUSION MATRIX:
[[378   1   7  12   0   0  51   0   1   0]
 [  5 513   5   8   1   0   1   0   1   0]
 [  5   0 316   2  63   0  23   0   4   0]
 [ 19   7   3 433  39   0  10   0   3   0]
 [  1   1  34   4 400   0  36   0   2   0]
 [  1   0   0   1   0 465   0  19   3  13]
 [ 68   1  62  13  40   0 310   0   5   1]
 [  0   0   0   0   0  15   0 436   0  34]
 [  0   1   4   3   0   2   4   3 447   0]
 [  0   0   0   0   0   0   0   5   0 455]]
TEST CROSS ENTROPY: 0.5502742547194163
TEST CONFUSION MATRIX:
[[ 974    7   18   29    4    1   94    0    8    1]
 [   4 1174    4   23    6    0    2    0    0    0]
 [  11    1  928   10  156    4   74    0    8    0]
 [  31   21   17  997   71    0   34    0    1    0]
 [   2    1   94   23 1002    0   97    0    5    0]
 [   1    0    0    1    0 1143    0   33    6   43]
 [ 147    3  131   26  111    0  753    0   18    0]
 [   0    0    0    0    0   18    0 1073    6  130]
 [   2    0    5    6    5    3   19    9 1149    0]
 [   0    0    0    0    0   10    0   15    1 1196]]
Epoch: 5
TRAIN CROSS ENTROPY: 0.5325822230290483
VALIDATION CROSS ENTROPY: 0.5254353241125742
VALIDATION CONFUSION MATRIX:
[[379   1   6  12   0   0  51   0   1   0]
 [  5 513   5   8   1   0   1   0   1   0]
 [  6   0 316   2  64   0  22   0   3   0]
 [ 21   7   3 436  34   0  10   0   3   0]
 [  1   1  33   5 400   0  36   0   2   0]
 [  1   0   0   1   0 466   0  18   2  14]
 [ 67   1  61  13  39   0 314   0   4   1]
 [  0   0   0   0   0  17   0 433   0  35]
 [  1   1   3   4   0   2   3   3 446   1]
 [  0   0   0   0   0   0   0   5   0 455]]
TEST CROSS ENTROPY: 0.534295086701711
TEST CONFUSION MATRIX:
[[ 976    5   18   29    5    0   95    0    7    1]
 [   5 1174    4   23    5    0    1    0    1    0]
 [  11    1  937   11  151    4   70    0    7    0]
 [  30   21   17  999   70    0   34    0    1    0]
 [   3    1   95   21 1004    0   96    0    4    0]
 [   1    0    0    1    0 1147    0   31    6   41]
 [ 147    3  127   26  100    0  767    0   19    0]
 [   0    0    0    0    0   18    0 1073    6  130]
 [   2    0    5    6    4    3   18    9 1151    0]
 [   0    0    0    0    0   10    0   14    1 1197]]
Epoch: 6
TRAIN CROSS ENTROPY: 0.514246209970227
VALIDATION CROSS ENTROPY: 0.512052193681399
VALIDATION CONFUSION MATRIX:
[[380   1   6  12   0   0  50   0   1   0]
 [  5 514   5   7   1   0   2   0   0   0]
 [  6   0 318   2  64   0  21   0   2   0]
 [ 21   6   4 437  33   0  10   0   3   0]
 [  1   1  33   5 403   0  34   0   1   0]
 [  1   0   0   1   0 467   0  18   1  14]
 [ 68   1  60  13  38   0 315   0   4   1]
 [  0   0   0   0   0  17   0 432   0  36]
 [  1   1   3   4   0   3   3   3 446   0]
 [  0   0   0   0   0   0   0   4   0 456]]
TEST CROSS ENTROPY: 0.5207510210673014
TEST CONFUSION MATRIX:
[[ 978    5   17   30    4    0   94    0    7    1]
 [   4 1175    5   22    5    0    1    0    1    0]
 [  11    1  943   11  148    4   67    0    7    0]
 [  30   21   16  999   71    0   34    0    1    0]
 [   3    1   93   21 1009    0   93    0    4    0]
 [   1    0    0    1    0 1150    0   28    6   41]
 [ 149    3  126   25   97    0  771    0   18    0]
 [   0    0    0    0    0   19    0 1072    6  130]
 [   2    0    6    5    4    3   17    9 1152    0]
 [   0    0    0    0    0   10    0   14    1 1197]]
Epoch: 7
TRAIN CROSS ENTROPY: 0.49869761096106635
VALIDATION CROSS ENTROPY: 0.5007793265581131
VALIDATION CONFUSION MATRIX:
[[381   1   6  12   0   0  49   0   1   0]
 [  5 514   5   7   1   0   2   0   0   0]
 [  7   0 319   2  64   0  19   0   2   0]
 [ 20   6   4 442  31   0   9   0   2   0]
 [  1   1  34   5 402   0  34   0   1   0]
 [  1   0   0   1   0 468   0  17   1  14]
 [ 68   1  57  13  37   0 319   0   4   1]
 [  0   0   0   0   0  17   0 431   0  37]
 [  1   1   3   4   0   3   4   3 445   0]
 [  0   0   0   0   0   0   0   4   0 456]]
TEST CROSS ENTROPY: 0.5096654118299484
TEST CONFUSION MATRIX:
[[ 976    5   16   33    4    0   93    0    8    1]
 [   4 1175    5   22    5    0    1    0    1    0]
 [  11    1  949   11  142    4   69    0    5    0]
 [  31   18   16 1004   69    0   33    0    1    0]
 [   2    1   93   21 1010    0   93    0    4    0]
 [   1    0    0    1    0 1152    0   28    5   40]
 [ 141    3  123   25   96    0  783    0   18    0]
 [   0    0    0    0    0   20    0 1075    6  126]
 [   2    0    6    6    4    3   18    9 1150    0]
 [   0    0    0    0    0   10    0   14    1 1197]]
Epoch: 8
TRAIN CROSS ENTROPY: 0.4851775351166725
VALIDATION CROSS ENTROPY: 0.49141847997903826
VALIDATION CONFUSION MATRIX:
[[380   1   6  10   0   0  52   0   1   0]
 [  5 514   5   7   1   0   2   0   0   0]
 [  7   0 321   2  62   0  19   0   2   0]
 [ 20   5   4 444  29   0  10   0   2   0]
 [  1   1  33   5 403   0  34   0   1   0]
 [  1   0   0   1   0 469   0  17   1  13]
 [ 67   1  55  13  38   0 321   0   4   1]
 [  0   0   0   0   0  16   0 430   0  39]
 [  2   1   3   4   0   3   4   2 444   1]
 [  0   0   0   0   0   0   0   4   0 456]]
TEST CROSS ENTROPY: 0.5001628650824229
TEST CONFUSION MATRIX:
[[ 976    4   13   34    4    0   97    0    7    1]
 [   4 1176    5   22    4    0    1    0    1    0]
 [   9    1  951   12  142    2   70    0    5    0]
 [  30   18   16 1005   69    0   33    0    1    0]
 [   2    1   94   21 1011    0   91    0    4    0]
 [   1    0    0    1    0 1153    0   27    5   40]
 [ 140    3  122   25   97    0  784    0   18    0]
 [   0    0    0    0    0   21    0 1075    6  125]
 [   2    0    6    4    5    2   17    8 1154    0]
 [   0    0    0    0    0   10    0   14    1 1197]]
Epoch: 9
TRAIN CROSS ENTROPY: 0.47346862847054444
VALIDATION CROSS ENTROPY: 0.48229094962279
VALIDATION CONFUSION MATRIX:
[[380   1   6  10   0   0  52   0   1   0]
 [  4 515   5   7   1   0   2   0   0   0]
 [  7   0 321   2  61   1  20   0   1   0]
 [ 19   5   4 446  28   0  10   0   2   0]
 [  1   1  31   5 404   0  35   0   1   0]
 [  1   0   0   1   0 470   0  16   1  13]
 [ 64   1  53  14  37   0 327   0   3   1]
 [  0   0   0   0   0  17   0 431   0  37]
 [  2   1   3   4   0   3   4   2 444   1]
 [  0   0   0   0   0   0   0   4   0 456]]
TEST CROSS ENTROPY: 0.4912170080343882
TEST CONFUSION MATRIX:
[[ 977    4   11   34    3    0   99    0    7    1]
 [   4 1177    5   20    4    0    2    0    1    0]
 [   9    1  954   12  137    2   72    0    5    0]
 [  32   16   16 1004   70    0   33    0    1    0]
 [   2    1   94   21 1012    0   89    0    5    0]
 [   1    0    0    1    0 1155    0   26    5   39]
 [ 138    3  118   25   94    0  794    0   17    0]
 [   0    0    0    0    0   22    0 1076    6  123]
 [   2    0    6    5    4    2   15    8 1156    0]
 [   0    0    0    0    0    9    0   13    1 1199]]
Epoch: 10
TRAIN CROSS ENTROPY: 0.4631224238541391
VALIDATION CROSS ENTROPY: 0.47542651057243346
VALIDATION CONFUSION MATRIX:
[[379   1   6  10   0   0  53   0   1   0]
 [  4 514   6   7   1   0   2   0   0   0]
 [  7   0 321   2  61   1  20   0   1   0]
 [ 16   5   4 448  29   0  10   0   2   0]
 [  1   1  31   5 405   0  34   0   1   0]
 [  1   0   0   1   0 471   0  15   1  13]
 [ 65   1  53  13  37   0 327   0   3   1]
 [  0   0   0   0   0  17   0 431   0  37]
 [  2   1   3   4   0   3   3   2 445   1]
 [  0   0   0   0   0   0   0   4   0 456]]
TEST CROSS ENTROPY: 0.4842661761045456
TEST CONFUSION MATRIX:
[[ 978    4   11   34    3    0   98    0    7    1]
 [   4 1177    5   20    4    0    2    0    1    0]
 [  11    0  952   12  135    1   76    0    5    0]
 [  32   16   16 1005   70    0   32    0    1    0]
 [   2    1   91   21 1013    0   92    0    4    0]
 [   0    0    0    1    0 1157    0   26    5   38]
 [ 136    3  114   23   93    0  802    0   18    0]
 [   0    0    0    0    0   23    0 1074    6  124]
 [   2    0    6    4    5    2   15    8 1156    0]
 [   0    0    0    0    0    9    0   13    1 1199]]
Epoch: 11
TRAIN CROSS ENTROPY: 0.4539142746064398
VALIDATION CROSS ENTROPY: 0.46934258709351223
VALIDATION CONFUSION MATRIX:
[[380   0   6  10   0   0  53   0   1   0]
 [  4 514   6   7   1   0   2   0   0   0]
 [  7   0 321   2  60   1  21   0   1   0]
 [ 15   6   4 449  29   0   9   0   2   0]
 [  1   1  31   5 406   0  33   0   1   0]
 [  1   0   0   1   0 471   0  15   1  13]
 [ 65   1  54  13  38   0 325   0   3   1]
 [  0   0   0   0   0  16   0 431   0  38]
 [  2   1   3   4   0   3   3   2 445   1]
 [  0   0   0   0   0   0   0   4   0 456]]
TEST CROSS ENTROPY: 0.47813443128267924
TEST CONFUSION MATRIX:
[[ 974    4   11   34    3    0  102    0    7    1]
 [   4 1177    5   20    4    0    2    0    1    0]
 [  12    0  960   12  132    0   71    0    5    0]
 [  29   15   15 1009   69    0   34    0    1    0]
 [   2    1   90   21 1012    0   94    0    4    0]
 [   0    0    0    1    0 1158    0   25    5   38]
 [ 135    3  112   24   91    0  806    0   18    0]
 [   0    0    0    0    0   22    0 1073    6  126]
 [   2    0    6    5    5    2   15    8 1155    0]
 [   0    0    0    0    0    9    0   13    1 1199]]
Epoch: 12
TRAIN CROSS ENTROPY: 0.445673277300817
VALIDATION CROSS ENTROPY: 0.4639151217540105
VALIDATION CONFUSION MATRIX:
[[380   0   6  10   0   0  53   0   1   0]
 [  4 515   5   7   1   0   2   0   0   0]
 [  8   0 321   2  59   1  21   0   1   0]
 [ 15   6   4 449  29   0   9   0   2   0]
 [  1   1  30   5 407   0  33   0   1   0]
 [  1   0   0   1   0 471   0  15   1  13]
 [ 63   1  54  14  37   0 327   0   3   1]
 [  0   0   0   0   0  16   0 431   0  38]
 [  2   1   4   4   0   3   3   2 444   1]
 [  0   0   0   0   0   0   0   4   0 456]]
TEST CROSS ENTROPY: 0.4725048261880875
TEST CONFUSION MATRIX:
[[ 973    3   14   35    4    0   99    0    7    1]
 [   4 1178    5   20    3    0    2    0    1    0]
 [  11    0  962   12  130    0   72    0    5    0]
 [  27   15   16 1011   70    0   32    0    1    0]
 [   2    1   93   20 1010    0   94    0    4    0]
 [   0    0    0    1    0 1158    0   25    5   38]
 [ 135    3  112   24   91    0  806    0   18    0]
 [   0    0    0    0    0   21    0 1073    6  127]
 [   2    0    6    5    6    2   14    8 1155    0]
 [   0    0    0    0    0    9    0   13    1 1199]]
Epoch: 13
TRAIN CROSS ENTROPY: 0.4383088426126374
VALIDATION CROSS ENTROPY: 0.45900260816017785
VALIDATION CONFUSION MATRIX:
[[382   0   6  10   0   0  51   0   1   0]
 [  4 516   4   7   1   0   2   0   0   0]
 [  7   0 322   2  59   0  22   0   1   0]
 [ 15   6   4 449  29   0   9   0   2   0]
 [  1   1  29   6 406   0  34   0   1   0]
 [  1   0   0   1   0 471   0  15   1  13]
 [ 63   1  51  14  38   0 329   0   3   1]
 [  0   0   0   0   0  16   0 431   0  38]
 [  2   1   4   4   0   3   3   2 444   1]
 [  0   0   0   0   0   0   0   4   0 456]]
TEST CROSS ENTROPY: 0.46737647183736164
TEST CONFUSION MATRIX:
[[ 971    4   12   36    3    0  102    0    7    1]
 [   4 1178    5   20    3    0    2    0    1    0]
 [  11    0  964   12  130    0   69    0    6    0]
 [  27   15   16 1013   68    0   32    0    1    0]
 [   2    1   91   20 1013    0   93    0    4    0]
 [   0    0    0    2    0 1158    0   24    5   38]
 [ 133    2  109   25   91    0  811    0   18    0]
 [   0    0    0    0    0   22    0 1072    6  127]
 [   2    0    5    5    6    2   14    7 1157    0]
 [   0    0    0    0    0    8    0   13    1 1200]]
Epoch: 14
TRAIN CROSS ENTROPY: 0.431538130055975
VALIDATION CROSS ENTROPY: 0.45428014745314915
VALIDATION CONFUSION MATRIX:
[[383   0   6  10   0   0  50   0   1   0]
 [  4 515   3   9   1   0   2   0   0   0]
 [  7   0 322   2  59   0  22   0   1   0]
 [ 15   6   4 450  29   0   8   0   2   0]
 [  1   1  27   6 408   0  34   0   1   0]
 [  1   0   0   1   0 471   0  15   1  13]
 [ 63   1  52  14  37   0 329   0   3   1]
 [  0   0   0   0   0  16   0 432   0  37]
 [  3   1   4   4   0   3   3   2 443   1]
 [  0   0   0   0   0   0   0   4   0 456]]
TEST CROSS ENTROPY: 0.4625985003709793
TEST CONFUSION MATRIX:
[[ 972    4   12   35    3    0  102    0    7    1]
 [   5 1179    5   18    3    0    2    0    1    0]
 [  11    0  962   12  130    0   71    0    6    0]
 [  27   15   16 1014   68    0   31    0    1    0]
 [   2    1   91   21 1012    0   93    0    4    0]
 [   0    0    0    2    0 1159    0   24    5   37]
 [ 130    2  107   26   90    0  816    0   18    0]
 [   0    0    0    0    0   19    0 1075    6  127]
 [   2    0    5    5    6    2   14    7 1157    0]
 [   0    0    0    0    0    9    0   13    1 1199]]
Epoch: 15
TRAIN CROSS ENTROPY: 0.4254303248171453
VALIDATION CROSS ENTROPY: 0.45048703740040463
VALIDATION CONFUSION MATRIX:
[[382   0   6  10   0   0  51   0   1   0]
 [  4 515   3   9   1   0   2   0   0   0]
 [  8   0 322   2  59   0  21   0   1   0]
 [ 14   6   4 450  29   0   9   0   2   0]
 [  1   1  27   6 409   0  33   0   1   0]
 [  1   0   0   1   0 472   0  15   1  12]
 [ 63   1  51  14  37   0 330   0   3   1]
 [  0   0   0   0   0  15   0 433   0  37]
 [  3   1   4   3   0   4   3   2 443   1]
 [  0   0   0   0   0   0   0   4   0 456]]
TEST CROSS ENTROPY: 0.4585717324813207
TEST CONFUSION MATRIX:
[[ 967    4   13   35    3    0  106    0    7    1]
 [   5 1179    5   18    3    0    2    0    1    0]
 [  11    0  965   11  130    0   68    0    6    1]
 [  25   15   16 1014   68    0   33    0    1    0]
 [   2    2   92   22 1010    0   93    0    3    0]
 [   0    0    0    2    0 1158    0   25    5   37]
 [ 130    2  107   24   91    0  819    0   16    0]
 [   0    0    0    0    0   18    0 1076    6  127]
 [   2    0    6    5    6    2   14    7 1156    0]
 [   0    0    0    0    0    8    0   13    1 1200]]
Epoch: 16
TRAIN CROSS ENTROPY: 0.4198838087695616
VALIDATION CROSS ENTROPY: 0.44674164315064746
VALIDATION CONFUSION MATRIX:
[[382   0   6   9   0   0  52   0   1   0]
 [  4 516   3   9   0   0   2   0   0   0]
 [  8   0 323   2  58   0  21   0   1   0]
 [ 15   6   4 449  30   0   8   0   2   0]
 [  1   1  27   6 410   0  32   0   1   0]
 [  1   0   0   1   0 473   0  15   1  11]
 [ 63   1  53  14  37   0 328   0   3   1]
 [  0   0   0   0   0  15   0 432   0  38]
 [  3   1   4   3   0   4   3   2 443   1]
 [  0   0   0   0   0   0   0   4   0 456]]
TEST CROSS ENTROPY: 0.4546536471446355
TEST CONFUSION MATRIX:
[[ 967    4   12   35    4    0  106    0    7    1]
 [   5 1179    5   18    3    0    2    0    1    0]
 [  11    0  964   11  129    0   72    0    5    0]
 [  25   14   16 1015   67    0   34    0    1    0]
 [   2    2   92   23 1010    0   92    0    3    0]
 [   0    0    0    2    0 1159    0   25    5   36]
 [ 131    2  105   24   90    0  822    0   15    0]
 [   0    0    0    0    0   18    0 1077    6  126]
 [   1    0    6    5    6    2   14    8 1156    0]
 [   0    0    0    0    0    8    0   13    1 1200]]
Epoch: 17
TRAIN CROSS ENTROPY: 0.4147504379131176
VALIDATION CROSS ENTROPY: 0.4433878196279208
VALIDATION CONFUSION MATRIX:
[[383   0   6   9   0   0  51   0   1   0]
 [  3 517   3   9   0   0   2   0   0   0]
 [  7   0 325   2  57   0  21   0   1   0]
 [ 14   6   4 451  29   0   8   0   2   0]
 [  1   1  27   6 411   0  31   0   1   0]
 [  1   0   0   1   0 473   0  15   1  11]
 [ 62   1  52  14  37   0 330   0   3   1]
 [  0   0   0   0   0  15   0 434   0  36]
 [  3   1   4   3   0   4   3   2 443   1]
 [  0   0   0   0   0   0   0   4   0 456]]
TEST CROSS ENTROPY: 0.45112817962964374
TEST CONFUSION MATRIX:
[[ 966    4   10   36    4    0  108    0    7    1]
 [   5 1179    5   18    3    0    2    0    1    0]
 [  11    0  964   11  128    0   72    0    5    1]
 [  25   14   16 1014   68    0   34    0    1    0]
 [   2    2   90   24 1011    0   92    0    3    0]
 [   0    0    0    2    0 1160    0   24    5   36]
 [ 131    2  102   23   90    0  826    0   15    0]
 [   0    0    0    0    0   17    0 1077    6  127]
 [   2    0    6    5    6    2   14    8 1155    0]
 [   0    0    0    0    0    8    0   13    1 1200]]
Epoch: 18
TRAIN CROSS ENTROPY: 0.41005661261302456
VALIDATION CROSS ENTROPY: 0.440610822836558
VALIDATION CONFUSION MATRIX:
[[383   0   6   9   0   0  51   0   1   0]
 [  3 516   3  10   0   0   2   0   0   0]
 [  8   0 324   2  58   0  20   0   1   0]
 [ 14   6   4 451  29   0   8   0   2   0]
 [  1   1  28   6 409   0  32   0   1   0]
 [  1   0   0   1   0 473   0  15   1  11]
 [ 63   1  51  14  37   0 330   0   3   1]
 [  0   0   0   0   0  15   0 434   0  36]
 [  3   1   4   3   0   4   3   2 443   1]
 [  0   0   0   0   0   0   0   4   0 456]]
TEST CROSS ENTROPY: 0.44820631357034046
TEST CONFUSION MATRIX:
[[ 966    4   10   38    4    0  106    0    7    1]
 [   4 1180    4   18    4    0    2    0    1    0]
 [  12    0  961   11  129    0   72    0    6    1]
 [  23   14   16 1016   68    0   34    0    1    0]
 [   2    2   89   24 1012    0   91    0    4    0]
 [   0    0    0    2    0 1161    0   24    5   35]
 [ 130    2  101   23   88    0  830    0   15    0]
 [   0    0    0    0    0   18    0 1077    6  126]
 [   2    0    6    5    6    2   15    8 1154    0]
 [   0    0    0    0    0    8    0   13    1 1200]]
Epoch: 19
TRAIN CROSS ENTROPY: 0.4057185861357936
VALIDATION CROSS ENTROPY: 0.4381704105933507
VALIDATION CONFUSION MATRIX:
[[384   0   6   9   0   0  50   0   1   0]
 [  3 516   3  10   0   0   2   0   0   0]
 [  8   0 326   2  56   0  20   0   1   0]
 [ 14   6   4 451  29   0   8   0   2   0]
 [  0   1  28   6 409   0  33   0   1   0]
 [  1   0   0   1   0 473   0  15   1  11]
 [ 63   1  51  15  37   0 329   0   3   1]
 [  0   0   0   0   0  14   0 435   0  36]
 [  3   1   4   3   0   4   3   2 443   1]
 [  0   0   0   0   0   0   0   4   0 456]]
TEST CROSS ENTROPY: 0.4456295501788457
TEST CONFUSION MATRIX:
[[ 966    4   12   39    4    0  103    0    7    1]
 [   4 1180    4   18    4    0    2    0    1    0]
 [  13    0  964   11  128    0   70    0    5    1]
 [  25   14   16 1015   68    0   33    0    1    0]
 [   2    2   87   24 1013    0   92    0    4    0]
 [   0    0    0    2    0 1161    0   24    5   35]
 [ 135    2  100   23   89    0  825    0   15    0]
 [   0    0    0    0    0   18    0 1077    6  126]
 [   2    0    6    5    6    2   14    8 1155    0]
 [   0    0    0    0    0    8    0   12    1 1201]]
Epoch: 20
TRAIN CROSS ENTROPY: 0.4017382253872024
VALIDATION CROSS ENTROPY: 0.435935185054938
VALIDATION CONFUSION MATRIX:
[[384   0   6   9   0   0  50   0   1   0]
 [  3 516   3  10   0   0   2   0   0   0]
 [  7   0 325   2  57   0  21   0   1   0]
 [ 14   6   4 450  30   0   8   0   2   0]
 [  0   1  28   6 409   0  33   0   1   0]
 [  1   0   0   1   0 473   0  15   1  11]
 [ 61   1  52  13  37   0 332   0   3   1]
 [  0   0   0   0   0  14   0 435   0  36]
 [  3   1   4   3   0   4   3   2 443   1]
 [  0   0   0   0   0   0   0   4   0 456]]
TEST CROSS ENTROPY: 0.4431504118045171
TEST CONFUSION MATRIX:
[[ 968    4   11   38    4    0  103    0    7    1]
 [   4 1180    4   18    4    0    2    0    1    0]
 [  13    0  967   11  125    0   69    0    6    1]
 [  25   14   16 1014   68    0   34    0    1    0]
 [   2    2   89   24 1012    0   91    0    4    0]
 [   0    0    0    2    0 1161    0   24    5   35]
 [ 133    2  100   23   86    0  830    0   15    0]
 [   0    0    0    0    0   19    0 1078    5  125]
 [   2    0    6    4    6    2   14    8 1156    0]
 [   0    0    0    0    0    8    0   12    1 1201]]
Epoch: 21
TRAIN CROSS ENTROPY: 0.3980732778928898
VALIDATION CROSS ENTROPY: 0.4337934852639834
VALIDATION CONFUSION MATRIX:
[[387   0   6   9   0   0  47   0   1   0]
 [  3 516   3  10   0   0   2   0   0   0]
 [  8   0 325   2  57   0  20   0   1   0]
 [ 15   6   3 451  30   0   8   0   1   0]
 [  1   1  28   7 407   0  33   0   1   0]
 [  1   0   0   1   0 473   0  15   1  11]
 [ 59   1  51  14  37   0 334   0   3   1]
 [  0   0   0   0   0  14   0 435   0  36]
 [  3   1   4   3   0   4   3   2 443   1]
 [  0   0   0   0   0   0   0   4   0 456]]
TEST CROSS ENTROPY: 0.4410145784219106
TEST CONFUSION MATRIX:
[[ 972    4   10   37    3    0  102    0    7    1]
 [   4 1179    4   19    4    0    2    0    1    0]
 [  13    0  966   11  126    0   70    0    5    1]
 [  24   14   16 1016   68    0   33    0    1    0]
 [   2    2   88   24 1013    0   92    0    3    0]
 [   0    0    0    2    0 1162    0   23    5   35]
 [ 137    2   99   23   88    0  825    0   15    0]
 [   0    0    0    0    0   19    0 1078    5  125]
 [   2    0    6    4    6    2   14    8 1156    0]
 [   0    0    0    0    0    8    0   12    1 1201]]
Epoch: 22
TRAIN CROSS ENTROPY: 0.3945906945511147
VALIDATION CROSS ENTROPY: 0.43201772381862
VALIDATION CONFUSION MATRIX:
[[386   0   6   9   0   0  48   0   1   0]
 [  3 516   3  10   0   0   2   0   0   0]
 [  8   0 325   2  57   0  20   0   1   0]
 [ 15   6   3 451  30   0   8   0   1   0]
 [  0   1  29   7 407   0  33   0   1   0]
 [  1   0   0   1   0 474   0  15   1  10]
 [ 60   1  49  14  37   0 335   0   3   1]
 [  0   0   0   0   0  14   0 436   0  35]
 [  3   1   3   3   1   4   3   2 443   1]
 [  0   0   0   0   0   0   0   4   0 456]]
TEST CROSS ENTROPY: 0.43912399232387545
TEST CONFUSION MATRIX:
[[ 971    3   11   37    3    0  103    0    7    1]
 [   4 1179    4   19    4    0    2    0    1    0]
 [  13    0  963   11  127    0   72    0    5    1]
 [  23   14   17 1016   67    0   34    0    1    0]
 [   2    2   83   24 1017    0   92    0    4    0]
 [   0    0    0    2    0 1162    0   23    5   35]
 [ 131    2   97   23   88    0  833    0   15    0]
 [   0    0    0    0    0   19    0 1077    5  126]
 [   2    0    6    4    6    2   14    8 1156    0]
 [   0    0    0    0    0    8    0   12    1 1201]]
Epoch: 23
TRAIN CROSS ENTROPY: 0.39143765347975273
VALIDATION CROSS ENTROPY: 0.4301982572674751
VALIDATION CONFUSION MATRIX:
[[385   0   5   9   0   0  50   0   1   0]
 [  3 516   3  10   0   0   2   0   0   0]
 [  9   0 323   2  58   0  20   0   1   0]
 [ 15   6   3 451  30   0   8   0   1   0]
 [  0   1  27   8 406   0  35   0   1   0]
 [  1   0   0   1   0 474   0  15   1  10]
 [ 60   1  48  14  37   0 336   0   3   1]
 [  0   0   0   0   0  14   0 435   0  36]
 [  2   1   3   3   1   4   3   2 444   1]
 [  0   0   0   0   0   0   0   4   0 456]]
TEST CROSS ENTROPY: 0.4375899707476298
TEST CONFUSION MATRIX:
[[ 970    3    9   38    3    0  105    0    7    1]
 [   4 1179    4   19    4    0    2    0    1    0]
 [  13    0  958   11  130    0   74    0    5    1]
 [  22   14   17 1017   67    0   34    0    1    0]
 [   2    2   82   24 1018    0   92    0    4    0]
 [   0    0    0    2    0 1162    0   23    5   35]
 [ 131    2   94   25   88    0  834    0   15    0]
 [   0    0    0    0    0   19    0 1077    5  126]
 [   2    0    6    4    6    2   14    8 1156    0]
 [   0    0    0    0    0    8    0   12    1 1201]]
Epoch: 24
TRAIN CROSS ENTROPY: 0.3885086451746799
VALIDATION CROSS ENTROPY: 0.42851359605789185
VALIDATION CONFUSION MATRIX:
[[385   0   5  10   0   0  49   0   1   0]
 [  3 516   3  10   0   0   2   0   0   0]
 [  9   0 323   2  58   0  20   0   1   0]
 [ 15   7   3 450  30   0   8   0   1   0]
 [  0   1  26   9 409   0  32   0   1   0]
 [  1   0   0   1   0 474   0  15   1  10]
 [ 60   1  48  14  37   0 336   0   3   1]
 [  0   0   0   0   0  14   0 435   0  36]
 [  2   1   3   3   1   4   3   2 444   1]
 [  0   0   0   0   0   0   0   4   0 456]]
TEST CROSS ENTROPY: 0.4356652412811915
TEST CONFUSION MATRIX:
[[ 973    3    9   36    3    0  104    0    7    1]
 [   4 1179    4   19    4    0    2    0    1    0]
 [  13    0  960   11  128    0   74    0    5    1]
 [  23   14   17 1017   67    0   33    0    1    0]
 [   2    2   81   24 1019    0   92    0    4    0]
 [   0    0    0    2    0 1162    0   23    5   35]
 [ 132    2   97   24   85    0  835    0   14    0]
 [   0    0    0    0    0   18    0 1078    5  126]
 [   2    0    5    4    6    2   14    8 1157    0]
 [   0    0    0    0    0    8    0   12    1 1201]]
Epoch: 25
TRAIN CROSS ENTROPY: 0.3857123100978357
VALIDATION CROSS ENTROPY: 0.42698325504859286
VALIDATION CONFUSION MATRIX:
[[386   0   5  10   0   0  48   0   1   0]
 [  3 516   3  10   0   0   2   0   0   0]
 [  9   0 324   2  58   0  19   0   1   0]
 [ 15   7   3 450  30   0   8   0   1   0]
 [  0   1  28   8 406   0  34   0   1   0]
 [  1   0   0   1   0 474   0  15   1  10]
 [ 59   1  47  14  37   0 338   0   3   1]
 [  0   0   0   0   0  14   0 435   0  36]
 [  2   1   3   3   1   4   3   2 444   1]
 [  0   0   0   0   0   0   0   4   0 456]]
TEST CROSS ENTROPY: 0.4340501910448074
TEST CONFUSION MATRIX:
[[ 969    3   10   37    3    0  106    0    7    1]
 [   4 1179    4   19    4    0    2    0    1    0]
 [  13    0  960   11  128    0   74    0    5    1]
 [  22   14   17 1016   67    0   35    0    1    0]
 [   2    2   81   24 1019    0   92    0    4    0]
 [   0    0    0    2    0 1163    0   23    5   34]
 [ 131    2  100   24   84    0  834    0   14    0]
 [   0    0    0    0    0   18    0 1078    5  126]
 [   2    0    5    4    6    2   14    8 1157    0]
 [   0    0    0    0    0    8    0   13    1 1200]]
Epoch: 26
TRAIN CROSS ENTROPY: 0.3830554364456071
VALIDATION CROSS ENTROPY: 0.42553546458482744
VALIDATION CONFUSION MATRIX:
[[386   0   5   9   0   0  49   0   1   0]
 [  3 516   3  10   0   0   2   0   0   0]
 [  9   0 324   2  57   0  20   0   1   0]
 [ 15   7   3 451  30   0   7   0   1   0]
 [  0   1  28   8 406   0  34   0   1   0]
 [  1   0   0   1   0 475   0  15   1   9]
 [ 59   1  49  13  36   0 338   0   3   1]
 [  0   0   0   0   0  14   0 434   0  37]
 [  2   1   3   3   1   4   3   2 444   1]
 [  0   0   0   0   0   0   0   4   0 456]]
TEST CROSS ENTROPY: 0.43259486615657805
TEST CONFUSION MATRIX:
[[ 971    3   10   36    3    0  105    0    7    1]
 [   5 1179    3   19    4    0    2    0    1    0]
 [  14    0  962   11  127    0   72    0    5    1]
 [  22   13   17 1017   67    0   35    0    1    0]
 [   2    2   82   24 1019    0   91    0    4    0]
 [   0    0    0    2    0 1163    0   22    5   35]
 [ 133    2   95   24   82    0  839    0   14    0]
 [   0    0    0    0    0   18    0 1078    5  126]
 [   3    0    4    4    6    2   14    7 1157    1]
 [   0    0    0    0    0    8    0   13    1 1200]]
Epoch: 27
TRAIN CROSS ENTROPY: 0.38075300167004267
VALIDATION CROSS ENTROPY: 0.4243932269016902
VALIDATION CONFUSION MATRIX:
[[386   0   5  10   0   0  48   0   1   0]
 [  3 516   3  10   0   0   2   0   0   0]
 [  9   0 325   2  57   0  19   0   1   0]
 [ 14   7   3 452  30   0   7   0   1   0]
 [  0   1  27   9 407   0  33   0   1   0]
 [  1   0   0   1   0 476   0  14   1   9]
 [ 57   1  48  13  37   0 340   0   3   1]
 [  0   0   0   0   0  14   0 434   0  37]
 [  2   1   3   3   1   4   3   2 444   1]
 [  0   0   0   0   0   0   0   4   0 456]]
TEST CROSS ENTROPY: 0.4314966662724813
TEST CONFUSION MATRIX:
[[ 968    3   10   37    3    0  107    0    7    1]
 [   5 1179    3   19    4    0    2    0    1    0]
 [  12    0  961   11  126    0   76    0    5    1]
 [  21   13   17 1018   67    0   35    0    1    0]
 [   2    2   81   24 1022    0   89    0    4    0]
 [   0    0    0    2    0 1163    0   22    5   35]
 [ 132    2   93   24   83    0  841    0   14    0]
 [   0    0    0    0    0   18    0 1078    5  126]
 [   3    0    4    4    6    2   14    7 1157    1]
 [   0    0    0    0    0    8    0   13    1 1200]]
Epoch: 28
TRAIN CROSS ENTROPY: 0.3784516148324366
VALIDATION CROSS ENTROPY: 0.4233623676498731
VALIDATION CONFUSION MATRIX:
[[385   0   5  10   0   0  49   0   1   0]
 [  3 516   3  10   1   0   1   0   0   0]
 [  9   0 326   2  57   0  18   0   1   0]
 [ 14   7   3 452  30   0   7   0   1   0]
 [  0   1  27   9 406   0  34   0   1   0]
 [  0   0   0   2   0 476   0  14   1   9]
 [ 56   1  49  12  37   0 341   0   3   1]
 [  0   0   0   0   0  14   0 434   0  37]
 [  2   1   3   3   1   4   3   2 444   1]
 [  0   0   0   0   0   0   0   4   0 456]]
TEST CROSS ENTROPY: 0.4303453251918157
TEST CONFUSION MATRIX:
[[ 968    3   10   37    3    0  107    0    7    1]
 [   5 1179    3   19    4    0    2    0    1    0]
 [  13    0  962   11  125    0   76    0    4    1]
 [  21   12   17 1019   67    0   35    0    1    0]
 [   2    2   81   24 1022    0   89    0    4    0]
 [   0    0    0    2    0 1163    0   22    5   35]
 [ 129    2   94   24   80    0  846    0   14    0]
 [   0    0    0    0    0   18    0 1078    5  126]
 [   3    0    4    4    6    2   14    7 1157    1]
 [   0    0    0    0    0    8    0   13    1 1200]]
Epoch: 29
TRAIN CROSS ENTROPY: 0.3763473590766942
VALIDATION CROSS ENTROPY: 0.422392194767793
VALIDATION CONFUSION MATRIX:
[[384   0   5  10   0   0  50   0   1   0]
 [  2 517   3  10   0   0   2   0   0   0]
 [  9   0 326   2  57   0  18   0   1   0]
 [ 13   7   3 453  30   0   7   0   1   0]
 [  0   1  27  10 405   0  34   0   1   0]
 [  0   0   0   2   0 477   0  13   1   9]
 [ 57   1  49  12  36   0 341   0   3   1]
 [  0   0   0   0   0  14   0 434   0  37]
 [  2   1   3   3   1   4   3   2 444   1]
 [  0   0   0   0   0   0   0   4   0 456]]
TEST CROSS ENTROPY: 0.429320677280426
TEST CONFUSION MATRIX:
[[ 966    3   10   37    3    0  109    0    7    1]
 [   5 1179    3   19    4    0    2    0    1    0]
 [  13    0  962   11  125    0   76    0    4    1]
 [  21   12   17 1020   66    0   35    0    1    0]
 [   3    2   81   24 1021    0   89    0    4    0]
 [   0    0    0    2    0 1163    0   22    5   35]
 [ 128    2   94   24   80    0  847    0   14    0]
 [   0    0    0    0    0   18    0 1079    5  125]
 [   3    0    4    4    6    2   14    7 1157    1]
 [   0    0    0    0    0    8    0   13    1 1200]]
Epoch: 30
TRAIN CROSS ENTROPY: 0.3743899666048862
VALIDATION CROSS ENTROPY: 0.42121578454971315
VALIDATION CONFUSION MATRIX:
[[386   0   5  10   0   0  48   0   1   0]
 [  2 517   3  10   1   0   1   0   0   0]
 [  9   0 327   2  56   0  18   0   1   0]
 [ 12   7   4 453  30   0   7   0   1   0]
 [  0   1  27   9 407   0  33   0   1   0]
 [  0   0   0   2   0 477   0  13   1   9]
 [ 57   1  48  12  36   0 342   0   3   1]
 [  0   0   0   0   0  14   0 434   0  37]
 [  2   1   3   2   1   4   3   2 445   1]
 [  0   0   0   0   0   0   0   4   0 456]]
TEST CROSS ENTROPY: 0.42814984198411304
TEST CONFUSION MATRIX:
[[ 968    3   10   35    3    0  109    0    7    1]
 [   5 1179    3   19    4    0    2    0    1    0]
 [  13    0  962   11  125    0   76    0    4    1]
 [  19   12   17 1023   65    0   35    0    1    0]
 [   3    2   80   25 1025    0   85    0    4    0]
 [   0    0    0    2    0 1163    0   22    5   35]
 [ 129    2   91   25   80    0  848    0   14    0]
 [   0    0    0    0    0   18    0 1079    5  125]
 [   3    0    4    4    6    2   14    7 1157    1]
 [   0    0    0    0    0    8    0   12    1 1201]]
Epoch: 31
TRAIN CROSS ENTROPY: 0.37243587057899546
VALIDATION CROSS ENTROPY: 0.42064681112766267
VALIDATION CONFUSION MATRIX:
[[387   0   5  10   0   0  47   0   1   0]
 [  3 516   3  10   1   0   1   0   0   0]
 [  9   0 327   2  56   0  18   0   1   0]
 [ 13   7   3 453  29   0   8   0   1   0]
 [  0   1  27   9 406   0  34   0   1   0]
 [  0   0   0   2   0 477   0  13   1   9]
 [ 57   1  47  12  35   0 344   0   3   1]
 [  0   0   0   0   0  14   0 434   0  37]
 [  2   1   3   3   1   4   3   2 444   1]
 [  0   0   0   0   0   0   0   4   0 456]]
TEST CROSS ENTROPY: 0.42728230051199595
TEST CONFUSION MATRIX:
[[ 972    3    9   35    3    0  106    0    7    1]
 [   5 1179    3   19    4    0    2    0    1    0]
 [  14    0  960   12  125    0   76    0    4    1]
 [  20   12   17 1022   65    0   35    0    1    0]
 [   4    2   79   25 1026    0   84    0    4    0]
 [   0    0    0    2    0 1164    0   22    5   34]
 [ 132    2   91   25   81    0  844    0   14    0]
 [   0    0    0    0    0   17    0 1080    5  125]
 [   3    0    4    4    6    2   14    7 1157    1]
 [   0    0    0    0    0    8    0   12    1 1201]]
Epoch: 32
TRAIN CROSS ENTROPY: 0.37071005441524363
VALIDATION CROSS ENTROPY: 0.41963145265976587
VALIDATION CONFUSION MATRIX:
[[388   0   5   9   0   0  47   0   1   0]
 [  2 517   3  10   1   0   1   0   0   0]
 [  9   0 326   2  58   0  17   0   1   0]
 [ 14   7   3 454  28   0   7   0   1   0]
 [  0   1  27   9 406   0  34   0   1   0]
 [  0   0   0   2   0 477   0  14   1   8]
 [ 57   1  47  12  35   0 344   0   3   1]
 [  0   0   0   0   0  14   0 435   0  36]
 [  2   1   3   2   1   4   3   2 445   1]
 [  0   0   0   0   0   0   0   4   0 456]]
TEST CROSS ENTROPY: 0.42625226406256356
TEST CONFUSION MATRIX:
[[ 973    2    8   35    3    0  107    0    7    1]
 [   5 1179    3   19    4    0    2    0    1    0]
 [  15    0  959   11  127    0   75    0    4    1]
 [  19   12   17 1025   63    0   35    0    1    0]
 [   4    2   78   23 1027    0   86    0    4    0]
 [   0    0    0    2    0 1164    0   22    5   34]
 [ 129    2   89   26   80    0  849    0   14    0]
 [   0    0    0    0    0   16    0 1081    5  125]
 [   3    0    4    4    6    2   14    6 1158    1]
 [   0    0    0    0    0    8    0   12    1 1201]]
Epoch: 33
TRAIN CROSS ENTROPY: 0.3690472972834552
VALIDATION CROSS ENTROPY: 0.419255132774512
VALIDATION CONFUSION MATRIX:
[[388   0   5  11   0   0  45   0   1   0]
 [  2 517   3  10   1   0   1   0   0   0]
 [  9   0 327   2  56   0  18   0   1   0]
 [ 13   7   3 453  29   0   8   0   1   0]
 [  0   1  27   9 406   0  34   0   1   0]
 [  0   0   0   2   0 477   0  14   1   8]
 [ 57   1  47  12  35   0 344   0   3   1]
 [  0   0   0   0   0  14   0 435   0  36]
 [  2   1   3   2   1   4   3   2 445   1]
 [  0   0   0   0   0   0   0   4   0 456]]
TEST CROSS ENTROPY: 0.4257012470960617
TEST CONFUSION MATRIX:
[[ 970    2    9   35    3    0  109    0    7    1]
 [   5 1179    3   19    4    0    2    0    1    0]
 [  15    0  961   11  125    0   75    0    4    1]
 [  19   12   17 1025   63    0   35    0    1    0]
 [   4    2   78   24 1028    0   84    0    4    0]
 [   0    0    0    2    0 1165    0   21    5   34]
 [ 130    2   88   26   79    0  850    0   14    0]
 [   0    0    0    0    0   18    0 1079    5  125]
 [   3    0    4    4    6    2   14    6 1158    1]
 [   0    0    0    0    0    8    0   12    1 1201]]
Epoch: 34
TRAIN CROSS ENTROPY: 0.36741562319022636
VALIDATION CROSS ENTROPY: 0.4185761082172394
VALIDATION CONFUSION MATRIX:
[[388   0   5  11   0   0  45   0   1   0]
 [  3 516   3  10   1   0   1   0   0   0]
 [ 10   0 327   2  56   0  17   0   1   0]
 [ 13   7   3 453  29   0   8   0   1   0]
 [  0   1  28   9 405   0  34   0   1   0]
 [  0   0   0   2   0 477   0  14   1   8]
 [ 57   1  48  12  34   0 344   0   3   1]
 [  0   0   0   0   0  14   0 435   0  36]
 [  2   1   3   2   1   4   3   2 445   1]
 [  0   0   0   0   0   0   0   4   0 456]]
TEST CROSS ENTROPY: 0.4250840907494227
TEST CONFUSION MATRIX:
[[ 975    2    9   35    3    0  104    0    7    1]
 [   5 1179    3   19    4    0    2    0    1    0]
 [  15    0  960   11  126    0   75    0    4    1]
 [  19   12   16 1026   63    0   35    0    1    0]
 [   4    2   78   24 1027    0   85    0    4    0]
 [   0    0    0    2    0 1164    0   22    5   34]
 [ 133    2   88   26   79    0  847    0   14    0]
 [   0    0    0    0    0   16    0 1083    5  123]
 [   3    0    4    4    6    2   14    6 1158    1]
 [   0    0    0    0    0    8    0   12    1 1201]]
Epoch: 35
TRAIN CROSS ENTROPY: 0.36594513367723536
VALIDATION CROSS ENTROPY: 0.41813636283079786
VALIDATION CONFUSION MATRIX:
[[387   0   5  11   0   0  46   0   1   0]
 [  3 516   3  10   1   0   1   0   0   0]
 [  9   0 329   2  54   0  18   0   1   0]
 [ 13   7   3 453  29   0   8   0   1   0]
 [  0   1  27   9 406   0  34   0   1   0]
 [  0   0   0   2   0 478   0  13   1   8]
 [ 56   1  48  12  34   0 345   0   3   1]
 [  0   0   0   0   0  14   0 435   0  36]
 [  2   1   3   2   1   4   3   2 445   1]
 [  0   0   0   0   0   0   0   4   0 456]]
TEST CROSS ENTROPY: 0.42461486395200093
TEST CONFUSION MATRIX:
[[ 971    2    9   37    3    0  106    0    7    1]
 [   5 1179    3   19    4    0    2    0    1    0]
 [  15    0  956   11  130    0   75    0    4    1]
 [  19   12   16 1026   63    0   35    0    1    0]
 [   4    2   79   25 1025    0   84    0    5    0]
 [   0    0    0    2    0 1165    0   21    5   34]
 [ 130    2   89   26   79    0  849    0   14    0]
 [   0    0    0    0    0   17    0 1082    5  123]
 [   3    0    4    4    6    2   14    6 1158    1]
 [   0    0    0    0    0    8    0   12    1 1201]]
Epoch: 36
TRAIN CROSS ENTROPY: 0.36448190457291074
VALIDATION CROSS ENTROPY: 0.41764121522506076
VALIDATION CONFUSION MATRIX:
[[386   0   5  11   0   0  47   0   1   0]
 [  2 517   3  10   1   0   1   0   0   0]
 [  9   0 328   3  54   0  18   0   1   0]
 [ 12   7   3 453  29   0   9   0   1   0]
 [  0   1  27   9 406   0  34   0   1   0]
 [  0   0   0   2   0 478   0  13   1   8]
 [ 56   1  47  12  34   0 346   0   3   1]
 [  0   0   0   0   0  14   0 435   0  36]
 [  2   1   3   2   1   4   3   2 445   1]
 [  0   0   0   0   0   0   0   4   0 456]]
TEST CROSS ENTROPY: 0.42400861120224
TEST CONFUSION MATRIX:
[[ 972    2    9   36    3    0  106    0    7    1]
 [   4 1179    3   19    5    0    2    0    1    0]
 [  15    0  958   11  128    0   75    0    4    1]
 [  19   12   16 1026   63    0   35    0    1    0]
 [   4    2   78   24 1025    0   86    0    5    0]
 [   0    0    0    2    0 1165    0   22    5   33]
 [ 132    2   88   26   79    0  848    0   14    0]
 [   0    0    0    0    0   18    0 1082    5  122]
 [   3    0    4    4    6    2   14    6 1158    1]
 [   0    0    0    0    0    8    0   12    1 1201]]
Epoch: 37
TRAIN CROSS ENTROPY: 0.36313023892817675
VALIDATION CROSS ENTROPY: 0.41740388462940853
VALIDATION CONFUSION MATRIX:
[[388   0   5  11   0   0  45   0   1   0]
 [  3 516   3  10   1   0   1   0   0   0]
 [  9   0 328   3  54   0  18   0   1   0]
 [ 12   7   3 453  29   0   9   0   1   0]
 [  0   1  26   9 407   0  35   0   0   0]
 [  0   0   0   2   0 478   0  13   1   8]
 [ 55   1  47  12  34   0 347   0   3   1]
 [  0   0   0   0   0  14   0 435   0  36]
 [  2   1   3   2   1   4   3   2 445   1]
 [  0   0   0   0   0   0   0   4   0 456]]
TEST CROSS ENTROPY: 0.4235235673189163
TEST CONFUSION MATRIX:
[[ 968    2    9   35    3    0  111    0    7    1]
 [   4 1179    3   19    5    0    2    0    1    0]
 [  15    0  959   11  126    0   76    0    4    1]
 [  19   12   16 1026   64    0   34    0    1    0]
 [   3    2   78   24 1026    0   86    0    5    0]
 [   0    0    0    2    0 1164    0   23    5   33]
 [ 126    2   86   26   79    0  857    0   13    0]
 [   0    0    0    0    0   16    0 1083    5  123]
 [   3    0    4    4    6    3   14    6 1157    1]
 [   0    0    0    0    0    8    0   12    1 1201]]
Epoch: 38
TRAIN CROSS ENTROPY: 0.36186775187651316
VALIDATION CROSS ENTROPY: 0.416801267961661
VALIDATION CONFUSION MATRIX:
[[386   0   5  10   0   0  48   0   1   0]
 [  3 516   3  10   1   0   1   0   0   0]
 [  9   0 329   3  53   0  18   0   1   0]
 [ 12   7   3 452  30   0   9   0   1   0]
 [  0   1  27   9 405   0  35   0   1   0]
 [  0   0   0   2   0 478   0  13   1   8]
 [ 55   1  47  12  34   0 347   0   3   1]
 [  0   0   0   0   0  14   0 435   0  36]
 [  2   1   2   2   1   3   3   2 447   1]
 [  0   0   0   0   0   0   0   4   0 456]]
TEST CROSS ENTROPY: 0.4231216527223587
TEST CONFUSION MATRIX:
[[ 969    2    9   36    3    0  109    0    7    1]
 [   4 1179    3   19    5    0    2    0    1    0]
 [  15    0  958   11  128    0   75    0    4    1]
 [  19   12   16 1025   64    0   35    0    1    0]
 [   4    2   79   24 1024    0   86    0    5    0]
 [   0    0    0    2    0 1166    0   22    5   32]
 [ 128    2   85   26   77    0  859    0   12    0]
 [   0    0    0    0    0   17    0 1084    5  121]
 [   2    0    4    5    6    3   14    6 1157    1]
 [   0    0    0    0    0    8    0   12    1 1201]]
Epoch: 39
TRAIN CROSS ENTROPY: 0.36072971759019073
VALIDATION CROSS ENTROPY: 0.4167794878284136
VALIDATION CONFUSION MATRIX:
[[384   0   5  10   0   0  50   0   1   0]
 [  3 516   3  10   1   0   1   0   0   0]
 [  9   0 328   3  55   0  17   0   1   0]
 [ 12   7   3 452  29   0  10   0   1   0]
 [  0   1  27   9 406   0  34   0   1   0]
 [  0   0   0   2   0 478   0  13   1   8]
 [ 55   1  46  12  35   0 347   0   3   1]
 [  0   0   0   0   0  14   0 435   0  36]
 [  3   1   2   2   1   3   3   2 446   1]
 [  0   0   0   0   0   0   0   4   0 456]]
TEST CROSS ENTROPY: 0.42318255503972374
TEST CONFUSION MATRIX:
[[ 970    2    8   36    3    0  109    0    7    1]
 [   4 1179    3   19    5    0    2    0    1    0]
 [  15    0  958   11  128    0   75    0    4    1]
 [  19   12   16 1025   65    0   34    0    1    0]
 [   4    2   78   24 1023    0   88    0    5    0]
 [   0    0    0    2    0 1165    0   22    5   33]
 [ 126    2   87   26   77    0  859    0   12    0]
 [   0    0    0    0    0   16    0 1082    5  124]
 [   3    0    4    4    6    3   14    6 1157    1]
 [   0    0    0    0    0    8    0   12    1 1201]]
Epoch: 40
TRAIN CROSS ENTROPY: 0.35954833377290657
VALIDATION CROSS ENTROPY: 0.41665228237708407
VALIDATION CONFUSION MATRIX:
[[384   0   5  10   0   0  50   0   1   0]
 [  3 516   3  10   1   0   1   0   0   0]
 [  9   0 328   3  54   0  18   0   1   0]
 [ 12   7   3 451  30   0  10   0   1   0]
 [  0   1  26   9 407   0  34   0   1   0]
 [  0   0   0   2   0 478   0  13   1   8]
 [ 55   1  47  12  34   0 347   0   3   1]
 [  0   0   0   0   0  14   0 435   0  36]
 [  3   1   2   2   1   3   3   2 446   1]
 [  0   0   0   0   0   0   0   4   0 456]]
TEST CROSS ENTROPY: 0.42270588044325513
TEST CONFUSION MATRIX:
[[ 968    2    8   38    3    0  109    0    7    1]
 [   4 1179    3   19    5    0    2    0    1    0]
 [  16    0  956   11  128    0   76    0    4    1]
 [  19   12   16 1024   65    0   35    0    1    0]
 [   4    2   78   24 1025    0   86    0    5    0]
 [   0    0    0    2    0 1166    0   22    5   32]
 [ 127    2   89   26   78    0  855    0   12    0]
 [   0    0    0    0    0   17    0 1084    5  121]
 [   2    0    4    5    6    3   14    6 1157    1]
 [   0    0    0    0    0    8    0   12    1 1201]]
Epoch: 41
TRAIN CROSS ENTROPY: 0.35845174459395585
VALIDATION CROSS ENTROPY: 0.4161151093244553
VALIDATION CONFUSION MATRIX:
[[384   0   5  10   0   0  50   0   1   0]
 [  3 516   3  10   1   0   1   0   0   0]
 [  9   0 328   3  54   0  18   0   1   0]
 [ 12   7   3 451  30   0  10   0   1   0]
 [  0   1  27   9 405   0  35   0   1   0]
 [  1   0   0   2   0 477   0  14   1   7]
 [ 55   1  47  12  35   0 346   0   3   1]
 [  0   0   0   0   0  14   0 435   0  36]
 [  3   1   2   2   1   3   3   2 446   1]
 [  0   0   0   0   0   0   0   4   0 456]]
TEST CROSS ENTROPY: 0.4222029382387797
TEST CONFUSION MATRIX:
[[ 971    2    8   35    3    0  109    0    7    1]
 [   4 1179    3   19    5    0    2    0    1    0]
 [  15    0  957   11  129    0   75    0    4    1]
 [  19   12   16 1025   65    0   34    0    1    0]
 [   4    2   79   25 1023    0   86    0    5    0]
 [   0    0    0    2    0 1164    0   22    6   33]
 [ 127    2   88   26   77    0  857    0   12    0]
 [   0    0    0    0    0   16    0 1084    5  122]
 [   2    0    4    5    6    3   14    6 1157    1]
 [   0    0    0    0    0    8    0   12    1 1201]]
Epoch: 42
TRAIN CROSS ENTROPY: 0.3574746050768428
VALIDATION CROSS ENTROPY: 0.4162337143222491
VALIDATION CONFUSION MATRIX:
[[386   0   5  10   0   0  48   0   1   0]
 [  3 516   3  10   1   0   1   0   0   0]
 [  9   0 329   3  54   0  17   0   1   0]
 [ 12   7   3 450  32   0   9   0   1   0]
 [  0   1  27   9 405   0  35   0   1   0]
 [  0   0   0   2   0 477   0  14   1   8]
 [ 55   1  45  12  35   0 348   0   3   1]
 [  0   0   0   0   0  14   0 434   0  37]
 [  3   1   2   2   1   3   3   2 446   1]
 [  0   0   0   0   0   0   0   4   0 456]]
TEST CROSS ENTROPY: 0.4221221481959025
TEST CONFUSION MATRIX:
[[ 969    1    8   38    3    0  109    0    7    1]
 [   4 1179    3   19    5    0    2    0    1    0]
 [  16    0  958   11  127    0   75    0    4    1]
 [  19   12   16 1024   65    0   35    0    1    0]
 [   4    2   79   25 1024    0   85    0    5    0]
 [   0    0    0    2    0 1164    0   22    6   33]
 [ 128    2   87   26   78    0  856    0   12    0]
 [   0    0    0    0    0   16    0 1083    5  123]
 [   2    0    4    5    6    3   14    6 1157    1]
 [   0    0    0    0    0    8    0   12    1 1201]]
Epoch: 43
TRAIN CROSS ENTROPY: 0.3563897859387928
VALIDATION CROSS ENTROPY: 0.4155874983469645
VALIDATION CONFUSION MATRIX:
[[384   0   5  10   0   0  50   0   1   0]
 [  3 516   3  10   1   0   1   0   0   0]
 [  9   0 329   3  54   0  17   0   1   0]
 [ 12   7   3 451  30   0  10   0   1   0]
 [  0   1  27   9 407   0  33   0   1   0]
 [  1   0   0   2   0 478   0  13   1   7]
 [ 55   1  47  12  35   0 346   0   3   1]
 [  0   0   0   0   0  14   0 435   0  36]
 [  2   1   2   2   1   3   3   2 447   1]
 [  0   0   0   0   0   0   0   4   0 456]]
TEST CROSS ENTROPY: 0.4216639290253321
TEST CONFUSION MATRIX:
[[ 969    1    8   37    3    0  110    0    7    1]
 [   4 1179    3   19    5    0    2    0    1    0]
 [  16    0  956   12  128    0   74    0    5    1]
 [  19   12   16 1025   65    0   34    0    1    0]
 [   4    2   77   25 1026    0   85    0    5    0]
 [   0    0    0    2    0 1166    0   22    6   31]
 [ 127    2   87   26   78    0  857    0   12    0]
 [   0    0    0    0    0   17    0 1084    5  121]
 [   2    0    4    5    6    3   14    6 1157    1]
 [   0    0    0    0    0    8    0   12    1 1201]]
Epoch: 44
TRAIN CROSS ENTROPY: 0.35547697828875646
VALIDATION CROSS ENTROPY: 0.4154585180679957
VALIDATION CONFUSION MATRIX:
[[384   0   5   9   0   0  51   0   1   0]
 [  2 517   3  10   1   0   1   0   0   0]
 [  9   0 329   3  54   0  17   0   1   0]
 [ 12   7   3 450  31   0  10   0   1   0]
 [  0   1  25   9 406   0  36   0   1   0]
 [  1   0   0   2   0 478   0  13   1   7]
 [ 55   1  47  12  35   0 346   0   3   1]
 [  0   0   0   0   0  14   0 435   0  36]
 [  3   1   2   2   1   3   3   2 446   1]
 [  0   0   0   0   0   0   0   4   0 456]]
TEST CROSS ENTROPY: 0.42143596363067626
TEST CONFUSION MATRIX:
[[ 969    1    8   36    3    0  111    0    7    1]
 [   4 1179    3   19    5    0    2    0    1    0]
 [  16    0  955   12  129    0   75    0    4    1]
 [  19   12   16 1026   65    0   33    0    1    0]
 [   4    2   77   25 1028    0   83    0    5    0]
 [   0    0    0    2    0 1165    0   22    6   32]
 [ 126    2   88   26   77    0  858    0   12    0]
 [   0    0    0    0    0   17    0 1085    5  120]
 [   2    0    4    5    6    3   14    6 1157    1]
 [   0    0    0    0    0    8    0   12    1 1201]]
Epoch: 45
TRAIN CROSS ENTROPY: 0.35454604940281975
VALIDATION CROSS ENTROPY: 0.41518040736516315
VALIDATION CONFUSION MATRIX:
[[383   0   5   9   0   0  52   0   1   0]
 [  2 517   3  10   1   0   1   0   0   0]
 [  9   0 329   3  54   0  17   0   1   0]
 [ 12   7   3 449  32   0  10   0   1   0]
 [  0   1  25   9 408   0  34   0   1   0]
 [  1   0   0   2   0 477   0  14   1   7]
 [ 55   1  47  11  35   0 347   0   3   1]
 [  0   0   0   0   0  14   0 437   0  34]
 [  3   1   2   2   1   3   3   2 446   1]
 [  0   0   0   0   0   0   0   4   0 456]]
TEST CROSS ENTROPY: 0.4211269672314326
TEST CONFUSION MATRIX:
[[ 968    1    8   34    3    0  114    0    7    1]
 [   4 1179    3   19    5    0    2    0    1    0]
 [  16    0  956   11  129    0   74    0    5    1]
 [  19   12   16 1025   65    0   34    0    1    0]
 [   3    2   75   26 1031    0   82    0    5    0]
 [   0    0    0    2    0 1164    0   22    6   33]
 [ 125    2   88   26   79    0  857    0   12    0]
 [   0    0    0    0    0   17    0 1085    5  120]
 [   2    0    4    5    6    3   14    6 1157    1]
 [   0    0    0    0    0    8    0   12    1 1201]]
Epoch: 46
TRAIN CROSS ENTROPY: 0.3535889242534284
VALIDATION CROSS ENTROPY: 0.4155415863792102
VALIDATION CONFUSION MATRIX:
[[384   0   5   9   0   0  51   0   1   0]
 [  3 516   3  10   1   0   1   0   0   0]
 [  9   0 330   2  54   0  17   0   1   0]
 [ 12   7   3 449  32   0  10   0   1   0]
 [  0   1  24   9 411   0  32   0   1   0]
 [  1   0   0   2   0 478   0  13   1   7]
 [ 54   1  46  11  35   0 349   0   3   1]
 [  0   0   0   0   0  15   0 434   0  36]
 [  3   1   2   2   1   3   3   2 446   1]
 [  0   0   0   0   0   0   0   4   0 456]]
TEST CROSS ENTROPY: 0.42119751699765523
TEST CONFUSION MATRIX:
[[ 966    1    8   34    3    0  116    0    7    1]
 [   4 1179    3   19    5    0    2    0    1    0]
 [  16    0  954   12  132    0   72    0    5    1]
 [  19   12   16 1023   67    0   34    0    1    0]
 [   3    2   76   25 1034    0   79    0    5    0]
 [   0    0    0    2    0 1166    0   22    6   31]
 [ 122    2   87   26   78    0  862    0   12    0]
 [   0    0    0    0    0   17    0 1085    5  120]
 [   2    0    4    5    6    3   14    6 1157    1]
 [   0    0    0    0    0    8    0   12    1 1201]]
Epoch: 47
TRAIN CROSS ENTROPY: 0.35274079343786946
VALIDATION CROSS ENTROPY: 0.41528247445821764
VALIDATION CONFUSION MATRIX:
[[383   0   5   9   0   0  52   0   1   0]
 [  3 516   3  10   1   0   1   0   0   0]
 [  9   0 329   2  55   0  17   0   1   0]
 [ 12   7   3 449  32   0  10   0   1   0]
 [  0   1  24   9 411   0  32   0   1   0]
 [  1   0   0   2   0 478   0  13   1   7]
 [ 54   1  45  11  35   0 350   0   3   1]
 [  0   0   0   0   0  15   0 433   0  37]
 [  3   1   2   2   1   3   3   2 446   1]
 [  0   0   0   0   0   0   0   4   0 456]]
TEST CROSS ENTROPY: 0.4209639677206675
TEST CONFUSION MATRIX:
[[ 968    1    8   34    3    0  114    0    7    1]
 [   4 1180    3   18    5    0    2    0    1    0]
 [  16    0  954   10  135    0   71    0    5    1]
 [  19   12   16 1024   66    0   34    0    1    0]
 [   3    2   74   25 1032    0   83    0    5    0]
 [   0    0    0    2    0 1167    0   22    6   30]
 [ 123    2   85   26   80    0  862    0   11    0]
 [   0    0    0    0    0   17    0 1084    5  121]
 [   2    0    4    5    6    3   14    6 1157    1]
 [   0    0    0    0    0    8    0   12    1 1201]]
Epoch: 48
TRAIN CROSS ENTROPY: 0.3519438738182739
VALIDATION CROSS ENTROPY: 0.4153458844621976
VALIDATION CONFUSION MATRIX:
[[383   0   5   9   0   0  52   0   1   0]
 [  3 516   3  10   1   0   1   0   0   0]
 [  9   0 329   3  54   0  17   0   1   0]
 [ 11   7   3 450  32   0  10   0   1   0]
 [  0   1  25   9 409   0  33   0   1   0]
 [  1   0   0   2   0 479   0  12   1   7]
 [ 54   1  46  11  34   0 350   0   3   1]
 [  0   0   0   0   0  15   0 434   0  36]
 [  2   1   2   2   1   3   3   2 447   1]
 [  0   0   0   0   0   0   0   4   0 456]]
TEST CROSS ENTROPY: 0.42092830125490827
TEST CONFUSION MATRIX:
[[ 968    1    8   35    3    0  113    0    7    1]
 [   4 1178    3   20    5    0    2    0    1    0]
 [  16    0  955   12  131    0   72    0    5    1]
 [  19   12   16 1025   66    0   33    0    1    0]
 [   3    2   77   25 1031    0   81    0    5    0]
 [   0    0    0    2    0 1167    0   22    6   30]
 [ 122    2   88   26   77    0  863    0   11    0]
 [   0    0    0    0    0   17    0 1083    5  122]
 [   2    0    4    5    6    3   14    6 1157    1]
 [   0    0    0    0    0    8    0   12    1 1201]]
Epoch: 49
TRAIN CROSS ENTROPY: 0.3511587253212929
VALIDATION CROSS ENTROPY: 0.41517457793156304
VALIDATION CONFUSION MATRIX:
[[382   0   5   9   0   0  53   0   1   0]
 [  2 517   3  10   1   0   1   0   0   0]
 [  9   0 328   2  56   0  17   0   1   0]
 [ 11   7   3 450  32   0  10   0   1   0]
 [  0   1  24   9 410   0  33   0   1   0]
 [  1   0   0   2   0 479   0  12   1   7]
 [ 54   1  46  11  36   0 348   0   3   1]
 [  0   0   0   0   0  15   0 435   0  35]
 [  3   1   2   2   1   3   3   2 446   1]
 [  0   0   0   0   0   0   0   4   0 456]]
TEST CROSS ENTROPY: 0.4207360067367554
TEST CONFUSION MATRIX:
[[ 970    1    8   34    3    0  112    0    7    1]
 [   4 1179    3   19    5    0    2    0    1    0]
 [  15    0  952   10  138    0   72    0    4    1]
 [  19   12   16 1024   66    0   34    0    1    0]
 [   3    2   73   25 1035    0   81    0    5    0]
 [   0    0    0    2    0 1167    0   22    6   30]
 [ 125    2   87   25   81    0  858    0   11    0]
 [   0    0    0    0    0   17    0 1086    5  119]
 [   2    0    4    5    6    3   14    6 1157    1]
 [   0    0    0    0    0    8    0   12    1 1201]]
Epoch: 50
TRAIN CROSS ENTROPY: 0.3504513756323744
VALIDATION CROSS ENTROPY: 0.4151598731676737
VALIDATION CONFUSION MATRIX:
[[381   0   5   9   0   0  54   0   1   0]
 [  3 516   3  10   1   0   1   0   0   0]
 [  9   0 329   2  55   0  17   0   1   0]
 [ 12   7   3 449  32   0  10   0   1   0]
 [  0   1  23   9 412   0  32   0   1   0]
 [  1   0   0   2   0 479   0  12   1   7]
 [ 51   1  45  11  35   0 353   0   3   1]
 [  0   0   0   0   0  15   0 434   0  36]
 [  3   1   2   2   1   3   3   2 446   1]
 [  0   0   0   0   0   0   0   4   0 456]]
TEST CROSS ENTROPY: 0.4205663108030955
TEST CONFUSION MATRIX:
[[ 966    1    8   34    3    0  116    0    7    1]
 [   4 1179    3   19    5    0    2    0    1    0]
 [  16    0  950   11  136    0   73    0    5    1]
 [  20   12   16 1022   67    0   34    0    1    0]
 [   3    2   74   24 1035    0   81    0    5    0]
 [   0    0    0    2    0 1167    0   22    6   30]
 [ 120    2   85   25   81    0  865    0   11    0]
 [   0    0    0    0    0   17    0 1084    5  121]
 [   2    0    4    5    6    3   14    6 1157    1]
 [   0    0    0    0    0    8    0   12    1 1201]]
Epoch: 51
TRAIN CROSS ENTROPY: 0.34966872644645197
VALIDATION CROSS ENTROPY: 0.41545269985993705
VALIDATION CONFUSION MATRIX:
[[379   0   5   9   0   0  56   0   1   0]
 [  3 516   3  10   1   0   1   0   0   0]
 [  9   0 327   2  57   0  17   0   1   0]
 [ 11   7   3 450  32   0  10   0   1   0]
 [  0   1  23   9 412   0  32   0   1   0]
 [  1   0   0   2   0 479   0  12   1   7]
 [ 51   1  45  11  35   0 353   0   3   1]
 [  0   0   0   0   0  15   0 435   0  35]
 [  3   1   2   2   1   3   3   2 446   1]
 [  0   0   0   0   0   0   0   4   0 456]]
TEST CROSS ENTROPY: 0.420920020143191
TEST CONFUSION MATRIX:
[[ 966    1    8   34    3    0  116    0    7    1]
 [   4 1178    3   20    5    0    2    0    1    0]
 [  15    0  948   10  139    0   74    0    5    1]
 [  19   12   16 1023   68    0   33    0    1    0]
 [   3    2   72   24 1039    0   79    0    5    0]
 [   0    0    0    2    0 1166    0   22    6   31]
 [ 118    2   86   26   82    0  864    0   11    0]
 [   0    0    0    0    0   17    0 1086    5  119]
 [   2    0    4    5    6    3   14    6 1157    1]
 [   0    0    0    0    0    8    0   12    1 1201]]
Epoch: 52
TRAIN CROSS ENTROPY: 0.349021287129985
VALIDATION CROSS ENTROPY: 0.41521022548278175
VALIDATION CONFUSION MATRIX:
[[380   0   5   9   0   0  55   0   1   0]
 [  3 516   3  10   1   0   1   0   0   0]
 [  9   0 328   2  56   0  17   0   1   0]
 [ 11   7   3 450  32   0  10   0   1   0]
 [  0   1  23   9 412   0  32   0   1   0]
 [  1   0   0   2   0 479   0  12   1   7]
 [ 52   1  45  11  34   0 353   0   3   1]
 [  0   0   0   0   0  14   0 436   0  35]
 [  3   1   2   2   1   3   3   2 446   1]
 [  0   0   0   0   0   0   0   4   0 456]]
TEST CROSS ENTROPY: 0.4205304092168808
TEST CONFUSION MATRIX:
[[ 966    1    8   34    3    0  116    0    7    1]
 [   4 1179    3   19    5    0    2    0    1    0]
 [  15    0  949   11  137    1   74    0    5    0]
 [  19   12   16 1024   67    0   33    0    1    0]
 [   3    2   74   25 1035    0   80    0    5    0]
 [   0    0    0    2    0 1166    0   22    6   31]
 [ 122    2   85   25   81    0  863    0   11    0]
 [   0    0    0    0    0   17    0 1087    5  118]
 [   2    0    4    5    6    3   14    6 1157    1]
 [   0    0    0    0    0    8    0   12    1 1201]]
Epoch: 53
TRAIN CROSS ENTROPY: 0.3483488947815365
VALIDATION CROSS ENTROPY: 0.4150672760605812
VALIDATION CONFUSION MATRIX:
[[378   0   5   9   0   0  57   0   1   0]
 [  3 516   3  10   1   0   1   0   0   0]
 [  9   0 328   3  55   0  17   0   1   0]
 [ 11   6   3 451  32   0  10   0   1   0]
 [  0   1  23   9 412   0  32   0   1   0]
 [  1   0   0   2   0 479   0  12   1   7]
 [ 53   1  45  11  35   0 351   0   3   1]
 [  0   0   0   0   0  13   0 436   0  36]
 [  3   1   2   2   1   3   3   2 446   1]
 [  0   0   0   0   0   0   0   4   0 456]]
TEST CROSS ENTROPY: 0.420382061958313
TEST CONFUSION MATRIX:
[[ 969    1    8   34    3    0  113    0    7    1]
 [   4 1178    3   20    5    0    2    0    1    0]
 [  15    0  948   11  138    0   73    0    6    1]
 [  20   12   15 1025   67    0   32    0    1    0]
 [   3    2   73   24 1033    0   84    0    5    0]
 [   0    0    0    2    0 1167    0   22    6   30]
 [ 121    2   85   25   80    0  865    0   11    0]
 [   0    0    0    0    0   17    0 1088    5  117]
 [   2    0    4    5    6    3   14    6 1157    1]
 [   0    0    0    0    0    8    0   12    1 1201]]
Epoch: 54
TRAIN CROSS ENTROPY: 0.3477225916473954
VALIDATION CROSS ENTROPY: 0.41521987318992615
VALIDATION CONFUSION MATRIX:
[[380   0   5   9   0   0  55   0   1   0]
 [  2 517   3  10   1   0   1   0   0   0]
 [  9   0 328   2  56   0  17   0   1   0]
 [ 11   7   3 450  32   0  10   0   1   0]
 [  0   1  23   9 411   0  33   0   1   0]
 [  1   0   0   2   0 479   0  12   1   7]
 [ 53   1  45  11  36   0 350   0   3   1]
 [  0   0   0   0   0  14   0 435   0  36]
 [  2   1   2   2   1   3   3   2 447   1]
 [  0   0   0   0   0   0   0   4   0 456]]
TEST CROSS ENTROPY: 0.4203893848260244
TEST CONFUSION MATRIX:
[[ 967    1    8   34    3    0  115    0    7    1]
 [   4 1178    3   20    5    0    2    0    1    0]
 [  15    0  948   11  139    0   74    0    4    1]
 [  20   12   15 1024   68    0   32    0    1    0]
 [   3    2   71   25 1037    0   81    0    5    0]
 [   0    0    0    2    0 1166    0   22    6   31]
 [ 121    2   84   24   81    0  866    0   11    0]
 [   0    0    0    0    0   16    0 1089    5  117]
 [   2    0    4    5    7    3   13    6 1157    1]
 [   0    0    0    0    0    8    0   12    1 1201]]
Epoch: 55
TRAIN CROSS ENTROPY: 0.3470585725815208
VALIDATION CROSS ENTROPY: 0.4153914648294449
VALIDATION CONFUSION MATRIX:
[[380   0   5   9   0   0  55   0   1   0]
 [  2 517   3  10   1   0   1   0   0   0]
 [  9   0 328   2  56   0  17   0   1   0]
 [ 11   6   3 451  32   0  10   0   1   0]
 [  0   1  23   9 414   0  30   0   1   0]
 [  1   0   0   2   0 479   0  12   1   7]
 [ 53   1  44  11  36   0 351   0   3   1]
 [  0   0   0   0   0  13   0 437   0  35]
 [  3   1   3   2   1   3   3   2 445   1]
 [  0   0   0   0   0   0   0   4   0 456]]
TEST CROSS ENTROPY: 0.42032643528779345
TEST CONFUSION MATRIX:
[[ 965    1    8   34    3    0  117    0    7    1]
 [   4 1178    3   20    5    0    2    0    1    0]
 [  15    0  948   11  138    0   74    0    5    1]
 [  18   12   16 1024   68    0   33    0    1    0]
 [   3    2   72   24 1035    0   83    0    5    0]
 [   0    0    0    2    0 1166    0   22    6   31]
 [ 118    2   86   24   81    0  867    0   11    0]
 [   0    0    0    0    0   16    0 1089    5  117]
 [   2    0    4    5    7    3   13    6 1157    1]
 [   0    0    0    0    0    8    0   12    1 1201]]
Epoch: 56
TRAIN CROSS ENTROPY: 0.34654380204500973
VALIDATION CROSS ENTROPY: 0.41529734949270886
VALIDATION CONFUSION MATRIX:
[[380   0   5   9   0   0  55   0   1   0]
 [  2 517   3  10   1   0   1   0   0   0]
 [  9   0 329   2  55   0  17   0   1   0]
 [ 11   6   3 451  32   0  10   0   1   0]
 [  0   1  23   8 412   0  33   0   1   0]
 [  1   0   0   2   0 479   0  12   1   7]
 [ 53   1  46  10  36   0 350   0   3   1]
 [  0   0   0   0   0  13   0 437   0  35]
 [  2   1   3   2   1   3   3   2 446   1]
 [  0   0   0   0   0   0   0   4   0 456]]
TEST CROSS ENTROPY: 0.42028672782580057
TEST CONFUSION MATRIX:
[[ 965    1    8   35    3    0  116    0    7    1]
 [   4 1178    3   20    5    0    2    0    1    0]
 [  15    0  950   10  138    0   73    0    5    1]
 [  20   12   15 1023   68    0   33    0    1    0]
 [   3    2   74   24 1032    0   84    0    5    0]
 [   0    0    0    2    0 1166    0   22    6   31]
 [ 117    2   87   24   81    0  867    0   11    0]
 [   0    0    0    0    0   16    0 1089    5  117]
 [   2    0    4    5    7    2   13    6 1158    1]
 [   0    0    0    0    0    8    0   12    1 1201]]
Epoch: 57
TRAIN CROSS ENTROPY: 0.34597639865345425
VALIDATION CROSS ENTROPY: 0.41512207170327503
VALIDATION CONFUSION MATRIX:
[[379   0   5   9   0   0  56   0   1   0]
 [  2 517   3  10   1   0   1   0   0   0]
 [  9   0 328   2  56   0  17   0   1   0]
 [ 11   7   3 450  32   0  10   0   1   0]
 [  0   1  23   9 412   0  32   0   1   0]
 [  1   0   0   2   0 479   0  12   1   7]
 [ 53   1  46  10  36   0 350   0   3   1]
 [  0   0   0   0   0  13   0 437   0  35]
 [  2   1   2   2   1   3   3   2 447   1]
 [  0   0   0   0   0   0   0   4   0 456]]
TEST CROSS ENTROPY: 0.4204552164475123
TEST CONFUSION MATRIX:
[[ 966    1    8   35    3    0  115    0    7    1]
 [   4 1179    3   19    5    0    2    0    1    0]
 [  15    0  947   11  139    1   73    0    6    0]
 [  19   12   15 1024   68    0   33    0    1    0]
 [   3    2   73   24 1032    0   85    0    5    0]
 [   0    0    0    2    0 1166    0   22    6   31]
 [ 117    2   85   25   81    0  868    0   11    0]
 [   0    0    0    0    0   16    0 1089    5  117]
 [   2    0    4    5    7    2   13    6 1158    1]
 [   0    0    0    0    0    8    0   12    1 1201]]
Epoch: 58
TRAIN CROSS ENTROPY: 0.3454112266721549
VALIDATION CROSS ENTROPY: 0.415374670724074
VALIDATION CONFUSION MATRIX:
[[380   0   5   9   0   0  55   0   1   0]
 [  2 517   3  10   1   0   1   0   0   0]
 [  9   0 328   2  56   0  17   0   1   0]
 [ 10   6   3 451  32   0  11   0   1   0]
 [  0   1  23   8 411   0  34   0   1   0]
 [  1   0   0   2   0 479   0  12   1   7]
 [ 51   1  45  11  35   0 353   0   3   1]
 [  0   0   0   0   0  13   0 437   0  35]
 [  2   1   3   2   1   3   3   2 446   1]
 [  0   0   0   0   0   0   0   4   0 456]]
TEST CROSS ENTROPY: 0.4204117003679276
TEST CONFUSION MATRIX:
[[ 965    1    8   35    3    0  116    0    7    1]
 [   4 1178    3   20    5    0    2    0    1    0]
 [  15    0  947   11  138    0   75    0    5    1]
 [  20   12   15 1023   68    0   33    0    1    0]
 [   3    2   71   24 1035    0   84    0    5    0]
 [   0    0    0    2    0 1166    0   22    6   31]
 [ 117    2   85   26   81    0  867    0   11    0]
 [   0    0    0    0    0   16    0 1089    5  117]
 [   2    0    4    4    7    3   12    6 1159    1]
 [   0    0    0    0    0    8    0   12    1 1201]]
Epoch: 59
TRAIN CROSS ENTROPY: 0.34485199991199705
VALIDATION CROSS ENTROPY: 0.4153245834509532
VALIDATION CONFUSION MATRIX:
[[380   0   5   9   0   0  55   0   1   0]
 [  2 517   3  10   1   0   1   0   0   0]
 [  9   0 328   2  56   0  17   0   1   0]
 [ 11   6   3 451  32   0  10   0   1   0]
 [  0   1  23   9 412   0  32   0   1   0]
 [  1   0   0   2   0 479   0  12   1   7]
 [ 52   1  44  11  35   0 353   0   3   1]
 [  0   0   0   0   0  13   0 437   0  35]
 [  2   1   3   2   1   3   3   2 446   1]
 [  0   0   0   0   0   0   0   4   0 456]]
TEST CROSS ENTROPY: 0.42044725851217907
TEST CONFUSION MATRIX:
[[ 969    1    8   35    3    0  112    0    7    1]
 [   4 1178    3   20    5    0    2    0    1    0]
 [  16    0  950   10  137    1   73    0    5    0]
 [  20   12   15 1023   68    0   33    0    1    0]
 [   3    2   71   24 1034    0   85    0    5    0]
 [   0    0    0    2    0 1166    0   22    6   31]
 [ 119    2   86   24   81    0  866    0   11    0]
 [   0    0    0    0    0   16    0 1090    5  116]
 [   2    0    4    4    7    3   13    6 1158    1]
 [   0    0    0    0    0    8    0   12    1 1201]]
Epoch: 60
TRAIN CROSS ENTROPY: 0.34435230953825846
VALIDATION CROSS ENTROPY: 0.4153428888320923
VALIDATION CONFUSION MATRIX:
[[380   0   5   9   0   0  55   0   1   0]
 [  2 517   3  10   1   0   1   0   0   0]
 [  9   0 327   2  57   0  17   0   1   0]
 [ 11   6   3 451  32   0  10   0   1   0]
 [  0   1  23   9 412   0  32   0   1   0]
 [  1   0   0   2   0 479   0  12   1   7]
 [ 51   1  44  12  35   0 353   0   3   1]
 [  0   0   0   0   0  13   0 437   0  35]
 [  2   1   3   2   1   3   3   2 446   1]
 [  0   0   0   0   0   0   0   4   0 456]]
TEST CROSS ENTROPY: 0.4206499874194463
TEST CONFUSION MATRIX:
[[ 965    1    8   35    3    0  116    0    7    1]
 [   4 1178    3   20    5    0    2    0    1    0]
 [  16    0  950   11  136    1   72    0    6    0]
 [  20   12   15 1024   67    0   33    0    1    0]
 [   3    2   69   25 1038    0   82    0    5    0]
 [   0    0    0    2    0 1167    0   22    6   30]
 [ 118    2   87   24   81    0  866    0   11    0]
 [   0    0    0    0    0   16    0 1090    5  116]
 [   2    0    4    4    7    3   12    5 1159    2]
 [   0    0    0    0    0    8    0   12    1 1201]]
Epoch: 61
TRAIN CROSS ENTROPY: 0.3438728333623321
VALIDATION CROSS ENTROPY: 0.4155482815702756
VALIDATION CONFUSION MATRIX:
[[380   0   5   8   0   0  56   0   1   0]
 [  2 517   3  10   1   0   1   0   0   0]
 [  9   0 328   2  56   0  17   0   1   0]
 [ 12   6   3 450  32   0  10   0   1   0]
 [  0   1  23   8 413   0  32   0   1   0]
 [  1   0   0   2   0 479   0  12   1   7]
 [ 52   1  44  11  36   0 352   0   3   1]
 [  0   0   0   0   0  13   0 437   0  35]
 [  2   1   3   2   1   3   3   2 446   1]
 [  0   0   0   0   0   0   0   4   0 456]]
TEST CROSS ENTROPY: 0.4204379100004832
TEST CONFUSION MATRIX:
[[ 967    1    8   35    3    0  114    0    7    1]
 [   4 1178    3   20    5    0    2    0    1    0]
 [  16    0  950   11  136    1   73    0    5    0]
 [  20   12   15 1024   67    0   33    0    1    0]
 [   3    2   69   25 1038    0   82    0    5    0]
 [   0    0    0    2    0 1166    0   22    6   31]
 [ 120    2   88   24   83    0  861    0   11    0]
 [   0    0    0    0    0   17    0 1089    5  116]
 [   2    0    4    4    7    3   13    6 1158    1]
 [   0    0    0    0    0    8    0   12    1 1201]]
Epoch: 62
TRAIN CROSS ENTROPY: 0.3433632661126278
VALIDATION CROSS ENTROPY: 0.41575532297293344
VALIDATION CONFUSION MATRIX:
[[381   0   5   9   0   0  54   0   1   0]
 [  2 517   3  10   1   0   1   0   0   0]
 [  9   0 328   2  56   0  17   0   1   0]
 [ 11   6   3 450  32   0  11   0   1   0]
 [  0   1  23   9 411   0  33   0   1   0]
 [  1   0   0   2   0 479   0  12   1   7]
 [ 51   1  44  11  37   0 352   0   3   1]
 [  0   0   0   0   0  13   0 437   0  35]
 [  2   1   3   2   1   3   3   2 446   1]
 [  0   0   0   0   0   0   0   4   0 456]]
TEST CROSS ENTROPY: 0.42061406910419463
TEST CONFUSION MATRIX:
[[ 966    1    8   35    3    0  115    0    7    1]
 [   4 1179    3   19    5    0    2    0    1    0]
 [  16    0  951   11  136    1   73    0    4    0]
 [  20   12   15 1024   67    0   33    0    1    0]
 [   3    2   70   24 1038    0   82    0    5    0]
 [   0    0    0    2    0 1166    0   22    6   31]
 [ 118    2   90   24   83    0  861    0   11    0]
 [   0    0    0    0    0   17    0 1089    5  116]
 [   2    0    4    3    7    3   13    6 1159    1]
 [   0    0    0    0    0    8    0   12    1 1201]]
Epoch: 63
TRAIN CROSS ENTROPY: 0.3429000183388039
VALIDATION CROSS ENTROPY: 0.4158298452695211
VALIDATION CONFUSION MATRIX:
[[381   0   5   9   0   0  54   0   1   0]
 [  2 517   3  10   1   0   1   0   0   0]
 [  9   0 327   2  57   0  17   0   1   0]
 [ 12   6   3 450  32   0  10   0   1   0]
 [  0   1  23   9 412   0  32   0   1   0]
 [  1   0   0   2   0 479   0  12   1   7]
 [ 51   1  46  11  36   0 351   0   3   1]
 [  0   0   0   0   0  13   0 438   0  34]
 [  2   1   3   2   1   3   3   2 446   1]
 [  0   0   0   0   0   0   0   4   0 456]]
STOPPING EPOCH 63
