WARNING:tensorflow:From /util/opt/anaconda/deployed-conda-envs/packages/tensorflow-gpu/envs/tensorflow-gpu-1.7.0-py36/lib/python3.6/site-packages/tensorflow/contrib/learn/python/learn/datasets/base.py:198: retry (from tensorflow.contrib.learn.python.learn.datasets.base) is deprecated and will be removed in a future version.
Instructions for updating:
Use the retry module or similar alternatives.
43200
4800
12000
2019-02-06 22:48:00.121394: I tensorflow/core/platform/cpu_feature_guard.cc:140] Your CPU supports instructions that this TensorFlow binary was not compiled to use: AVX AVX2 AVX512F FMA
2019-02-06 22:48:00.315556: I tensorflow/core/common_runtime/gpu/gpu_device.cc:1344] Found device 0 with properties: 
name: Tesla P100-PCIE-16GB major: 6 minor: 0 memoryClockRate(GHz): 1.3285
pciBusID: 0000:3b:00.0
totalMemory: 15.90GiB freeMemory: 15.61GiB
2019-02-06 22:48:00.315651: I tensorflow/core/common_runtime/gpu/gpu_device.cc:1423] Adding visible gpu devices: 0
2019-02-06 22:48:00.616680: I tensorflow/core/common_runtime/gpu/gpu_device.cc:911] Device interconnect StreamExecutor with strength 1 edge matrix:
2019-02-06 22:48:00.616781: I tensorflow/core/common_runtime/gpu/gpu_device.cc:917]      0 
2019-02-06 22:48:00.616797: I tensorflow/core/common_runtime/gpu/gpu_device.cc:930] 0:   N 
2019-02-06 22:48:00.617082: I tensorflow/core/common_runtime/gpu/gpu_device.cc:1041] Created TensorFlow device (/job:localhost/replica:0/task:0/device:GPU:0 with 15142 MB memory) -> physical GPU (device: 0, name: Tesla P100-PCIE-16GB, pci bus id: 0000:3b:00.0, compute capability: 6.0)
Epoch: 0
TRAIN CROSS ENTROPY: 0.6609769307904774
VALIDATION CROSS ENTROPY: 0.5126201249162357
VALIDATION CONFUSION MATRIX:
[[394   6  10  25   0   0  24   0   7   0]
 [  3 438   7  10   0   0   1   0   1   0]
 [  6   2 396   8  42   2  28   0   5   0]
 [ 31   8   8 422  10   1  14   0   3   0]
 [  1   3  73  27 325   0  50   0   5   0]
 [  0   1   0   0   0 434   0  27   1  23]
 [ 96   2  70  21  44   0 247   0  12   0]
 [  0   0   0   0   0  10   0 411   3  25]
 [  2   1   9   5   0   4   5   2 459   0]
 [  0   1   0   0   0   5   0  23   0 461]]
TEST CROSS ENTROPY: 0.502192567785581
TEST CONFUSION MATRIX:
[[1061    8   22   72    4    2   41    0   27    0]
 [   3 1108   13   40    2    0    2    0    2    0]
 [  19    3  984   15  114    0   59    0   16    0]
 [  56   24   17 1081   27    0   22    0    5    0]
 [   2    6  179   86  805    1  113    0   12    0]
 [   1    0    0    1    0 1082    0   75    7   70]
 [ 241    6  179   43   91    0  553    0   35    0]
 [   0    0    0    0    0   26    0 1127    3   63]
 [   2    0    8   16    2    7   16    5 1079    0]
 [   0    0    0    1    0   13    0   75    0 1120]]
Epoch: 1
TRAIN CROSS ENTROPY: 0.4593818427898266
VALIDATION CROSS ENTROPY: 0.45496317207813264
VALIDATION CONFUSION MATRIX:
[[399   5  10  19   0   0  28   0   5   0]
 [  4 443   3   8   0   0   1   0   1   0]
 [  5   2 400   8  40   2  28   0   4   0]
 [ 32   4   7 424  11   1  15   0   3   0]
 [  1   2  60  25 340   0  50   0   6   0]
 [  0   0   0   1   0 444   0  23   2  16]
 [ 92   2  59  20  43   0 266   0  10   0]
 [  0   0   0   0   0  10   0 412   4  23]
 [  2   1   7   3   0   3   5   1 465   0]
 [  0   1   0   0   0   4   0  23   0 462]]
TEST CROSS ENTROPY: 0.4458641815781593
TEST CONFUSION MATRIX:
[[1065    7   21   61    8    2   48    0   25    0]
 [   5 1124    2   34    2    0    1    0    2    0]
 [  20    2  990   14  107    0   63    0   14    0]
 [  56   24   13 1077   31    0   27    0    4    0]
 [   3    4  154   71  845    1  114    0   12    0]
 [   1    0    0    1    0 1121    0   60    8   45]
 [ 220    6  153   36   94    0  606    0   33    0]
 [   0    0    0    0    0   27    0 1139    2   51]
 [   1    0    5   13    2    2   16    5 1091    0]
 [   1    0    0    0    0   11    0   61    0 1136]]
Epoch: 2
TRAIN CROSS ENTROPY: 0.41566707852262036
VALIDATION CROSS ENTROPY: 0.42680191665887834
VALIDATION CONFUSION MATRIX:
[[404   5   9  15   0   0  29   0   4   0]
 [  2 446   3   7   0   0   1   0   1   0]
 [  5   2 402   8  39   2  28   0   3   0]
 [ 32   4   5 427  10   1  14   0   4   0]
 [  0   2  59  23 351   0  45   0   4   0]
 [  0   0   0   1   0 452   0  19   1  13]
 [ 88   2  56  20  39   0 277   0  10   0]
 [  0   0   0   0   0  13   0 410   3  23]
 [  2   1   5   2   0   4   5   1 467   0]
 [  0   1   0   0   0   5   0  21   0 463]]
TEST CROSS ENTROPY: 0.41906542630990345
TEST CONFUSION MATRIX:
[[1066    7   19   61    6    0   54    0   23    1]
 [   5 1127    0   32    3    0    1    0    2    0]
 [  20    2  992   16  103    0   63    0   14    0]
 [  46   21   12 1086   35    0   29    0    3    0]
 [   2    4  133   68  867    1  117    0   12    0]
 [   1    0    0    1    0 1132    0   55    8   39]
 [ 211    7  143   32   89    0  637    0   29    0]
 [   0    0    0    0    0   30    0 1141    2   46]
 [   1    0    7   11    2    1   13    5 1095    0]
 [   1    0    0    0    0   11    0   53    0 1144]]
Epoch: 3
TRAIN CROSS ENTROPY: 0.38935423870329505
VALIDATION CROSS ENTROPY: 0.40842820147673287
VALIDATION CONFUSION MATRIX:
[[408   4   8  13   0   0  30   0   3   0]
 [  2 448   3   6   0   0   0   0   1   0]
 [  5   2 402   8  42   2  25   0   3   0]
 [ 30   4   4 431   8   1  15   0   4   0]
 [  0   2  52  23 361   0  42   0   4   0]
 [  0   0   0   1   0 458   0  17   1   9]
 [ 86   2  54  19  36   0 283   0  12   0]
 [  0   0   0   0   0  12   0 412   3  22]
 [  2   1   5   2   0   4   5   1 467   0]
 [  0   1   0   0   0   3   0  17   0 469]]
TEST CROSS ENTROPY: 0.4015784873565038
TEST CONFUSION MATRIX:
[[1073    7   16   57    6    0   55    0   22    1]
 [   5 1131    0   28    3    0    1    0    2    0]
 [  19    2  993   17  100    0   65    0   14    0]
 [  47   23   12 1084   34    0   29    0    3    0]
 [   2    4  123   67  878    1  117    0   12    0]
 [   1    0    0    1    0 1145    0   49    8   32]
 [ 216    5  138   29   87    0  647    0   26    0]
 [   0    0    0    0    0   33    0 1143    2   41]
 [   1    0    6   10    3    1   12    5 1097    0]
 [   1    0    0    0    0   10    0   52    0 1146]]
Epoch: 4
TRAIN CROSS ENTROPY: 0.37002133042724045
VALIDATION CROSS ENTROPY: 0.39426320562760037
VALIDATION CONFUSION MATRIX:
[[410   3   8  12   0   0  31   0   2   0]
 [  2 449   3   5   0   0   0   0   1   0]
 [  4   2 403   8  39   2  27   0   4   0]
 [ 29   3   4 434   9   1  13   0   4   0]
 [  0   2  52  22 362   0  42   0   4   0]
 [  0   0   0   1   0 458   0  18   1   8]
 [ 85   2  50  16  35   0 294   0  10   0]
 [  0   0   0   0   0  13   0 413   2  21]
 [  2   1   5   2   0   4   5   1 467   0]
 [  0   1   0   0   0   4   0  18   0 467]]
TEST CROSS ENTROPY: 0.3886985004345576
TEST CONFUSION MATRIX:
[[1071    5   17   58    5    0   61    0   19    1]
 [   5 1133    0   26    3    0    1    0    2    0]
 [  19    2  998   18   97    0   63    0   13    0]
 [  45   21   13 1088   32    0   30    0    3    0]
 [   2    4  119   63  888    1  115    0   12    0]
 [   1    0    0    2    0 1151    0   44    8   30]
 [ 211    5  125   31   86    0  665    0   25    0]
 [   0    0    0    0    0   30    0 1146    2   41]
 [   1    0    7    9    3    1   12    5 1097    0]
 [   1    0    0    0    0   11    0   50    0 1147]]
Epoch: 5
TRAIN CROSS ENTROPY: 0.35459269250984543
VALIDATION CROSS ENTROPY: 0.3841350583235423
VALIDATION CONFUSION MATRIX:
[[410   3   9  10   0   0  32   0   2   0]
 [  2 448   4   5   0   0   0   0   1   0]
 [  4   1 404   8  39   2  27   0   4   0]
 [ 27   3   4 437   9   0  11   0   6   0]
 [  0   2  53  22 364   0  39   0   4   0]
 [  0   0   0   1   0 458   0  18   1   8]
 [ 85   2  51  16  30   0 299   0   9   0]
 [  0   0   0   0   0  12   0 414   2  21]
 [  2   1   5   2   0   4   5   1 467   0]
 [  0   1   0   0   0   4   0  17   0 468]]
TEST CROSS ENTROPY: 0.37920235115289685
TEST CONFUSION MATRIX:
[[1071    4   17   57    5    0   62    0   20    1]
 [   5 1133    0   26    3    0    1    0    2    0]
 [  19    1 1005   18   92    0   62    0   13    0]
 [  47   21   13 1090   31    0   27    0    3    0]
 [   2    3  120   62  895    1  109    0   12    0]
 [   1    0    0    2    0 1159    0   42    7   25]
 [ 211    4  120   33   76    0  681    0   23    0]
 [   0    0    0    0    0   27    0 1149    2   41]
 [   2    0    6    8    3    2   11    4 1099    0]
 [   1    0    0    0    0   11    0   49    0 1148]]
Epoch: 6
TRAIN CROSS ENTROPY: 0.34164628982543943
VALIDATION CROSS ENTROPY: 0.3755678489804268
VALIDATION CONFUSION MATRIX:
[[410   2   9  11   0   0  32   0   2   0]
 [  3 449   3   4   0   0   0   0   1   0]
 [  5   1 404   9  39   2  25   0   4   0]
 [ 26   3   5 440   8   0  10   0   5   0]
 [  0   2  50  22 365   0  41   0   4   0]
 [  0   0   0   1   0 460   0  18   1   6]
 [ 89   2  47  16  29   0 300   0   9   0]
 [  0   0   0   0   0  12   0 416   2  19]
 [  3   1   5   2   0   4   5   1 466   0]
 [  0   1   0   0   0   4   0  16   0 469]]
TEST CROSS ENTROPY: 0.37134696904818215
TEST CONFUSION MATRIX:
[[1077    4   16   56    5    0   59    0   19    1]
 [   5 1132    0   26    3    0    1    0    3    0]
 [  18    1 1006   20   92    0   61    0   12    0]
 [  46   19   13 1096   30    0   27    0    1    0]
 [   2    3  117   63  906    1  101    0   11    0]
 [   2    0    0    2    0 1162    0   42    6   22]
 [ 212    3  117   34   73    0  686    0   23    0]
 [   0    0    0    0    0   27    0 1153    1   38]
 [   2    0    6    7    3    2   12    4 1099    0]
 [   1    0    0    0    0   11    0   48    0 1149]]
Epoch: 7
TRAIN CROSS ENTROPY: 0.33046797589019494
VALIDATION CROSS ENTROPY: 0.36828199977676074
VALIDATION CONFUSION MATRIX:
[[410   2   9  10   0   0  33   0   2   0]
 [  3 449   3   4   0   0   0   0   1   0]
 [  5   1 405   9  37   2  26   0   4   0]
 [ 24   3   4 445   7   0  10   0   4   0]
 [  0   2  53  22 363   0  40   0   4   0]
 [  0   0   0   1   0 462   0  16   1   6]
 [ 91   2  44  16  27   0 303   0   9   0]
 [  0   0   0   0   0  12   0 417   2  18]
 [  2   1   5   3   0   4   2   1 469   0]
 [  0   1   0   0   0   3   0  16   0 470]]
TEST CROSS ENTROPY: 0.3650048521757126
TEST CONFUSION MATRIX:
[[1079    3   16   54    5    0   61    0   18    1]
 [   6 1131    0   26    3    0    1    0    3    0]
 [  18    1 1007   20   90    0   64    0   10    0]
 [  47   17   13 1099   29    0   26    0    1    0]
 [   2    3  118   63  906    1  100    0   11    0]
 [   2    0    0    2    0 1165    0   40    6   21]
 [ 214    3  116   29   74    0  690    0   22    0]
 [   0    0    0    0    0   25    0 1155    1   38]
 [   2    0    6    7    3    3   12    4 1098    0]
 [   1    0    0    0    0   11    0   49    0 1148]]
Epoch: 8
TRAIN CROSS ENTROPY: 0.3203706927790686
VALIDATION CROSS ENTROPY: 0.36226081907749175
VALIDATION CONFUSION MATRIX:
[[410   2   9  11   0   0  32   0   2   0]
 [  3 449   3   4   0   0   0   0   1   0]
 [  5   1 409   9  36   1  25   0   3   0]
 [ 24   3   4 446   7   0   9   0   4   0]
 [  0   1  50  21 370   0  38   0   4   0]
 [  0   0   0   1   0 462   0  16   1   6]
 [ 91   2  45  15  26   0 304   0   9   0]
 [  0   0   0   0   0  12   0 417   2  18]
 [  2   1   5   3   0   4   2   1 469   0]
 [  0   1   0   0   0   3   0  16   0 470]]
TEST CROSS ENTROPY: 0.35970965078473094
TEST CONFUSION MATRIX:
[[1076    3   18   55    5    0   61    0   18    1]
 [   6 1131    0   26    3    0    1    0    3    0]
 [  18    1 1013   20   88    0   60    0   10    0]
 [  43   17   13 1105   30    0   24    0    0    0]
 [   2    3  115   62  914    1   96    0   11    0]
 [   1    0    0    2    0 1168    0   38    6   21]
 [ 217    3  113   29   76    0  688    0   22    0]
 [   0    0    0    0    0   24    0 1157    1   37]
 [   2    0    6    7    3    2   11    4 1100    0]
 [   1    0    0    0    0   11    0   48    0 1149]]
Epoch: 9
TRAIN CROSS ENTROPY: 0.3112967381819531
VALIDATION CROSS ENTROPY: 0.3573219460248947
VALIDATION CONFUSION MATRIX:
[[410   2   9  11   0   0  32   0   2   0]
 [  3 449   3   4   0   0   0   0   1   0]
 [  7   1 409   9  36   1  24   0   2   0]
 [ 23   4   4 446   7   0   9   0   4   0]
 [  0   1  53  20 368   0  38   0   4   0]
 [  0   0   0   1   0 462   0  16   1   6]
 [ 93   2  43  15  26   0 304   0   9   0]
 [  0   0   0   0   0  11   0 418   2  18]
 [  2   1   4   3   0   4   2   1 470   0]
 [  0   1   0   0   0   3   0  15   0 471]]
TEST CROSS ENTROPY: 0.35502948582172394
TEST CONFUSION MATRIX:
[[1078    4   16   56    4    0   60    0   18    1]
 [   6 1131    0   26    3    0    1    0    3    0]
 [  18    1 1017   20   88    0   57    0    9    0]
 [  41   17   13 1108   29    1   23    0    0    0]
 [   2    3  115   61  917    1   94    0   11    0]
 [   1    0    0    2    0 1173    0   36    6   18]
 [ 216    3  115   30   76    0  687    0   21    0]
 [   0    0    0    0    0   24    0 1156    1   38]
 [   2    0    7    7    3    4   10    4 1098    0]
 [   1    0    0    0    0   11    0   47    0 1150]]
Epoch: 10
TRAIN CROSS ENTROPY: 0.3030323819650544
VALIDATION CROSS ENTROPY: 0.35231992358962694
VALIDATION CONFUSION MATRIX:
[[412   2   8  11   0   0  31   0   2   0]
 [  3 449   3   4   0   0   0   0   1   0]
 [  6   1 410   8  37   1  24   0   2   0]
 [ 24   4   4 443   7   0  11   0   4   0]
 [  0   1  50  20 371   0  38   0   4   0]
 [  0   0   0   1   0 462   0  16   1   6]
 [ 93   2  40  15  26   0 308   0   8   0]
 [  0   0   0   0   0  11   0 418   2  18]
 [  2   1   5   3   0   4   2   1 469   0]
 [  0   1   0   0   0   3   0  15   0 471]]
TEST CROSS ENTROPY: 0.35053067561984064
TEST CONFUSION MATRIX:
[[1080    4   15   55    4    0   60    0   18    1]
 [   6 1132    0   25    3    0    1    0    3    0]
 [  20    1 1010   21   89    0   61    0    8    0]
 [  42   17   12 1109   30    1   21    0    0    0]
 [   2    3  110   60  926    1   91    0   11    0]
 [   1    0    0    2    0 1177    0   32    6   18]
 [ 221    3  113   29   74    0  689    0   19    0]
 [   0    0    0    0    0   25    0 1155    1   38]
 [   3    0    6    7    3    4    9    4 1099    0]
 [   0    1    0    0    0   12    0   47    0 1149]]
Epoch: 11
TRAIN CROSS ENTROPY: 0.2953884232872062
VALIDATION CROSS ENTROPY: 0.3485640633106232
VALIDATION CONFUSION MATRIX:
[[412   1   8  12   0   0  31   0   2   0]
 [  3 449   3   4   0   0   0   0   1   0]
 [  8   0 410   9  36   1  23   0   2   0]
 [ 24   4   4 445   5   0  11   0   4   0]
 [  0   2  49  19 371   0  39   0   4   0]
 [  0   0   0   1   0 463   0  16   1   5]
 [ 92   2  40  15  26   0 308   0   9   0]
 [  0   0   0   0   0  11   0 418   2  18]
 [  2   1   5   3   0   4   3   1 468   0]
 [  0   1   0   0   0   3   0  14   0 472]]
TEST CROSS ENTROPY: 0.347199017316103
TEST CONFUSION MATRIX:
[[1084    4   15   52    4    0   58    0   19    1]
 [   6 1133    0   24    3    0    1    0    3    0]
 [  20    1 1014   21   88    0   58    0    8    0]
 [  42   19   12 1108   29    1   20    0    1    0]
 [   2    3  108   60  931    1   89    0   10    0]
 [   0    0    0    2    0 1180    0   32    6   16]
 [ 221    2  113   28   74    0  691    0   19    0]
 [   0    0    0    0    0   23    0 1157    1   38]
 [   2    0    7    7    3    4    9    4 1099    0]
 [   0    1    0    0    0   12    0   47    0 1149]]
Epoch: 12
TRAIN CROSS ENTROPY: 0.2881712429115066
VALIDATION CROSS ENTROPY: 0.3448176337281863
VALIDATION CONFUSION MATRIX:
[[414   1   8  12   0   0  29   0   2   0]
 [  3 450   2   4   0   0   0   0   1   0]
 [  8   0 411   9  36   1  22   0   2   0]
 [ 24   5   4 443   6   0  11   0   4   0]
 [  0   2  51  19 371   0  38   0   3   0]
 [  0   0   0   1   0 464   0  16   1   4]
 [ 92   2  39  14  26   0 311   0   8   0]
 [  0   0   0   0   0  11   0 418   2  18]
 [  2   1   5   3   0   4   3   1 468   0]
 [  0   1   0   0   0   3   0  14   0 472]]
TEST CROSS ENTROPY: 0.34412571145097415
TEST CONFUSION MATRIX:
[[1085    4   15   53    4    0   56    0   19    1]
 [   6 1133    0   24    3    0    1    0    3    0]
 [  20    1 1016   20   86    0   59    0    8    0]
 [  42   17   12 1110   29    1   20    0    1    0]
 [   2    3  106   57  938    1   87    0   10    0]
 [   0    0    0    2    0 1181    0   31    5   17]
 [ 224    2  114   27   73    0  690    0   18    0]
 [   0    0    0    0    0   21    0 1160    1   37]
 [   2    0    7    7    2    4   10    4 1099    0]
 [   0    1    0    0    0   12    0   46    0 1150]]
Epoch: 13
TRAIN CROSS ENTROPY: 0.28155993959694
VALIDATION CROSS ENTROPY: 0.3420256096124649
VALIDATION CONFUSION MATRIX:
[[414   1   8  11   0   0  30   0   2   0]
 [  3 450   2   4   0   0   0   0   1   0]
 [  8   0 413   9  33   1  23   0   2   0]
 [ 24   4   4 444   6   0  11   0   4   0]
 [  0   2  52  20 368   0  39   0   3   0]
 [  0   0   0   1   0 463   0  16   1   5]
 [ 90   2  40  14  25   0 314   0   7   0]
 [  0   0   0   0   0  11   0 420   2  16]
 [  2   1   5   3   0   4   2   1 469   0]
 [  0   1   0   0   0   3   0  15   0 471]]
TEST CROSS ENTROPY: 0.34177003717422483
TEST CONFUSION MATRIX:
[[1087    5   16   52    4    0   53    0   19    1]
 [   4 1135    0   24    3    0    2    0    2    0]
 [  20    0 1020   20   85    0   57    0    8    0]
 [  42   18   12 1110   27    1   21    0    1    0]
 [   2    3  106   56  940    1   86    0   10    0]
 [   0    0    0    2    0 1181    0   31    5   17]
 [ 221    2  114   28   71    0  694    0   18    0]
 [   0    0    0    0    0   22    0 1158    1   38]
 [   2    0    5    6    2    4   10    4 1102    0]
 [   0    1    0    0    0   12    0   43    0 1153]]
Epoch: 14
TRAIN CROSS ENTROPY: 0.2751511039502091
VALIDATION CROSS ENTROPY: 0.3393879589438438
VALIDATION CONFUSION MATRIX:
[[418   1   8  10   0   0  27   0   2   0]
 [  3 450   2   4   0   0   0   0   1   0]
 [  9   0 412   9  32   1  24   0   2   0]
 [ 25   4   4 443   6   0  11   0   4   0]
 [  0   2  52  20 368   0  39   0   3   0]
 [  0   0   0   1   0 465   0  16   1   3]
 [ 92   2  39  14  25   0 313   0   7   0]
 [  0   0   0   0   0  11   0 420   2  16]
 [  2   0   4   4   1   4   2   1 469   0]
 [  0   1   0   0   0   4   0  15   0 470]]
TEST CROSS ENTROPY: 0.3393288013736407
TEST CONFUSION MATRIX:
[[1091    5   15   49    4    0   53    0   19    1]
 [   4 1136    0   23    3    0    2    0    2    0]
 [  24    0 1019   20   85    0   56    0    6    0]
 [  44   17   12 1112   25    1   20    0    1    0]
 [   2    3  107   55  946    1   80    0   10    0]
 [   0    0    0    2    0 1183    0   29    5   17]
 [ 225    2  114   29   69    0  691    0   18    0]
 [   0    0    0    0    0   23    0 1157    1   38]
 [   2    0    5    6    2    4    9    4 1103    0]
 [   0    1    0    0    0   12    0   42    0 1154]]
Epoch: 15
TRAIN CROSS ENTROPY: 0.26922367651153495
VALIDATION CROSS ENTROPY: 0.33675481999913853
VALIDATION CONFUSION MATRIX:
[[419   1   8  10   0   0  26   0   2   0]
 [  3 450   2   4   0   0   0   0   1   0]
 [  9   0 411  10  33   1  23   0   2   0]
 [ 24   4   4 444   6   0  11   0   4   0]
 [  0   2  51  20 369   0  39   0   3   0]
 [  0   0   0   1   0 465   0  15   1   4]
 [ 92   2  39  13  23   0 316   0   7   0]
 [  0   0   0   0   0  11   0 420   2  16]
 [  2   0   4   4   1   4   3   1 468   0]
 [  0   1   0   0   0   4   0  16   0 469]]
TEST CROSS ENTROPY: 0.33704831677675245
TEST CONFUSION MATRIX:
[[1090    5   16   45    4    0   57    0   19    1]
 [   4 1136    0   23    3    0    2    0    2    0]
 [  25    0 1023   19   86    0   51    0    6    0]
 [  43   16   12 1114   24    1   21    0    1    0]
 [   2    3  109   56  943    1   81    0    9    0]
 [   0    0    1    1    0 1184    0   28    5   17]
 [ 219    2  112   29   72    0  697    0   17    0]
 [   0    0    0    0    0   22    0 1157    1   39]
 [   2    0    5    6    2    4   10    4 1102    0]
 [   0    1    0    0    0   12    0   42    0 1154]]
Epoch: 16
TRAIN CROSS ENTROPY: 0.2635952609860235
VALIDATION CROSS ENTROPY: 0.33412382369240123
VALIDATION CONFUSION MATRIX:
[[420   1   8  10   0   0  25   0   2   0]
 [  3 450   2   4   0   0   0   0   1   0]
 [  9   0 411  10  33   1  23   0   2   0]
 [ 24   4   4 444   6   0  11   0   4   0]
 [  0   2  50  19 373   0  37   0   3   0]
 [  0   0   0   1   0 466   0  14   1   4]
 [ 93   2  36  14  24   0 316   0   7   0]
 [  0   0   0   0   0  11   0 420   2  16]
 [  2   0   4   4   1   4   2   1 469   0]
 [  0   1   0   0   0   4   0  15   0 470]]
TEST CROSS ENTROPY: 0.33505958916743595
TEST CONFUSION MATRIX:
[[1090    5   16   45    4    0   57    0   19    1]
 [   4 1136    0   23    3    0    2    0    2    0]
 [  25    0 1026   19   84    0   50    0    6    0]
 [  42   15   11 1115   25    1   21    0    2    0]
 [   2    3  105   59  947    1   78    0    9    0]
 [   0    0    1    1    0 1184    0   28    5   17]
 [ 223    2  105   30   72    0  699    0   17    0]
 [   0    0    0    0    0   22    0 1157    1   39]
 [   2    0    6    5    2    4   10    4 1102    0]
 [   0    1    0    0    0   12    0   41    0 1155]]
Epoch: 17
TRAIN CROSS ENTROPY: 0.258145915504407
VALIDATION CROSS ENTROPY: 0.3315760524570942
VALIDATION CONFUSION MATRIX:
[[421   1   8  10   0   0  24   0   2   0]
 [  3 450   2   4   0   0   0   0   1   0]
 [ 10   0 410   9  33   1  24   0   2   0]
 [ 24   4   3 444   6   0  12   0   4   0]
 [  0   2  48  17 378   0  37   0   2   0]
 [  0   0   0   1   0 467   0  13   1   4]
 [ 97   2  35  13  25   0 313   0   7   0]
 [  0   0   0   0   0  11   0 420   2  16]
 [  2   0   4   4   1   4   3   1 468   0]
 [  0   1   0   0   0   5   0  16   0 468]]
TEST CROSS ENTROPY: 0.3331085504591465
TEST CONFUSION MATRIX:
[[1090    5   17   46    4    0   57    0   17    1]
 [   4 1136    0   23    3    0    2    0    2    0]
 [  24    0 1026   20   84    0   50    0    6    0]
 [  42   14   11 1115   26    1   21    0    2    0]
 [   2    3  103   57  952    1   77    0    9    0]
 [   0    0    1    1    0 1184    0   27    5   18]
 [ 223    2  103   28   72    0  703    0   17    0]
 [   0    0    0    0    0   22    0 1156    1   40]
 [   2    0    6    5    2    4   10    4 1102    0]
 [   0    1    0    0    0   13    0   42    0 1153]]
Epoch: 18
TRAIN CROSS ENTROPY: 0.25293292009444146
VALIDATION CROSS ENTROPY: 0.3293663143614928
VALIDATION CONFUSION MATRIX:
[[420   1   8  11   0   0  24   0   2   0]
 [  3 450   3   4   0   0   0   0   0   0]
 [ 10   0 412   9  32   1  23   0   2   0]
 [ 23   4   3 445   6   0  12   0   4   0]
 [  0   2  48  17 376   0  39   0   2   0]
 [  0   0   0   1   0 467   0  13   1   4]
 [ 95   1  35  13  26   0 315   0   7   0]
 [  0   0   0   0   0  11   0 420   2  16]
 [  2   0   4   3   1   4   3   1 469   0]
 [  0   1   0   0   0   5   0  16   0 468]]
TEST CROSS ENTROPY: 0.3312485243976116
TEST CONFUSION MATRIX:
[[1090    6   16   45    4    0   58    0   17    1]
 [   4 1136    0   23    3    0    2    0    2    0]
 [  24    0 1029   21   82    0   49    0    5    0]
 [  42   13   11 1116   27    1   20    0    2    0]
 [   2    3  101   58  954    1   77    0    8    0]
 [   0    0    1    1    0 1183    0   28    5   18]
 [ 223    2  102   29   71    0  706    0   15    0]
 [   0    0    0    0    0   21    0 1159    1   38]
 [   2    0    6    5    2    4   10    4 1102    0]
 [   0    1    0    0    0   13    0   42    0 1153]]
Epoch: 19
TRAIN CROSS ENTROPY: 0.2479520381545579
VALIDATION CROSS ENTROPY: 0.3281280288596948
VALIDATION CONFUSION MATRIX:
[[426   1   8   9   0   0  20   0   2   0]
 [  3 450   3   4   0   0   0   0   0   0]
 [ 11   0 410  10  33   1  23   0   1   0]
 [ 23   4   3 445   6   0  12   0   4   0]
 [  0   2  47  18 378   0  37   0   2   0]
 [  0   0   0   1   0 466   0  13   1   5]
 [ 96   1  33  13  25   0 317   0   7   0]
 [  0   0   0   0   0  11   0 420   2  16]
 [  3   0   4   4   1   4   3   1 467   0]
 [  0   1   0   0   0   5   0  16   0 468]]
TEST CROSS ENTROPY: 0.330163408835729
TEST CONFUSION MATRIX:
[[1092    6   16   43    4    0   58    0   17    1]
 [   3 1137    0   24    3    0    2    0    1    0]
 [  24    0 1027   20   84    0   50    0    5    0]
 [  40   13   11 1119   26    1   20    0    2    0]
 [   2    3  102   57  953    1   78    0    8    0]
 [   0    0    1    1    0 1185    0   26    5   18]
 [ 224    2  102   28   68    0  708    0   16    0]
 [   0    0    0    0    0   19    0 1161    1   38]
 [   2    0    6    5    2    4   10    4 1102    0]
 [   0    1    0    0    0   13    0   42    0 1153]]
Epoch: 20
TRAIN CROSS ENTROPY: 0.2430706840891529
VALIDATION CROSS ENTROPY: 0.3261340056856473
VALIDATION CONFUSION MATRIX:
[[426   1   8   9   0   0  20   0   2   0]
 [  3 450   3   4   0   0   0   0   0   0]
 [ 11   0 409  11  33   1  23   0   1   0]
 [ 23   4   3 446   6   0  11   0   4   0]
 [  0   2  47  18 379   0  36   0   2   0]
 [  0   0   0   1   0 466   0  13   1   5]
 [ 93   1  32  13  26   0 320   0   7   0]
 [  0   0   0   0   0  10   0 422   2  15]
 [  3   0   4   3   1   4   3   1 468   0]
 [  0   1   0   0   0   5   0  16   0 468]]
TEST CROSS ENTROPY: 0.3282012225886186
TEST CONFUSION MATRIX:
[[1092    6   15   42    5    0   59    0   17    1]
 [   3 1137    0   24    3    0    2    0    1    0]
 [  24    0 1027   20   83    0   51    0    5    0]
 [  39   12   11 1120   27    1   20    0    2    0]
 [   2    3  101   57  958    1   75    0    7    0]
 [   0    0    0    1    0 1185    0   27    4   19]
 [ 222    2  101   27   67    0  712    0   17    0]
 [   0    0    0    0    0   17    0 1162    1   39]
 [   2    0    6    5    2    4    9    4 1103    0]
 [   0    1    0    0    0   15    0   42    0 1151]]
Epoch: 21
TRAIN CROSS ENTROPY: 0.23841908004272866
VALIDATION CROSS ENTROPY: 0.3249088494479656
VALIDATION CONFUSION MATRIX:
[[425   1   8  10   0   0  20   0   2   0]
 [  3 450   3   4   0   0   0   0   0   0]
 [ 10   0 411  11  32   1  23   0   1   0]
 [ 23   4   3 446   7   0  10   0   4   0]
 [  0   2  47  18 379   0  36   0   2   0]
 [  0   0   0   1   0 467   0  12   1   5]
 [ 92   1  34  13  25   0 320   0   7   0]
 [  0   0   0   0   0  10   0 422   2  15]
 [  2   0   4   3   1   4   3   1 469   0]
 [  0   1   0   0   0   5   0  16   0 468]]
TEST CROSS ENTROPY: 0.3272896063327789
TEST CONFUSION MATRIX:
[[1093    6   15   41    5    0   59    0   17    1]
 [   3 1137    0   24    3    0    2    0    1    0]
 [  24    0 1026   20   83    0   52    0    5    0]
 [  39   12   11 1119   28    1   20    0    2    0]
 [   2    3  101   56  957    1   77    0    7    0]
 [   0    0    0    1    0 1186    0   27    4   18]
 [ 221    2   94   27   66    0  721    0   17    0]
 [   0    0    0    0    0   17    0 1162    1   39]
 [   3    0    6    5    2    4    9    4 1102    0]
 [   0    1    0    0    0   15    0   43    0 1150]]
Epoch: 22
TRAIN CROSS ENTROPY: 0.2339712677233749
VALIDATION CROSS ENTROPY: 0.323655415525039
VALIDATION CONFUSION MATRIX:
[[425   1   8  10   0   0  20   0   2   0]
 [  3 450   3   4   0   0   0   0   0   0]
 [  9   0 412  11  31   1  23   0   2   0]
 [ 23   4   3 446   7   0  10   0   4   0]
 [  0   2  44  19 381   0  36   0   2   0]
 [  0   0   0   1   0 467   0  12   1   5]
 [ 96   1  32  13  26   0 317   0   7   0]
 [  0   0   0   0   0  10   0 422   2  15]
 [  2   0   4   2   1   4   3   1 470   0]
 [  0   1   0   0   0   4   0  16   0 469]]
TEST CROSS ENTROPY: 0.32621324999133744
TEST CONFUSION MATRIX:
[[1095    6   15   41    5    0   58    0   16    1]
 [   4 1138    0   22    3    0    2    0    1    0]
 [  24    0 1025   20   82    0   54    0    5    0]
 [  38   12   11 1121   27    1   20    0    2    0]
 [   2    2  101   56  959    1   76    0    7    0]
 [   0    0    0    1    0 1186    0   27    4   18]
 [ 221    2   93   28   65    0  721    0   18    0]
 [   0    0    0    0    0   17    0 1161    1   40]
 [   3    0    6    5    2    4    9    4 1102    0]
 [   0    1    0    0    0   15    0   43    0 1150]]
Epoch: 23
TRAIN CROSS ENTROPY: 0.22959491229443638
VALIDATION CROSS ENTROPY: 0.3224186880886555
VALIDATION CONFUSION MATRIX:
[[425   1   8  10   0   0  20   0   2   0]
 [  3 450   3   4   0   0   0   0   0   0]
 [ 10   0 411  10  31   1  24   0   2   0]
 [ 23   4   3 446   7   0  10   0   4   0]
 [  0   2  45  20 379   0  36   0   2   0]
 [  0   0   0   1   0 468   0  12   1   4]
 [ 93   1  33  13  27   0 319   0   6   0]
 [  0   0   0   0   0   9   0 423   2  15]
 [  2   0   4   2   1   4   3   1 470   0]
 [  0   1   0   0   0   4   0  16   0 469]]
TEST CROSS ENTROPY: 0.32518815609812735
TEST CONFUSION MATRIX:
[[1100    6   15   38    5    0   56    0   16    1]
 [   4 1139    0   21    3    0    2    0    1    0]
 [  24    0 1026   20   82    0   53    0    5    0]
 [  37   12   11 1122   26    1   21    0    2    0]
 [   2    2  103   57  957    1   76    0    6    0]
 [   0    0    0    1    0 1186    0   27    4   18]
 [ 221    2   90   27   65    0  726    0   17    0]
 [   0    0    0    0    0   16    0 1162    1   40]
 [   3    0    7    5    1    4    8    5 1102    0]
 [   0    1    0    0    0   15    0   43    0 1150]]
Epoch: 24
TRAIN CROSS ENTROPY: 0.22538116424172014
VALIDATION CROSS ENTROPY: 0.32153293485442797
VALIDATION CONFUSION MATRIX:
[[426   1   8  10   0   0  19   0   2   0]
 [  3 450   3   4   0   0   0   0   0   0]
 [ 10   0 411  10  30   1  25   0   2   0]
 [ 22   4   3 447   7   0  10   0   4   0]
 [  0   2  46  20 379   0  35   0   2   0]
 [  0   0   0   1   0 469   0  11   1   4]
 [ 91   1  33  13  27   0 321   0   6   0]
 [  0   0   0   0   0   9   0 423   2  15]
 [  1   0   4   2   1   4   4   1 470   0]
 [  0   1   0   0   0   4   0  17   0 468]]
TEST CROSS ENTROPY: 0.32468097655971845
TEST CONFUSION MATRIX:
[[1098    6   15   39    5    0   57    0   16    1]
 [   4 1139    0   21    3    0    2    0    1    0]
 [  22    0 1031   20   80    0   52    0    5    0]
 [  37   12   11 1123   26    1   20    0    2    0]
 [   2    2  105   57  955    1   76    0    6    0]
 [   0    0    0    1    0 1187    0   26    4   18]
 [ 220    2   91   27   63    0  728    0   17    0]
 [   0    0    0    0    0   16    0 1162    1   40]
 [   3    0    7    5    1    4    8    5 1102    0]
 [   0    1    0    0    0   15    0   43    0 1150]]
Epoch: 25
TRAIN CROSS ENTROPY: 0.22130952278497043
VALIDATION CROSS ENTROPY: 0.32015458519260087
VALIDATION CONFUSION MATRIX:
[[427   1   8   9   0   0  19   0   2   0]
 [  3 450   3   4   0   0   0   0   0   0]
 [ 10   0 411  10  30   1  25   0   2   0]
 [ 22   4   3 447   7   0  10   0   4   0]
 [  0   2  46  20 379   0  35   0   2   0]
 [  0   0   0   1   0 469   0  11   1   4]
 [ 91   1  32  11  27   0 324   0   6   0]
 [  0   0   0   0   0   9   0 424   2  14]
 [  1   0   4   2   1   4   4   1 470   0]
 [  0   1   0   0   0   4   0  18   0 467]]
TEST CROSS ENTROPY: 0.3237817516426245
TEST CONFUSION MATRIX:
[[1097    6   15   39    6    0   58    0   15    1]
 [   4 1139    0   21    3    0    2    0    1    0]
 [  21    0 1030   20   80    0   54    0    5    0]
 [  38   12   11 1121   27    1   20    0    2    0]
 [   2    2  102   56  957    1   78    0    6    0]
 [   0    0    0    1    0 1189    0   25    4   17]
 [ 220    2   89   27   64    0  731    0   15    0]
 [   0    0    0    0    0   16    0 1162    1   40]
 [   4    0    7    5    1    4    8    5 1101    0]
 [   0    0    0    0    0   16    0   43    0 1150]]
Epoch: 26
TRAIN CROSS ENTROPY: 0.21725180816043307
VALIDATION CROSS ENTROPY: 0.3195357620716095
VALIDATION CONFUSION MATRIX:
[[426   1   8   9   0   0  20   0   2   0]
 [  3 450   3   4   0   0   0   0   0   0]
 [ 10   0 412  10  30   1  24   0   2   0]
 [ 21   4   3 448   7   0  10   0   4   0]
 [  0   2  46  20 378   0  36   0   2   0]
 [  0   0   0   1   0 471   0   9   1   4]
 [ 89   1  32  11  27   0 326   0   6   0]
 [  0   0   0   0   0   8   0 425   2  14]
 [  1   0   4   2   1   4   4   1 470   0]
 [  0   1   0   0   0   4   0  18   0 467]]
TEST CROSS ENTROPY: 0.32290027757485706
TEST CONFUSION MATRIX:
[[1097    6   15   37    6    0   60    0   15    1]
 [   4 1139    0   21    3    0    2    0    1    0]
 [  22    0 1032   20   80    0   51    0    5    0]
 [  38   12   11 1119   27    1   22    0    2    0]
 [   2    2  100   55  963    1   75    0    6    0]
 [   0    0    0    1    0 1189    0   25    4   17]
 [ 220    2   91   25   64    0  729    0   17    0]
 [   0    0    0    0    0   16    0 1163    1   39]
 [   5    0    7    5    1    4    8    5 1100    0]
 [   0    0    0    0    0   15    0   43    0 1151]]
Epoch: 27
TRAIN CROSS ENTROPY: 0.21331566248502995
VALIDATION CROSS ENTROPY: 0.3186509651939074
VALIDATION CONFUSION MATRIX:
[[426   1   8  10   0   0  19   0   2   0]
 [  3 450   3   4   0   0   0   0   0   0]
 [ 10   0 413  10  30   1  23   0   2   0]
 [ 21   4   3 448   7   0  10   0   4   0]
 [  0   2  45  20 379   0  36   0   2   0]
 [  0   0   0   1   0 471   0   9   1   4]
 [ 88   1  30  11  28   0 328   0   6   0]
 [  0   0   0   0   0   8   0 425   2  14]
 [  1   0   4   2   1   4   4   1 470   0]
 [  0   1   0   0   0   4   0  18   0 467]]
TEST CROSS ENTROPY: 0.32215145653486255
TEST CONFUSION MATRIX:
[[1098    6   15   37    6    0   59    0   15    1]
 [   4 1139    0   21    3    0    2    0    1    0]
 [  22    0 1028   20   83    0   52    0    5    0]
 [  38   12   11 1118   27    1   23    0    2    0]
 [   2    2  100   55  963    1   75    0    6    0]
 [   0    0    0    1    0 1190    0   24    4   17]
 [ 219    2   90   25   64    0  731    0   17    0]
 [   0    0    0    0    0   17    0 1162    1   39]
 [   5    0    7    5    1    4    8    5 1100    0]
 [   0    0    0    0    0   15    0   43    0 1151]]
Epoch: 28
TRAIN CROSS ENTROPY: 0.20943437724477715
VALIDATION CROSS ENTROPY: 0.31851566741863885
VALIDATION CONFUSION MATRIX:
[[427   1   8  10   0   0  18   0   2   0]
 [  3 450   3   4   0   0   0   0   0   0]
 [ 10   0 411  11  30   1  24   0   2   0]
 [ 22   4   3 446   7   0  11   0   4   0]
 [  0   2  43  20 381   0  36   0   2   0]
 [  0   0   0   1   0 471   0   9   1   4]
 [ 86   1  29  12  28   0 330   0   6   0]
 [  0   0   0   0   0   8   0 426   2  13]
 [  1   0   4   2   1   5   4   1 469   0]
 [  0   1   0   0   0   4   0  17   0 468]]
TEST CROSS ENTROPY: 0.32192525021235147
TEST CONFUSION MATRIX:
[[1098    6   16   37    6    0   59    0   14    1]
 [   4 1138    0   22    3    0    2    0    1    0]
 [  21    0 1027   20   81    0   56    0    5    0]
 [  37   10   12 1120   26    1   24    0    2    0]
 [   2    2   98   54  965    1   76    0    6    0]
 [   0    0    0    1    0 1190    0   24    4   17]
 [ 219    2   86   25   64    0  736    0   16    0]
 [   0    0    0    0    0   17    0 1163    1   38]
 [   5    0    7    5    1    4    8    5 1100    0]
 [   0    0    0    0    0   16    0   45    0 1148]]
Epoch: 29
TRAIN CROSS ENTROPY: 0.2058042803875826
VALIDATION CROSS ENTROPY: 0.31789069339632986
VALIDATION CONFUSION MATRIX:
[[426   1   8  10   0   0  19   0   2   0]
 [  3 450   3   4   0   0   0   0   0   0]
 [ 10   0 410  11  30   1  25   0   2   0]
 [ 21   4   3 447   7   0  11   0   4   0]
 [  0   2  43  20 380   0  37   0   2   0]
 [  0   0   0   1   0 471   0   9   1   4]
 [ 86   1  30  12  28   0 329   0   6   0]
 [  0   0   0   0   0   9   0 425   2  13]
 [  2   0   4   2   1   5   3   1 469   0]
 [  0   1   0   0   0   4   0  17   0 468]]
TEST CROSS ENTROPY: 0.32158176897962887
TEST CONFUSION MATRIX:
[[1103    6   16   34    6    0   57    0   14    1]
 [   4 1138    0   22    3    0    2    0    1    0]
 [  20    0 1027   20   83    0   55    0    5    0]
 [  36   10   12 1119   28    1   24    0    2    0]
 [   2    2   94   53  971    1   74    0    7    0]
 [   0    0    0    1    0 1189    0   24    4   18]
 [ 218    2   87   25   63    0  737    0   16    0]
 [   0    0    0    0    0   17    0 1163    1   38]
 [   5    0    7    5    1    4    8    5 1100    0]
 [   0    0    0    0    0   15    0   46    0 1148]]
Epoch: 30
TRAIN CROSS ENTROPY: 0.2021406978741288
VALIDATION CROSS ENTROPY: 0.31737411096692086
VALIDATION CONFUSION MATRIX:
[[427   1   8  10   0   0  18   0   2   0]
 [  3 450   3   4   0   0   0   0   0   0]
 [ 10   0 413  11  29   1  23   0   2   0]
 [ 21   4   3 447   7   0  11   0   4   0]
 [  0   2  43  20 381   0  36   0   2   0]
 [  0   0   0   1   0 471   0   9   1   4]
 [ 87   1  28  13  28   0 329   0   6   0]
 [  0   0   0   0   0   9   0 425   2  13]
 [  1   0   4   2   1   5   4   1 469   0]
 [  0   1   0   0   0   4   0  17   0 468]]
TEST CROSS ENTROPY: 0.32119997493426006
TEST CONFUSION MATRIX:
[[1104    6   15   33    6    0   58    0   14    1]
 [   4 1138    0   22    3    0    2    0    1    0]
 [  21    0 1025   20   83    0   56    0    5    0]
 [  37   10   12 1118   28    1   24    0    2    0]
 [   2    2   92   53  973    1   74    0    7    0]
 [   0    0    0    1    0 1189    0   24    4   18]
 [ 219    2   86   25   63    0  736    0   17    0]
 [   0    0    0    0    0   15    0 1165    1   38]
 [   5    0    7    4    2    4    8    5 1100    0]
 [   0    0    0    0    0   15    0   47    0 1147]]
Epoch: 31
TRAIN CROSS ENTROPY: 0.19856742641578118
VALIDATION CROSS ENTROPY: 0.317308315038681
VALIDATION CONFUSION MATRIX:
[[428   1   8   9   0   0  18   0   2   0]
 [  3 450   3   4   0   0   0   0   0   0]
 [  9   0 413  11  30   1  23   0   2   0]
 [ 21   4   3 447   7   0  11   0   4   0]
 [  0   2  43  21 379   0  37   0   2   0]
 [  0   0   0   1   0 472   0   8   1   4]
 [ 86   1  28  12  28   0 331   0   6   0]
 [  0   0   0   0   0   9   0 425   2  13]
 [  2   0   4   2   1   5   4   1 468   0]
 [  0   1   0   0   0   4   0  17   0 468]]
TEST CROSS ENTROPY: 0.3212577121357123
TEST CONFUSION MATRIX:
[[1104    6   16   33    6    0   57    0   14    1]
 [   3 1140    0   21    3    0    2    0    1    0]
 [  21    0 1024   20   81    0   59    0    5    0]
 [  37   10   12 1118   28    1   24    0    2    0]
 [   2    2   89   52  976    1   75    0    7    0]
 [   0    0    0    1    0 1189    0   25    4   17]
 [ 219    2   84   26   65    0  735    0   17    0]
 [   0    0    0    0    0   14    0 1170    1   34]
 [   5    0    7    4    2    4    8    5 1100    0]
 [   0    0    0    0    0   16    0   50    0 1143]]
Epoch: 32
TRAIN CROSS ENTROPY: 0.19507154843045604
VALIDATION CROSS ENTROPY: 0.31751842359701793
VALIDATION CONFUSION MATRIX:
[[430   1   8   7   0   0  18   0   2   0]
 [  3 450   3   4   0   0   0   0   0   0]
 [  9   0 412  11  30   1  24   0   2   0]
 [ 22   4   3 446   7   0  11   0   4   0]
 [  0   2  42  22 381   0  35   0   2   0]
 [  0   0   0   1   0 473   0   8   1   3]
 [ 87   1  27  13  27   0 332   0   5   0]
 [  0   0   0   0   0   9   0 425   2  13]
 [  3   0   4   2   1   5   3   1 468   0]
 [  0   1   0   0   0   4   0  17   0 468]]
TEST CROSS ENTROPY: 0.32126187790433564
TEST CONFUSION MATRIX:
[[1104    6   15   32    6    0   59    0   14    1]
 [   4 1140    0   20    3    0    2    0    1    0]
 [  21    0 1020   20   84    0   60    0    5    0]
 [  38   10   11 1118   28    1   24    0    2    0]
 [   2    2   91   51  975    1   75    0    7    0]
 [   0    0    0    1    0 1190    0   24    4   17]
 [ 222    2   82   24   66    0  735    0   17    0]
 [   0    0    0    0    0   14    0 1172    1   32]
 [   5    0    7    4    2    4    8    5 1100    0]
 [   0    0    0    0    0   16    0   50    0 1143]]
Epoch: 33
TRAIN CROSS ENTROPY: 0.19166610658858663
VALIDATION CROSS ENTROPY: 0.31708528151114784
VALIDATION CONFUSION MATRIX:
[[429   1   8   8   0   0  18   0   2   0]
 [  3 451   2   4   0   0   0   0   0   0]
 [  9   0 411  11  31   1  24   0   2   0]
 [ 21   4   3 447   7   0  11   0   4   0]
 [  0   2  44  22 378   0  36   0   2   0]
 [  0   0   0   1   0 472   0   8   1   4]
 [ 83   1  26  12  26   0 339   0   5   0]
 [  0   0   0   0   0   9   0 425   2  13]
 [  3   0   4   2   1   5   3   1 468   0]
 [  0   1   0   0   0   4   0  18   0 467]]
TEST CROSS ENTROPY: 0.320840448419253
TEST CONFUSION MATRIX:
[[1102    6   16   33    6    0   59    0   14    1]
 [   4 1140    0   20    3    0    2    0    1    0]
 [  20    0 1022   21   82    0   60    0    5    0]
 [  37   10   11 1120   27    1   24    0    2    0]
 [   1    2   93   53  970    1   77    0    7    0]
 [   0    0    0    1    0 1191    0   23    4   17]
 [ 220    2   83   27   62    0  739    0   15    0]
 [   0    0    0    0    0   14    0 1173    1   31]
 [   5    0    7    4    2    4    8    5 1100    0]
 [   0    0    0    0    0   16    0   49    0 1144]]
Epoch: 34
TRAIN CROSS ENTROPY: 0.1882477407309192
VALIDATION CROSS ENTROPY: 0.31738141934076947
VALIDATION CONFUSION MATRIX:
[[429   1   9   7   0   0  18   0   2   0]
 [  3 451   2   4   0   0   0   0   0   0]
 [  9   0 410  11  31   1  25   0   2   0]
 [ 22   4   3 445   8   0  11   0   4   0]
 [  0   2  45  22 378   0  35   0   2   0]
 [  0   0   0   1   0 473   0   8   1   3]
 [ 82   0  26  12  26   0 341   0   5   0]
 [  0   0   0   0   0   9   0 425   2  13]
 [  3   0   4   2   1   5   3   1 468   0]
 [  0   1   0   0   0   4   0  19   0 466]]
TEST CROSS ENTROPY: 0.320884605328242
TEST CONFUSION MATRIX:
[[1102    6   16   33    6    0   59    0   14    1]
 [   4 1141    0   19    3    0    2    0    1    0]
 [  20    0 1020   21   83    0   61    0    5    0]
 [  38    9   11 1121   27    1   23    0    2    0]
 [   1    2   94   53  968    1   77    0    8    0]
 [   0    0    0    1    0 1191    0   23    4   17]
 [ 216    2   81   26   65    0  744    0   14    0]
 [   0    0    0    0    0   14    0 1175    1   29]
 [   5    0    7    4    2    4    9    5 1099    0]
 [   0    0    0    0    0   16    0   50    0 1143]]
Epoch: 35
TRAIN CROSS ENTROPY: 0.18499721040604292
VALIDATION CROSS ENTROPY: 0.3176997251063585
VALIDATION CONFUSION MATRIX:
[[428   1   9   7   0   0  19   0   2   0]
 [  3 451   2   4   0   0   0   0   0   0]
 [  9   0 411  11  30   1  25   0   2   0]
 [ 22   3   3 446   8   0  11   0   4   0]
 [  0   2  44  22 378   0  36   0   2   0]
 [  0   0   0   1   0 474   0   8   1   2]
 [ 82   0  26  12  26   0 341   0   5   0]
 [  0   0   0   0   0   9   0 425   2  13]
 [  3   0   4   2   1   5   3   1 468   0]
 [  0   1   0   0   0   4   0  19   0 466]]
TEST CROSS ENTROPY: 0.32110329045852026
TEST CONFUSION MATRIX:
[[1103    6   15   33    6    0   59    0   14    1]
 [   4 1141    0   19    3    0    2    0    1    0]
 [  20    0 1016   21   85    0   63    0    5    0]
 [  39    9   11 1121   27    1   22    0    2    0]
 [   1    2   94   52  971    1   76    0    7    0]
 [   0    0    0    1    0 1191    0   23    4   17]
 [ 213    2   79   28   64    0  748    0   14    0]
 [   0    0    0    0    0   14    0 1175    1   29]
 [   5    0    7    5    2    4    9    5 1098    0]
 [   0    0    0    0    0   16    0   50    0 1143]]
Epoch: 36
TRAIN CROSS ENTROPY: 0.18184450382987657
VALIDATION CROSS ENTROPY: 0.3179181258380413
VALIDATION CONFUSION MATRIX:
[[428   1   9   7   0   0  19   0   2   0]
 [  3 451   2   4   0   0   0   0   0   0]
 [  9   0 410  11  31   1  25   0   2   0]
 [ 20   3   2 448   8   0  12   0   4   0]
 [  0   2  43  21 379   0  37   0   2   0]
 [  0   0   0   1   0 474   0   8   1   2]
 [ 82   0  26  11  26   0 342   0   5   0]
 [  0   0   0   0   0  10   0 424   2  13]
 [  3   0   4   1   1   4   3   1 470   0]
 [  0   1   0   0   0   4   0  19   0 466]]
TEST CROSS ENTROPY: 0.3211293161114057
TEST CONFUSION MATRIX:
[[1103    5   15   33    6    0   60    0   14    1]
 [   4 1142    0   18    3    0    2    0    1    0]
 [  20    0 1014   21   86    0   64    0    5    0]
 [  39    9   11 1121   27    1   22    0    2    0]
 [   1    2   93   51  974    1   74    0    8    0]
 [   0    0    0    1    0 1190    0   24    5   16]
 [ 213    2   77   26   64    0  752    0   14    0]
 [   0    0    0    0    0   13    0 1177    1   28]
 [   5    0    7    5    2    4    9    5 1098    0]
 [   0    0    0    0    0   16    0   50    0 1143]]
Epoch: 37
TRAIN CROSS ENTROPY: 0.17865736572692792
VALIDATION CROSS ENTROPY: 0.3177946019669374
VALIDATION CONFUSION MATRIX:
[[428   1   9   7   0   0  19   0   2   0]
 [  3 451   2   4   0   0   0   0   0   0]
 [ 10   0 410  11  30   1  26   0   1   0]
 [ 21   3   2 447   8   0  12   0   4   0]
 [  0   2  44  23 377   0  37   0   1   0]
 [  0   0   0   1   0 474   0   8   1   2]
 [ 82   0  26  11  26   0 342   0   5   0]
 [  0   0   0   0   0   9   0 425   2  13]
 [  3   0   4   2   1   4   3   1 469   0]
 [  0   1   0   0   0   6   0  19   0 464]]
TEST CROSS ENTROPY: 0.3210857938329379
TEST CONFUSION MATRIX:
[[1103    5   16   33    6    0   59    0   14    1]
 [   4 1142    0   18    3    0    2    0    1    0]
 [  18    0 1016   21   83    0   67    0    5    0]
 [  38    8   11 1123   27    1   22    0    2    0]
 [   1    2   92   52  974    1   75    0    7    0]
 [   0    0    0    1    0 1191    0   23    5   16]
 [ 214    2   79   26   64    0  749    0   14    0]
 [   0    0    0    0    0   13    0 1177    1   28]
 [   5    0    7    5    2    4    9    5 1098    0]
 [   0    0    0    0    0   16    0   51    0 1142]]
Epoch: 38
TRAIN CROSS ENTROPY: 0.17557490609448265
VALIDATION CROSS ENTROPY: 0.31848096748193105
VALIDATION CONFUSION MATRIX:
[[428   1   9   7   0   0  19   0   2   0]
 [  3 451   2   4   0   0   0   0   0   0]
 [ 10   0 411  11  29   1  26   0   1   0]
 [ 22   3   1 447   8   0  12   0   4   0]
 [  1   2  41  22 380   0  37   0   1   0]
 [  0   0   0   1   0 474   0   8   1   2]
 [ 81   0  26  11  26   0 343   0   5   0]
 [  0   0   0   0   0   9   0 425   2  13]
 [  3   0   4   1   1   4   3   1 470   0]
 [  0   1   0   0   0   6   0  19   0 464]]
TEST CROSS ENTROPY: 0.32142789745330813
TEST CONFUSION MATRIX:
[[1106    5   15   32    7    0   58    0   14    0]
 [   4 1142    0   18    3    0    2    0    1    0]
 [  18    0 1020   20   79    0   68    0    5    0]
 [  38    8   11 1122   28    1   22    0    2    0]
 [   1    2   91   51  973    1   77    0    8    0]
 [   0    0    0    1    0 1194    0   22    5   14]
 [ 214    2   79   25   63    0  751    0   14    0]
 [   0    0    0    0    0   13    0 1177    1   28]
 [   5    0    7    5    2    4    9    4 1099    0]
 [   0    0    0    0    0   16    0   51    0 1142]]
Epoch: 39
TRAIN CROSS ENTROPY: 0.1724548948970106
VALIDATION CROSS ENTROPY: 0.31909793292482697
VALIDATION CONFUSION MATRIX:
[[428   1   9   7   0   0  19   0   2   0]
 [  3 451   2   4   0   0   0   0   0   0]
 [ 10   0 411  11  29   1  26   0   1   0]
 [ 22   3   1 449   6   0  12   0   4   0]
 [  1   2  40  23 379   0  38   0   1   0]
 [  0   0   0   1   0 474   0   8   1   2]
 [ 81   0  26  11  26   0 343   0   5   0]
 [  0   0   0   0   0   9   0 426   2  12]
 [  3   0   4   1   1   4   3   1 470   0]
 [  0   0   0   1   0   6   0  19   0 464]]
TEST CROSS ENTROPY: 0.32228549461563427
TEST CONFUSION MATRIX:
[[1105    5   14   34    7    0   58    0   14    0]
 [   4 1142    0   18    3    0    2    0    1    0]
 [  18    0 1016   21   78    0   72    0    5    0]
 [  38    8   11 1123   27    1   22    0    2    0]
 [   1    2   96   49  968    1   79    0    8    0]
 [   0    0    0    1    0 1194    0   22    5   14]
 [ 211    2   78   25   62    0  756    0   14    0]
 [   0    0    0    0    0   12    0 1178    1   28]
 [   5    0    7    5    2    4    9    6 1097    0]
 [   0    0    0    0    0   16    0   51    0 1142]]
Epoch: 40
TRAIN CROSS ENTROPY: 0.16951699417084456
VALIDATION CROSS ENTROPY: 0.3196642502397299
VALIDATION CONFUSION MATRIX:
[[428   1   9   7   0   0  19   0   2   0]
 [  3 451   2   4   0   0   0   0   0   0]
 [ 10   0 411  11  29   1  26   0   1   0]
 [ 22   3   1 448   7   0  12   0   4   0]
 [  1   2  40  22 380   0  38   0   1   0]
 [  0   0   0   1   0 474   0   8   1   2]
 [ 80   0  24  11  27   0 345   0   5   0]
 [  0   0   0   0   0   9   0 426   2  12]
 [  4   0   4   1   1   4   3   1 469   0]
 [  0   0   0   1   0   6   0  20   0 463]]
TEST CROSS ENTROPY: 0.32253762502471606
TEST CONFUSION MATRIX:
[[1105    5   15   33    7    0   59    0   13    0]
 [   4 1142    0   18    3    0    2    0    1    0]
 [  18    0 1016   20   80    0   71    0    5    0]
 [  38    8   11 1121   28    1   23    0    2    0]
 [   1    2   96   47  970    1   80    0    7    0]
 [   0    0    0    1    0 1195    0   21    5   14]
 [ 212    2   77   25   61    0  757    0   14    0]
 [   0    0    0    0    0   12    0 1178    1   28]
 [   4    0    6    5    2    5   11    5 1097    0]
 [   0    0    0    0    0   16    0   53    0 1140]]
Epoch: 41
TRAIN CROSS ENTROPY: 0.16667234031966438
VALIDATION CROSS ENTROPY: 0.32018021268149216
VALIDATION CONFUSION MATRIX:
[[428   1   9   7   0   0  19   0   2   0]
 [  3 451   2   4   0   0   0   0   0   0]
 [ 10   0 412  11  28   1  26   0   1   0]
 [ 24   3   1 447   6   0  12   0   4   0]
 [  1   2  38  22 381   0  39   0   1   0]
 [  0   0   0   1   0 474   0   8   1   2]
 [ 77   0  24  11  27   0 349   0   4   0]
 [  0   0   0   0   0   9   0 426   2  12]
 [  4   0   4   1   1   4   3   1 469   0]
 [  0   0   0   1   0   6   0  19   0 464]]
TEST CROSS ENTROPY: 0.3227571587363879
TEST CONFUSION MATRIX:
[[1105    5   14   34    7    0   59    0   13    0]
 [   4 1142    0   18    3    0    2    0    1    0]
 [  18    0 1018   20   78    0   71    0    5    0]
 [  38    8   11 1122   27    1   23    0    2    0]
 [   1    2   92   47  972    1   81    0    8    0]
 [   0    0    0    0    0 1195    0   21    5   15]
 [ 213    2   74   25   61    0  758    0   15    0]
 [   0    0    0    0    0   11    0 1180    1   27]
 [   5    0    6    5    2    5   10    5 1097    0]
 [   0    0    0    0    0   16    0   53    0 1140]]
Epoch: 42
TRAIN CROSS ENTROPY: 0.16371933885056664
VALIDATION CROSS ENTROPY: 0.3203491161763668
VALIDATION CONFUSION MATRIX:
[[427   1   9   7   0   0  20   0   2   0]
 [  4 451   1   4   0   0   0   0   0   0]
 [ 10   0 412  11  28   1  26   0   1   0]
 [ 23   3   1 448   6   0  12   0   4   0]
 [  1   2  39  21 380   0  40   0   1   0]
 [  0   0   0   1   0 475   0   7   1   2]
 [ 77   0  24  10  26   0 351   0   4   0]
 [  0   0   0   0   0   9   0 426   2  12]
 [  4   0   4   1   1   4   3   1 469   0]
 [  0   0   0   1   0   6   0  21   0 462]]
TEST CROSS ENTROPY: 0.32313046825925507
TEST CONFUSION MATRIX:
[[1104    5   14   34    7    0   60    0   13    0]
 [   4 1142    0   18    3    0    2    0    1    0]
 [  19    0 1017   19   76    0   74    0    5    0]
 [  38    8   11 1121   27    1   24    0    2    0]
 [   1    2   94   47  970    1   81    0    8    0]
 [   0    0    0    0    0 1196    0   21    5   14]
 [ 207    2   75   26   60    0  764    0   14    0]
 [   0    0    0    0    0   11    0 1181    1   26]
 [   5    0    6    5    2    5   10    6 1096    0]
 [   0    0    0    0    0   16    0   56    0 1137]]
Epoch: 43
TRAIN CROSS ENTROPY: 0.16089098204617147
VALIDATION CROSS ENTROPY: 0.32120697781443597
VALIDATION CONFUSION MATRIX:
[[427   1   9   7   0   0  20   0   2   0]
 [  4 451   1   4   0   0   0   0   0   0]
 [ 10   0 414  11  27   1  25   0   1   0]
 [ 24   3   1 446   7   0  12   0   4   0]
 [  1   2  40  21 379   0  40   0   1   0]
 [  0   0   0   1   0 475   0   7   1   2]
 [ 75   0  24  11  27   0 351   0   4   0]
 [  0   0   0   0   0   9   0 426   2  12]
 [  5   0   4   1   1   4   2   1 469   0]
 [  0   0   0   1   0   6   0  22   0 461]]
STOPPING EPOCH 43
