WARNING:tensorflow:From /util/opt/anaconda/deployed-conda-envs/packages/tensorflow-gpu/envs/tensorflow-gpu-1.7.0-py36/lib/python3.6/site-packages/tensorflow/contrib/learn/python/learn/datasets/base.py:198: retry (from tensorflow.contrib.learn.python.learn.datasets.base) is deprecated and will be removed in a future version.
Instructions for updating:
Use the retry module or similar alternatives.
43200
4800
12000
2019-02-06 22:45:20.205014: I tensorflow/core/platform/cpu_feature_guard.cc:140] Your CPU supports instructions that this TensorFlow binary was not compiled to use: AVX AVX2 AVX512F FMA
2019-02-06 22:45:20.398141: I tensorflow/core/common_runtime/gpu/gpu_device.cc:1344] Found device 0 with properties: 
name: Tesla P100-PCIE-16GB major: 6 minor: 0 memoryClockRate(GHz): 1.3285
pciBusID: 0000:3b:00.0
totalMemory: 15.90GiB freeMemory: 15.61GiB
2019-02-06 22:45:20.398236: I tensorflow/core/common_runtime/gpu/gpu_device.cc:1423] Adding visible gpu devices: 0
2019-02-06 22:45:20.699903: I tensorflow/core/common_runtime/gpu/gpu_device.cc:911] Device interconnect StreamExecutor with strength 1 edge matrix:
2019-02-06 22:45:20.700006: I tensorflow/core/common_runtime/gpu/gpu_device.cc:917]      0 
2019-02-06 22:45:20.700023: I tensorflow/core/common_runtime/gpu/gpu_device.cc:930] 0:   N 
2019-02-06 22:45:20.700299: I tensorflow/core/common_runtime/gpu/gpu_device.cc:1041] Created TensorFlow device (/job:localhost/replica:0/task:0/device:GPU:0 with 15142 MB memory) -> physical GPU (device: 0, name: Tesla P100-PCIE-16GB, pci bus id: 0000:3b:00.0, compute capability: 6.0)
Epoch: 0
TRAIN CROSS ENTROPY: 0.5088420403003693
VALIDATION CROSS ENTROPY: 0.4034109843770663
VALIDATION CONFUSION MATRIX:
[[361   3  14  33   7   1  67   0   6   0]
 [  1 492   0  14   0   0   2   0   0   0]
 [  3   0 370   8  74   0  20   0   1   0]
 [  6   5   9 412  30   0  15   0   2   0]
 [  0   0  27   8 430   0  15   0   1   0]
 [  0   0   0   1   0 455   0   6   0   6]
 [ 45   0  47  17  74   1 261   0   5   0]
 [  0   0   0   0   0   8   0 406   0  46]
 [  1   0   8   2   5   4   8   2 456   0]
 [  0   0   0   0   0  11   0   4   0 484]]
TEST CROSS ENTROPY: 0.4083942098418872
TEST CONFUSION MATRIX:
[[ 898    1   42   75    7    1  155    0   12    1]
 [   4 1162    4   29    5    0    2    0    0    1]
 [   7    2  889   11  235    2   38    0    5    0]
 [  22   11   10 1061   61    0   28    0    0    1]
 [   2    1  107   25 1053    0   36    0    3    0]
 [   1    0    0    0    0 1143    0   27    5   10]
 [ 131    2  181   38  180    0  647    0   17    0]
 [   0    0    0    0    0   42    0 1059    1  113]
 [   4    2   15    7   18    7    7    5 1134    3]
 [   0    0    0    0    0   17    0   19    0 1156]]
Epoch: 1
TRAIN CROSS ENTROPY: 0.38134152014498357
VALIDATION CROSS ENTROPY: 0.3653042389452457
VALIDATION CONFUSION MATRIX:
[[393   0  13  32   7   1  41   0   5   0]
 [  3 486   0  19   0   0   1   0   0   0]
 [  8   0 368  11  66   0  21   0   2   0]
 [  5   2   6 429  26   0  10   0   1   0]
 [  0   0  27  12 430   0  11   0   1   0]
 [  0   0   0   1   0 455   0   8   0   4]
 [ 74   0  43  16  61   0 251   0   5   0]
 [  0   0   0   0   0   5   0 421   0  34]
 [  1   0   5   0   4   1   5   2 468   0]
 [  0   0   0   0   0  11   0   3   0 485]]
TEST CROSS ENTROPY: 0.37529841281970344
TEST CONFUSION MATRIX:
[[ 976    1   33   75    7    1   88    0   11    0]
 [   6 1148    8   35    6    0    2    0    1    1]
 [  11    0  900   22  213    1   38    0    4    0]
 [  24    3    9 1092   50    0   14    0    1    1]
 [   1    1   91   35 1056    0   39    0    4    0]
 [   1    0    0    0    0 1138    0   27    5   15]
 [ 168    1  150   54  158    0  652    0   13    0]
 [   0    0    0    0    0   28    0 1093    1   93]
 [   7    1    8    6   12    3    5    4 1154    2]
 [   0    0    0    0    0    8    0   15    1 1168]]
Epoch: 2
TRAIN CROSS ENTROPY: 0.3390953901630861
VALIDATION CROSS ENTROPY: 0.35384157687425616
VALIDATION CONFUSION MATRIX:
[[405   0  12  31   7   0  34   0   3   0]
 [  4 482   1  21   0   0   1   0   0   0]
 [  9   0 373  15  64   0  13   0   2   0]
 [  5   0   5 442  20   0   6   0   1   0]
 [  0   0  23  13 435   0   9   0   1   0]
 [  0   0   0   1   0 455   0   6   0   6]
 [ 73   0  40  23  67   0 244   0   3   0]
 [  0   0   0   0   0   3   0 429   0  28]
 [  1   0   5   1   4   2   4   1 468   0]
 [  0   0   0   0   0  10   0   6   0 483]]
TEST CROSS ENTROPY: 0.36503403226534525
TEST CONFUSION MATRIX:
[[1004    0   28   65    4    1   81    0    9    0]
 [   6 1143    9   42    4    0    2    0    1    0]
 [  13    0  921   21  201    1   30    0    2    0]
 [  23    2    9 1103   44    0   12    0    0    1]
 [   2    1   90   35 1063    0   33    0    3    0]
 [   1    0    0    0    0 1137    0   28    5   15]
 [ 179    1  144   59  156    0  650    0    7    0]
 [   0    0    0    0    0   19    0 1107    1   88]
 [   9    0    8   11   13    2    4    4 1149    2]
 [   0    0    0    0    0   13    0   19    1 1159]]
Epoch: 3
TRAIN CROSS ENTROPY: 0.3114769037399027
VALIDATION CROSS ENTROPY: 0.37319740767280263
VALIDATION CONFUSION MATRIX:
[[394   0  13  36   8   0  38   0   3   0]
 [  4 477   0  27   0   0   1   0   0   0]
 [  8   0 371  12  72   0  11   0   2   0]
 [  4   0   6 438  25   0   5   0   1   0]
 [  0   0  21  15 440   0   4   0   1   0]
 [  0   0   0   1   0 448   0  10   0   9]
 [ 55   0  42  28  80   0 241   0   4   0]
 [  0   0   0   0   0   1   0 429   0  30]
 [  0   0   5   0   6   0   2   1 472   0]
 [  0   0   0   0   0   6   0   5   0 488]]
TEST CROSS ENTROPY: 0.38258675636847816
TEST CONFUSION MATRIX:
[[ 946    0   31   91    5    0  110    0    9    0]
 [   5 1132   11   49    6    0    3    0    1    0]
 [   7    0  919   20  217    0   24    0    2    0]
 [  17    1   12 1103   55    0    5    0    0    1]
 [   1    1   77   33 1091    0   21    0    3    0]
 [   1    0    1    0    0 1121    0   34    5   24]
 [ 148    1  156   66  198    0  618    0    9    0]
 [   0    0    0    0    0   10    0 1113    2   90]
 [   5    0    7    8   12    1    2    4 1161    2]
 [   0    0    0    0    0    3    0   13    1 1175]]
Epoch: 4
TRAIN CROSS ENTROPY: 0.2896601195191896
VALIDATION CROSS ENTROPY: 0.3656245544552803
VALIDATION CONFUSION MATRIX:
[[395   0  12  33   8   0  41   0   3   0]
 [  6 471   1  29   0   0   2   0   0   0]
 [  7   0 383  11  62   0  13   0   0   0]
 [  2   0   7 439  26   0   4   0   1   0]
 [  0   0  22  13 441   0   4   0   1   0]
 [  0   0   0   1   0 441   0  18   0   8]
 [ 53   0  45  25  74   0 250   0   3   0]
 [  0   0   0   0   0   1   0 436   0  23]
 [  0   0   6   0   4   0   5   1 470   0]
 [  0   0   0   0   0   6   0   6   0 487]]
TEST CROSS ENTROPY: 0.3771018684307734
TEST CONFUSION MATRIX:
[[ 965    0   31   72    4    0  113    0    7    0]
 [   9 1122   14   54    6    0    1    0    1    0]
 [   8    0  945   15  185    0   36    0    0    0]
 [  15    1   11 1105   51    0    9    0    1    1]
 [   1    1   93   34 1076    0   21    0    1    0]
 [   1    0    2    0    0 1098    0   54    6   25]
 [ 136    1  155   61  165    0  673    0    5    0]
 [   0    0    0    0    0    6    0 1136    2   71]
 [   5    0   10   11   11    1    3    5 1155    1]
 [   0    0    0    0    0    4    0   21    1 1166]]
Epoch: 5
TRAIN CROSS ENTROPY: 0.27171811791757744
VALIDATION CROSS ENTROPY: 0.3489108818769455
VALIDATION CONFUSION MATRIX:
[[401   0  13  33   7   0  34   0   4   0]
 [  6 478   2  22   0   0   1   0   0   0]
 [  6   0 381  15  60   0  12   0   2   0]
 [  3   0   6 440  23   0   5   0   2   0]
 [  0   0  29  18 429   0   4   0   1   0]
 [  0   0   0   1   0 462   0   3   0   2]
 [ 48   0  41  22  68   0 267   0   4   0]
 [  0   0   0   0   0   3   0 435   0  22]
 [  0   0   4   0   4   0   2   0 476   0]
 [  0   0   0   0   0  13   0   7   0 479]]
TEST CROSS ENTROPY: 0.3559261260231336
TEST CONFUSION MATRIX:
[[ 973    0   28   63    4    1  116    0    7    0]
 [   6 1137   13   43    5    0    2    0    1    0]
 [   9    0  949   18  173    0   37    0    3    0]
 [  20    2   10 1104   46    0   11    0    1    0]
 [   2    1   94   35 1065    0   26    0    4    0]
 [   1    0    0    0    0 1142    0   27    6   10]
 [ 141    1  152   57  148    0  690    0    7    0]
 [   0    0    0    0    0   19    0 1127    4   65]
 [   4    0    6    6    8    1    1    4 1171    1]
 [   0    0    0    0    0    6    0   23    1 1162]]
Epoch: 6
TRAIN CROSS ENTROPY: 0.25703337773680685
VALIDATION CROSS ENTROPY: 0.3481173757215341
VALIDATION CONFUSION MATRIX:
[[401   0  13  36   6   0  32   0   4   0]
 [  6 477   2  23   0   0   1   0   0   0]
 [  6   0 392  16  48   0  13   0   1   0]
 [  1   1   7 444  21   0   3   0   2   0]
 [  0   0  28  19 428   0   5   0   1   0]
 [  0   0   0   1   0 464   0   1   0   2]
 [ 53   0  41  27  58   0 267   0   4   0]
 [  0   0   0   0   0   6   0 432   0  22]
 [  0   0   3   0   4   0   3   1 475   0]
 [  0   0   0   0   0  13   1   8   0 477]]
TEST CROSS ENTROPY: 0.35469493629535037
TEST CONFUSION MATRIX:
[[ 982    0   30   67    3    1  103    0    6    0]
 [   7 1131   14   47    4    0    3    0    1    0]
 [   8    0  970   17  154    0   37    0    3    0]
 [  17    2   10 1112   40    0   11    0    2    0]
 [   1    1  102   42 1052    0   25    0    4    0]
 [   1    0    0    0    0 1144    1   28    4    8]
 [ 135    1  165   62  132    0  695    0    6    0]
 [   0    0    0    0    0   23    0 1123    2   67]
 [   5    0    3    6    8    2    1    3 1173    1]
 [   0    0    0    0    0    9    0   23    1 1159]]
Epoch: 7
TRAIN CROSS ENTROPY: 0.24317165793920004
VALIDATION CROSS ENTROPY: 0.3555430671572685
VALIDATION CONFUSION MATRIX:
[[384   0  16  38   3   0  47   0   4   0]
 [  3 482   2  19   0   0   3   0   0   0]
 [  5   0 400  15  43   0  11   0   2   0]
 [  2   1   7 448  17   0   2   0   2   0]
 [  0   0  32  20 418   0  10   0   1   0]
 [  0   0   0   1   0 464   0   1   0   2]
 [ 38   0  42  36  50   0 280   0   4   0]
 [  0   0   0   0   0   7   0 429   2  22]
 [  0   0   5   0   3   0   1   0 477   0]
 [  0   0   0   0   0  12   0   8   0 479]]
TEST CROSS ENTROPY: 0.36552275758981706
TEST CONFUSION MATRIX:
[[ 930    0   40   80    2    1  129    0   10    0]
 [   4 1151   11   32    4    0    4    0    1    0]
 [   9    0  981   20  141    0   32    0    6    0]
 [  13    3   10 1119   39    0    8    0    2    0]
 [   2    0  114   46 1031    0   29    0    5    0]
 [   0    0    1    1    0 1149    0   22    6    7]
 [ 108    1  163   74  123    0  719    0    8    0]
 [   0    0    0    0    0   25    0 1123    8   59]
 [   4    0    5    6    7    1    1    2 1175    1]
 [   0    0    0    0    0   15    0   20    3 1154]]
Epoch: 8
TRAIN CROSS ENTROPY: 0.23085399878659735
VALIDATION CROSS ENTROPY: 0.38775569225351014
VALIDATION CONFUSION MATRIX:
[[396   0  12  40   4   0  36   0   4   0]
 [  4 479   2  23   0   0   1   0   0   0]
 [  6   0 394  16  47   0  13   0   0   0]
 [  3   0   5 449  16   0   4   0   2   0]
 [  0   0  31  21 421   0   7   0   1   0]
 [  0   0   0   1   0 462   0   3   0   2]
 [ 52   0  39  32  60   0 264   0   3   0]
 [  0   0   0   0   0   9   0 433   0  18]
 [  1   0   8   1   6   0   6   2 462   0]
 [  0   0   0   0   0  11   1   6   0 481]]
TEST CROSS ENTROPY: 0.3798264942665895
TEST CONFUSION MATRIX:
[[ 964    0   33   82    3    1  106    0    3    0]
 [   4 1139   13   43    5    0    3    0    0    0]
 [   7    0  974   24  148    0   36    0    0    0]
 [  12    3    8 1128   35    0    7    0    0    1]
 [   2    0  102   47 1053    0   21    0    2    0]
 [   0    0    0    1    0 1145    1   24    5   10]
 [ 130    1  147   68  140    0  706    0    4    0]
 [   0    0    0    0    0   22    0 1130    2   61]
 [   9    0   14    9   16    2    5    4 1142    1]
 [   0    0    0    0    0    5    0   26    1 1160]]
Epoch: 9
TRAIN CROSS ENTROPY: 0.2205510037737312
VALIDATION CROSS ENTROPY: 0.36006239742040635
VALIDATION CONFUSION MATRIX:
[[403   0  15  33   3   0  33   0   5   0]
 [  3 482   3  19   0   0   2   0   0   0]
 [  5   0 395  13  50   0  13   0   0   0]
 [  3   1   5 440  25   0   3   0   2   0]
 [  0   0  36  14 422   0   8   0   1   0]
 [  0   0   0   1   0 465   0   1   0   1]
 [ 49   0  48  25  53   0 271   0   4   0]
 [  0   0   0   0   0  10   0 434   0  16]
 [  0   0   6   1   3   0   1   1 474   0]
 [  0   0   0   0   0  12   1   9   0 477]]
TEST CROSS ENTROPY: 0.3598237525721391
TEST CONFUSION MATRIX:
[[ 967    0   48   70    3    1   98    0    5    0]
 [   4 1158   10   29    3    0    2    0    1    0]
 [  10    0  968   16  153    0   37    0    5    0]
 [  13    3   14 1102   50    1    9    0    2    0]
 [   1    1   93   37 1065    0   25    0    5    0]
 [   0    0    0    1    0 1148    0   26    4    7]
 [ 133    2  173   58  130    0  696    0    4    0]
 [   0    0    0    0    0   30    0 1129    2   54]
 [   4    0    8    7    9    2    0    3 1168    1]
 [   0    0    0    0    0   12    0   32    1 1147]]
Epoch: 10
TRAIN CROSS ENTROPY: 0.21226507354665686
VALIDATION CROSS ENTROPY: 0.3664588359495004
VALIDATION CONFUSION MATRIX:
[[392   0  13  33   3   0  47   0   4   0]
 [  4 482   2  17   1   0   3   0   0   0]
 [  5   0 392  13  49   0  16   0   1   0]
 [  5   1   6 435  25   0   5   0   2   0]
 [  0   0  33  16 421   0  10   0   1   0]
 [  0   0   0   1   0 462   0   2   0   3]
 [ 45   0  39  19  52   0 292   0   3   0]
 [  0   0   0   0   0   8   0 431   0  21]
 [  0   0  10   0   4   0   5   0 467   0]
 [  0   0   0   0   0  12   1   5   0 481]]
TEST CROSS ENTROPY: 0.364892030864954
TEST CONFUSION MATRIX:
[[ 942    0   42   56    4    1  143    0    4    0]
 [   6 1151   10   30    4    0    5    0    1    0]
 [   9    0  957   19  150    0   50    0    4    0]
 [  16    3   11 1099   48    0   14    0    3    0]
 [   1    0   97   36 1050    0   39    0    4    0]
 [   0    0    0    2    0 1141    1   27    7    8]
 [ 113    1  140   49  122    0  766    0    5    0]
 [   0    0    0    0    0   12    0 1135    5   63]
 [   6    0    9    6    9    2    2    2 1165    1]
 [   0    0    0    0    0   15    0   25    1 1151]]
Epoch: 11
TRAIN CROSS ENTROPY: 0.2006798252746187
VALIDATION CROSS ENTROPY: 0.3558438633009791
VALIDATION CONFUSION MATRIX:
[[409   0  19  20   4   0  36   0   4   0]
 [  5 480   3  17   1   0   3   0   0   0]
 [  5   0 392  13  48   0  18   0   0   0]
 [  7   1   6 434  22   0   7   0   2   0]
 [  0   0  35  16 420   0   9   0   1   0]
 [  0   0   0   1   0 455   0   7   0   5]
 [ 52   0  48  14  50   0 282   0   4   0]
 [  0   0   0   0   0   7   0 435   0  18]
 [  0   0   8   1   2   0   3   2 470   0]
 [  0   0   0   0   0   7   0  10   0 482]]
TEST CROSS ENTROPY: 0.36874110442399977
TEST CONFUSION MATRIX:
[[ 973    0   51   40    3    1  117    0    7    0]
 [   8 1152   14   26    3    0    3    0    1    0]
 [  12    0  971   16  139    0   47    0    4    0]
 [  20    4   15 1098   38    1   15    0    3    0]
 [   3    0  110   35 1036    0   38    0    5    0]
 [   0    0    0    1    0 1144    1   26    4   10]
 [ 131    1  155   40  120    0  744    0    5    0]
 [   0    0    0    0    0   12    0 1136    3   64]
 [   6    0    9    6    7    2    0    3 1168    1]
 [   0    0    0    0    0    5    0   33    1 1153]]
Epoch: 12
TRAIN CROSS ENTROPY: 0.19105244890821202
VALIDATION CROSS ENTROPY: 0.37773579130570095
VALIDATION CONFUSION MATRIX:
[[402   0  20  24   2   0  40   0   4   0]
 [ 11 475   3  16   1   0   3   0   0   0]
 [  5   0 404  12  36   0  16   0   3   0]
 [  5   1   9 435  23   0   4   0   2   0]
 [  0   0  33  17 420   0  10   0   1   0]
 [  0   0   0   0   0 463   0   1   0   4]
 [ 51   0  55  16  51   0 272   0   5   0]
 [  0   0   0   0   0  16   0 428   0  16]
 [  0   0   5   0   3   0   4   1 473   0]
 [  0   0   0   0   0  11   0   6   0 482]]
TEST CROSS ENTROPY: 0.38041736162702244
TEST CONFUSION MATRIX:
[[ 961    0   58   42    5    1  115    0   10    0]
 [  14 1142   11   32    4    0    3    0    1    0]
 [   8    0  997   16  128    0   36    0    4    0]
 [  15    3   15 1108   38    0   11    0    4    0]
 [   1    1  112   45 1035    0   28    0    5    0]
 [   0    0    1    0    0 1157    0   12    3   13]
 [ 126    1  179   40  124    1  718    0    7    0]
 [   0    0    0    0    0   39    0 1105    3   68]
 [   4    0    9    8    6    3    0    3 1168    1]
 [   0    0    0    0    0   10    0   28    1 1153]]
Epoch: 13
TRAIN CROSS ENTROPY: 0.18497396485259135
VALIDATION CROSS ENTROPY: 0.3829470299432675
VALIDATION CONFUSION MATRIX:
[[407   0  17  21   3   0  39   0   5   0]
 [  6 483   2  14   1   0   3   0   0   0]
 [  5   0 410  14  27   0  18   0   2   0]
 [  5   1   8 437  21   0   5   0   2   0]
 [  0   1  47  18 405   0   9   0   1   0]
 [  0   0   0   1   0 466   0   0   0   1]
 [ 50   0  51  18  40   1 286   0   4   0]
 [  0   0   0   0   0  12   0 433   0  15]
 [  1   0   7   0   2   0   7   1 468   0]
 [  0   0   0   0   0  11   0  11   0 477]]
TEST CROSS ENTROPY: 0.3708955336709817
TEST CONFUSION MATRIX:
[[ 973    1   43   38    4    1  123    0    9    0]
 [   6 1163    8   24    3    0    2    0    1    0]
 [  10    0 1023   18  103    0   31    0    4    0]
 [  22    4   18 1099   35    0   13    0    3    0]
 [   2    0  133   40 1010    0   35    0    7    0]
 [   0    0    1    1    0 1159    0   14    4    7]
 [ 133    2  169   43   98    0  747    0    4    0]
 [   0    0    0    0    0   26    0 1131    3   55]
 [   6    0    8    5    5    2    2    3 1170    1]
 [   0    0    0    0    0    9    0   35    1 1147]]
Epoch: 14
TRAIN CROSS ENTROPY: 0.17690967457713905
VALIDATION CROSS ENTROPY: 0.37048829207817713
VALIDATION CONFUSION MATRIX:
[[415   0  11  18   3   0  41   0   4   0]
 [ 11 479   2  13   1   0   3   0   0   0]
 [  4   0 409  10  30   0  21   0   2   0]
 [ 10   1  11 428  20   0   7   0   2   0]
 [  0   1  40  17 411   0  11   0   1   0]
 [  0   0   0   0   0 461   0   4   0   3]
 [ 58   0  47  15  36   0 290   0   4   0]
 [  0   0   0   0   0  11   0 426   0  23]
 [  0   0   7   1   1   0   4   1 472   0]
 [  0   0   0   0   0   8   0   6   0 485]]
TEST CROSS ENTROPY: 0.37345220549901326
TEST CONFUSION MATRIX:
[[ 995    0   37   28    3    1  121    0    7    0]
 [  10 1149   11   30    3    0    3    0    1    0]
 [  11    0  996   14  111    0   54    0    3    0]
 [  29    3   15 1086   33    0   25    0    3    0]
 [   3    0  125   36 1009    0   48    0    6    0]
 [   0    0    0    2    0 1156    1   17    3    7]
 [ 149    1  141   28   90    1  781    0    5    0]
 [   0    0    0    0    0   29    0 1099    2   85]
 [   5    0    6    8    3    4    2    3 1170    1]
 [   0    0    0    0    0    7    0   20    1 1164]]
Epoch: 15
TRAIN CROSS ENTROPY: 0.167109661776469
VALIDATION CROSS ENTROPY: 0.3997788344323635
VALIDATION CONFUSION MATRIX:
[[417   0  15  17   2   0  37   0   4   0]
 [  8 482   1  15   1   0   2   0   0   0]
 [  5   0 411   9  28   0  20   0   3   0]
 [ 11   1  10 422  26   0   7   0   2   0]
 [  0   0  50  12 406   0  12   0   1   0]
 [  2   0   0   0   0 463   0   0   0   3]
 [ 58   0  51  13  41   0 282   0   5   0]
 [  0   0   0   0   0  25   0 412   0  23]
 [  0   0   5   0   1   0   5   1 474   0]
 [  0   0   0   0   0  12   0   6   0 481]]
TEST CROSS ENTROPY: 0.40270107915004094
TEST CONFUSION MATRIX:
[[ 988    0   49   25    3    1  120    0    6    0]
 [   7 1148   14   25    5    0    7    0    1    0]
 [  10    0 1022   15   96    1   42    0    3    0]
 [  36    3   15 1071   43    0   22    0    4    0]
 [   4    0  135   35 1002    0   44    0    7    0]
 [   0    0    0    1    0 1166    1    6    5    7]
 [ 142    1  169   27   97    1  754    0    5    0]
 [   0    0    0    0    0   71    0 1055    2   87]
 [   3    0   10    5    3    1    2    2 1175    1]
 [   0    0    0    0    0    8    0   22    1 1161]]
Epoch: 16
TRAIN CROSS ENTROPY: 0.16274920172627189
VALIDATION CROSS ENTROPY: 0.38438551475604377
VALIDATION CONFUSION MATRIX:
[[419   0  14  21   3   0  31   0   4   0]
 [  5 491   0  11   0   0   2   0   0   0]
 [  6   0 389  12  53   0  14   0   2   0]
 [ 10   2   6 436  17   0   6   0   2   0]
 [  0   1  31  17 421   0   9   0   2   0]
 [  0   0   0   1   0 463   0   2   0   2]
 [ 62   0  45  20  50   1 268   0   4   0]
 [  0   0   0   0   0   6   0 443   0  11]
 [  0   0   4   0   3   0   6   1 472   0]
 [  0   0   0   0   0  18   0  13   0 468]]
STOPPING EPOCH 16
