WARNING:tensorflow:From /util/opt/anaconda/deployed-conda-envs/packages/tensorflow-gpu/envs/tensorflow-gpu-1.7.0-py36/lib/python3.6/site-packages/tensorflow/contrib/learn/python/learn/datasets/base.py:198: retry (from tensorflow.contrib.learn.python.learn.datasets.base) is deprecated and will be removed in a future version.
Instructions for updating:
Use the retry module or similar alternatives.
43200
4800
12000
2019-02-06 22:52:43.869157: I tensorflow/core/platform/cpu_feature_guard.cc:140] Your CPU supports instructions that this TensorFlow binary was not compiled to use: AVX AVX2 AVX512F FMA
2019-02-06 22:52:44.061867: I tensorflow/core/common_runtime/gpu/gpu_device.cc:1344] Found device 0 with properties: 
name: Tesla P100-PCIE-16GB major: 6 minor: 0 memoryClockRate(GHz): 1.3285
pciBusID: 0000:3b:00.0
totalMemory: 15.90GiB freeMemory: 15.61GiB
2019-02-06 22:52:44.061960: I tensorflow/core/common_runtime/gpu/gpu_device.cc:1423] Adding visible gpu devices: 0
2019-02-06 22:52:44.362718: I tensorflow/core/common_runtime/gpu/gpu_device.cc:911] Device interconnect StreamExecutor with strength 1 edge matrix:
2019-02-06 22:52:44.362819: I tensorflow/core/common_runtime/gpu/gpu_device.cc:917]      0 
2019-02-06 22:52:44.362835: I tensorflow/core/common_runtime/gpu/gpu_device.cc:930] 0:   N 
2019-02-06 22:52:44.363118: I tensorflow/core/common_runtime/gpu/gpu_device.cc:1041] Created TensorFlow device (/job:localhost/replica:0/task:0/device:GPU:0 with 15142 MB memory) -> physical GPU (device: 0, name: Tesla P100-PCIE-16GB, pci bus id: 0000:3b:00.0, compute capability: 6.0)
Epoch: 0
TRAIN CROSS ENTROPY: 0.6273246740632586
VALIDATION CROSS ENTROPY: 0.4626986035704613
VALIDATION CONFUSION MATRIX:
[[403   1   3  12   1   0  43   0   5   0]
 [  2 447   3  15   4   0   2   0   0   0]
 [  8   3 325   3  83   0  78   0   5   0]
 [ 42   4   2 332  23   0  29   0   1   0]
 [  2   0  27   8 357   0  74   0   1   0]
 [  1   0   0   0   0 447   0  26   3   8]
 [ 79   2  34   8  41   0 308   0  14   0]
 [  0   0   0   0   0  14   0 446   2  18]
 [  8   0   2   3   3   1   8   2 467   0]
 [  0   0   0   0   0  17   0  14   0 476]]
TEST CROSS ENTROPY: 0.47425134797890983
TEST CONFUSION MATRIX:
[[1006    7    9   52    6    0  128    0   17    0]
 [   8 1098    4   37    4    0   11    0    0    0]
 [  20    3  755    4  208    0  193    0    7    1]
 [  59   11    5  947   71    0   69    0    6    0]
 [   4    0   60   21  898    3  213    0    6    0]
 [   1    1    0    1    0 1113    1   49    8   25]
 [ 201    2   91   22  108    0  748    0   21    0]
 [   0    0    0    0    0   52    0 1160    4   39]
 [   5    1    0   10    5    3   32    1 1127    1]
 [   0    0    0    0    0   36    0   43    1 1137]]
Epoch: 1
TRAIN CROSS ENTROPY: 0.44730038910552306
VALIDATION CROSS ENTROPY: 0.426067392428716
VALIDATION CONFUSION MATRIX:
[[413   1   3   8   0   0  39   0   4   0]
 [  1 450   2  14   4   0   2   0   0   0]
 [  9   3 352   3  61   0  73   0   4   0]
 [ 47   4   2 334  20   0  24   0   2   0]
 [  2   1  40   9 344   0  73   0   0   0]
 [  1   0   0   0   0 451   0  23   5   5]
 [ 82   2  27   5  39   1 316   0  14   0]
 [  0   0   0   0   0  15   0 452   3  10]
 [  6   0   4   3   2   1   4   1 473   0]
 [  0   0   0   0   0  11   0  16   0 480]]
TEST CROSS ENTROPY: 0.4388552341659864
TEST CONFUSION MATRIX:
[[1036    6   12   41    6    0  106    0   18    0]
 [   6 1106    3   35    3    0    9    0    0    0]
 [  24    3  819    6  165    0  164    0    9    1]
 [  70   12    5  952   61    0   62    0    6    0]
 [   4    1   86   17  891    1  198    0    7    0]
 [   1    1    0    2    0 1116    0   54    8   17]
 [ 212    1   94   20   84    0  763    0   19    0]
 [   0    0    0    0    0   43    0 1181    5   26]
 [   3    1    2   10    3    4   25    1 1135    1]
 [   0    0    0    0    0   28    0   45    2 1142]]
Epoch: 2
TRAIN CROSS ENTROPY: 0.412412988430372
VALIDATION CROSS ENTROPY: 0.40985158761342366
VALIDATION CONFUSION MATRIX:
[[414   1   3   9   0   1  36   0   4   0]
 [  1 452   0  13   4   0   3   0   0   0]
 [  7   2 360   3  58   0  71   0   4   0]
 [ 43   0   3 344  19   0  22   0   2   0]
 [  2   0  36   9 350   0  72   0   0   0]
 [  1   0   0   0   0 451   0  25   4   4]
 [ 80   2  26   5  34   1 328   0  10   0]
 [  0   0   0   0   0  10   0 462   3   5]
 [  7   0   4   1   2   1   4   1 474   0]
 [  0   0   0   0   0   8   0  19   0 480]]
TEST CROSS ENTROPY: 0.42199747542540234
TEST CONFUSION MATRIX:
[[1042    5   13   35    6    0  106    0   18    0]
 [   3 1116    2   29    3    0    9    0    0    0]
 [  25    4  830    6  164    0  153    1    8    0]
 [  65    9    4  956   65    0   62    0    7    0]
 [   4    1   79   21  899    1  193    0    7    0]
 [   1    0    0    3    0 1120    0   52   10   13]
 [ 207    1   92   17   74    0  784    0   18    0]
 [   0    0    0    0    0   32    0 1201    2   20]
 [   2    1    3    8    3    4   27    1 1135    1]
 [   0    0    0    0    0   28    0   60    1 1128]]
Epoch: 3
TRAIN CROSS ENTROPY: 0.3908383264116667
VALIDATION CROSS ENTROPY: 0.3974467303355535
VALIDATION CONFUSION MATRIX:
[[418   1   3   7   1   1  35   0   2   0]
 [  2 452   0  13   2   0   4   0   0   0]
 [  7   1 360   3  64   0  65   0   5   0]
 [ 36   0   4 352  17   0  21   0   3   0]
 [  2   0  30  10 375   0  52   0   0   0]
 [  1   0   0   0   0 444   0  32   5   3]
 [ 76   2  26   6  33   1 332   0  10   0]
 [  0   0   0   0   0   9   0 465   3   3]
 [  7   0   4   1   2   2   2   1 475   0]
 [  0   0   0   0   0   6   0  20   0 481]]
TEST CROSS ENTROPY: 0.4084696507255236
TEST CONFUSION MATRIX:
[[1046    4   14   30    5    0  107    0   19    0]
 [   2 1120    2   25    2    0   11    0    0    0]
 [  24    4  828    6  164    0  156    1    8    0]
 [  62    5    4  973   61    0   56    0    7    0]
 [   4    1   70   24  929    1  169    0    7    0]
 [   1    0    0    3    0 1122    0   51    9   13]
 [ 209    1   82   22   73    0  786    0   20    0]
 [   0    0    0    0    0   31    0 1207    2   15]
 [   2    1    4    6    3    4   22    0 1142    1]
 [   0    0    0    0    0   25    0   63    2 1127]]
Epoch: 4
TRAIN CROSS ENTROPY: 0.3743230471622061
VALIDATION CROSS ENTROPY: 0.39082748159766195
VALIDATION CONFUSION MATRIX:
[[413   1   1   8   1   1  41   0   2   0]
 [  1 453   0  13   3   0   3   0   0   0]
 [  7   1 360   3  64   0  66   0   4   0]
 [ 32   0   4 354  19   0  21   0   3   0]
 [  2   0  28   9 378   0  52   0   0   0]
 [  1   0   0   0   0 444   0  30   6   4]
 [ 73   2  28   7  28   0 341   0   7   0]
 [  0   0   0   0   0   9   0 464   3   4]
 [  8   0   3   1   1   2   3   1 475   0]
 [  0   0   0   0   0   4   0  21   0 482]]
TEST CROSS ENTROPY: 0.40165851084391274
TEST CONFUSION MATRIX:
[[1041    2   12   29    7    0  116    0   18    0]
 [   2 1119    2   27    3    0    9    0    0    0]
 [  23    3  826    6  169    0  159    1    4    0]
 [  59    4    4  972   62    0   59    0    8    0]
 [   3    1   65   26  950    1  153    0    6    0]
 [   1    0    0    3    0 1125    0   48   10   12]
 [ 199    1   75   20   70    0  811    0   17    0]
 [   0    0    0    0    0   34    0 1202    2   17]
 [   2    1    3    6    4    4   22    0 1142    1]
 [   0    0    0    0    0   20    1   61    0 1135]]
Epoch: 5
TRAIN CROSS ENTROPY: 0.36043746401038435
VALIDATION CROSS ENTROPY: 0.3840507744749387
VALIDATION CONFUSION MATRIX:
[[405   0   3   8   1   1  47   0   3   0]
 [  1 452   0  14   3   0   3   0   0   0]
 [  6   1 357   3  68   0  65   0   5   0]
 [ 24   0   4 361  23   0  18   0   3   0]
 [  2   0  23  10 385   0  48   0   1   0]
 [  1   0   0   0   0 444   0  31   5   4]
 [ 70   2  22   7  28   2 349   0   6   0]
 [  0   0   0   0   0  10   0 462   3   5]
 [  6   0   5   0   1   0   2   1 479   0]
 [  0   0   0   0   0   4   0  19   1 483]]
TEST CROSS ENTROPY: 0.3975638300180435
TEST CONFUSION MATRIX:
[[1024    1   14   29    7    0  132    0   18    0]
 [   3 1117    3   28    5    0    6    0    0    0]
 [  22    2  816    6  180    0  159    1    5    0]
 [  51    3    5  977   72    0   52    0    8    0]
 [   2    2   56   26  970    1  142    0    6    0]
 [   1    0    0    3    0 1126    0   45   12   12]
 [ 179    1   75   17   70    0  835    0   16    0]
 [   0    0    0    0    0   33    0 1198    3   21]
 [   3    1    3    5    4    4   20    0 1144    1]
 [   0    0    0    0    0   15    1   52    3 1146]]
Epoch: 6
TRAIN CROSS ENTROPY: 0.34880209347164187
VALIDATION CROSS ENTROPY: 0.38743414158622425
VALIDATION CONFUSION MATRIX:
[[415   0   2   5   0   1  43   0   2   0]
 [  1 454   0  12   3   0   3   0   0   0]
 [ 10   0 359   3  72   0  58   0   3   0]
 [ 53   0   3 321  27   0  25   0   4   0]
 [  2   0  24   7 387   0  48   0   1   0]
 [  1   0   0   0   0 443   0  31   4   6]
 [ 70   2  29   5  30   0 344   0   6   0]
 [  0   0   0   0   0  10   0 455   3  12]
 [  6   0   5   0   1   0   2   1 479   0]
 [  0   0   0   0   0   5   0  15   0 487]]
TEST CROSS ENTROPY: 0.3992905733982722
TEST CONFUSION MATRIX:
[[1043    1   13   16    7    0  128    0   17    0]
 [   3 1119    2   27    3    0    8    0    0    0]
 [  28    2  831    5  180    0  141    1    3    0]
 [  74    4    9  932   73    0   66    0   10    0]
 [   3    2   60   18  982    1  134    0    5    0]
 [   1    0    0    2    0 1128    0   46   12   10]
 [ 193    0   82   13   74    0  819    0   12    0]
 [   0    0    0    0    0   32    0 1194    2   27]
 [   5    1    4    5    5    4   18    0 1142    1]
 [   0    0    0    0    0   19    1   42    1 1154]]
Epoch: 7
TRAIN CROSS ENTROPY: 0.33991852293687835
VALIDATION CROSS ENTROPY: 0.38524159128467245
VALIDATION CONFUSION MATRIX:
[[420   0   1   5   1   1  37   0   3   0]
 [  1 454   0  11   4   0   3   0   0   0]
 [ 13   1 356   3  72   0  57   0   3   0]
 [ 43   0   2 335  26   0  25   0   2   0]
 [  4   0  23   8 388   0  45   0   1   0]
 [  1   0   0   0   0 446   0  28   4   6]
 [ 75   2  20   6  33   0 344   0   6   0]
 [  0   0   0   0   0  11   0 458   3   8]
 [  7   0   5   0   1   0   1   1 479   0]
 [  0   0   0   0   0   5   0  20   0 482]]
TEST CROSS ENTROPY: 0.3982913175622622
TEST CONFUSION MATRIX:
[[1044    2   12   16    7    0  126    0   18    0]
 [   2 1124    1   24    4    0    7    0    0    0]
 [  36    4  829    5  177    0  135    1    4    0]
 [  71    6    8  940   72    0   62    0    9    0]
 [   4    3   60   18  974    1  142    0    3    0]
 [   1    0    0    2    0 1133    0   42    9   12]
 [ 195    0   76   13   70    0  825    0   14    0]
 [   0    0    0    0    0   39    0 1194    2   20]
 [   7    1    4    5    6    4   17    0 1140    1]
 [   0    0    0    0    0   21    1   49    2 1144]]
Epoch: 8
TRAIN CROSS ENTROPY: 0.33127241808783126
VALIDATION CROSS ENTROPY: 0.38322158003846807
VALIDATION CONFUSION MATRIX:
[[418   0   2   5   1   1  39   0   2   0]
 [  1 456   0   9   4   0   3   0   0   0]
 [ 13   1 362   3  70   0  53   0   3   0]
 [ 43   0   2 339  23   0  22   1   3   0]
 [  4   0  24  10 385   0  45   0   1   0]
 [  1   0   0   0   0 443   0  27   5   9]
 [ 73   2  22   6  32   1 344   1   5   0]
 [  0   0   0   0   0  11   0 458   3   8]
 [  7   0   5   0   1   0   1   1 479   0]
 [  0   0   0   0   0   4   0  19   0 484]]
TEST CROSS ENTROPY: 0.39425664619604744
TEST CONFUSION MATRIX:
[[1044    1   12   16    8    0  128    0   16    0]
 [   2 1129    1   19    5    0    6    0    0    0]
 [  35    4  835    7  183    0  122    1    4    0]
 [  64    8   10  949   68    0   59    0   10    0]
 [   3    3   57   24  981    1  132    0    4    0]
 [   1    0    0    2    0 1125    1   46   11   13]
 [ 193    0   77   15   72    0  822    0   14    0]
 [   0    0    0    0    0   32    0 1197    2   24]
 [   7    1    4    4    8    4   15    0 1141    1]
 [   0    0    0    0    0   16    0   47    3 1151]]
Epoch: 9
TRAIN CROSS ENTROPY: 0.3244733598800721
VALIDATION CROSS ENTROPY: 0.3847005839645863
VALIDATION CONFUSION MATRIX:
[[412   0   2   5   1   1  45   0   2   0]
 [  1 456   0   9   4   0   3   0   0   0]
 [ 10   1 359   3  71   0  58   0   3   0]
 [ 40   0   2 341  25   0  23   0   2   0]
 [  4   0  23   9 386   0  46   0   1   0]
 [  1   0   0   0   0 445   0  26   5   8]
 [ 70   2  21   5  35   0 347   0   6   0]
 [  0   0   0   0   0  10   0 463   2   5]
 [  6   0   6   0   2   0   0   1 479   0]
 [  0   0   0   0   0   4   0  20   0 483]]
TEST CROSS ENTROPY: 0.3951094728509585
TEST CONFUSION MATRIX:
[[1031    2   10   18    9    0  139    0   16    0]
 [   2 1130    1   19    5    0    5    0    0    0]
 [  34    4  833    7  182    0  126    1    4    0]
 [  60    8   11  943   77    0   59    0   10    0]
 [   3    3   61   23  982    1  130    0    2    0]
 [   1    0    1    2    0 1119    1   51   12   12]
 [ 182    0   74   17   71    0  836    0   13    0]
 [   0    0    0    0    0   31    0 1203    4   17]
 [   5    1    4    3    8    3   15    0 1145    1]
 [   0    0    0    0    0   17    0   56    3 1141]]
Epoch: 10
TRAIN CROSS ENTROPY: 0.31835473902799466
VALIDATION CROSS ENTROPY: 0.3842253824075063
VALIDATION CONFUSION MATRIX:
[[417   0   1   6   1   1  41   0   1   0]
 [  1 455   0   9   4   0   4   0   0   0]
 [ 11   1 358   3  70   0  59   0   3   0]
 [ 40   0   2 341  24   0  24   0   2   0]
 [  4   0  24  10 384   0  46   0   1   0]
 [  1   0   0   0   0 443   0  26   5  10]
 [ 74   3  20   6  33   1 343   0   6   0]
 [  0   0   0   0   0   9   0 463   2   6]
 [  6   0   5   0   1   1   1   1 479   0]
 [  0   0   0   0   0   3   0  24   0 480]]
TEST CROSS ENTROPY: 0.3927029574314753
TEST CONFUSION MATRIX:
[[1042    2   11   18    8    0  131    0   13    0]
 [   2 1130    1   19    5    0    5    0    0    0]
 [  34    4  834    9  167    0  138    1    4    0]
 [  58    9   10  964   67    0   55    0    5    0]
 [   3    4   66   24  979    0  127    0    2    0]
 [   1    0    2    3    0 1116    0   47   11   19]
 [ 189    0   73   17   73    0  828    0   13    0]
 [   0    0    0    0    0   27    0 1207    3   18]
 [   6    1    7    4    8    4   13    0 1139    3]
 [   0    0    0    0    0   13    0   58    2 1144]]
Epoch: 11
TRAIN CROSS ENTROPY: 0.3117757666690482
VALIDATION CROSS ENTROPY: 0.3869404730200767
VALIDATION CONFUSION MATRIX:
[[412   0   1   5   1   1  47   0   1   0]
 [  1 456   0   8   4   0   4   0   0   0]
 [ 11   1 358   3  69   0  60   0   3   0]
 [ 39   0   2 340  25   0  25   0   2   0]
 [  4   0  24  10 379   0  51   0   1   0]
 [  1   0   0   0   0 444   1  27   4   8]
 [ 74   3  16   6  32   1 347   0   7   0]
 [  0   0   0   0   0   9   0 464   2   5]
 [  6   0   5   0   1   1   1   1 479   0]
 [  0   0   0   0   0   3   0  24   0 480]]
TEST CROSS ENTROPY: 0.39640035380919775
TEST CONFUSION MATRIX:
[[1041    1   10   17    7    0  135    0   14    0]
 [   3 1129    1   19    5    0    5    0    0    0]
 [  39    4  838    9  162    0  134    1    4    0]
 [  57    8   10  956   73    0   58    0    6    0]
 [   3    3   62   25  974    1  135    0    2    0]
 [   2    0    2    2    0 1123    0   43   10   17]
 [ 181    0   74   16   70    0  839    0   13    0]
 [   0    0    0    0    0   35    0 1199    4   17]
 [   6    1    4    3    9    4   13    0 1142    3]
 [   0    0    0    0    0   14    0   59    1 1143]]
Epoch: 12
TRAIN CROSS ENTROPY: 0.30575027705894575
VALIDATION CROSS ENTROPY: 0.3882493168612321
VALIDATION CONFUSION MATRIX:
[[414   0   1   7   2   1  43   0   0   0]
 [  1 456   0   9   4   0   3   0   0   0]
 [ 11   1 358   3  68   0  62   0   2   0]
 [ 37   0   2 343  24   0  25   0   2   0]
 [  4   0  26  12 378   0  48   0   1   0]
 [  1   0   0   0   0 442   1  28   4   9]
 [ 72   3  17   6  31   1 349   0   7   0]
 [  0   0   0   0   0   9   0 463   2   6]
 [  6   0   6   0   2   0   1   1 478   0]
 [  0   0   0   0   0   3   0  23   0 481]]
TEST CROSS ENTROPY: 0.3952442624171575
TEST CONFUSION MATRIX:
[[1041    1    9   19    8    0  133    0   14    0]
 [   2 1129    1   19    6    0    5    0    0    0]
 [  35    6  840    9  161    0  135    1    4    0]
 [  54    8   10  964   71    0   57    0    4    0]
 [   3    3   59   26  975    1  136    0    2    0]
 [   4    0    1    3    0 1112    0   51   10   18]
 [ 186    0   75   16   71    0  833    0   12    0]
 [   0    0    0    0    0   27    0 1204    4   20]
 [   7    1    5    3   10    2   16    1 1137    3]
 [   0    0    0    0    0   13    0   54    1 1149]]
Epoch: 13
TRAIN CROSS ENTROPY: 0.30055863049019266
VALIDATION CROSS ENTROPY: 0.38619080677628514
VALIDATION CONFUSION MATRIX:
[[411   0   3   7   1   1  44   0   1   0]
 [  1 455   0  10   3   0   4   0   0   0]
 [ 11   1 359   4  71   0  57   0   2   0]
 [ 35   0   2 350  21   0  23   0   2   0]
 [  3   0  27  12 381   0  45   0   1   0]
 [  0   0   0   0   0 439   1  30   6   9]
 [ 68   3  18   7  33   0 350   0   7   0]
 [  0   0   0   0   0   9   0 461   2   8]
 [  5   0   6   2   1   0   1   1 478   0]
 [  0   0   0   0   0   3   0  19   0 485]]
TEST CROSS ENTROPY: 0.3926914358139038
TEST CONFUSION MATRIX:
[[1030    1   11   20    8    0  143    0   12    0]
 [   6 1119    1   25    6    0    5    0    0    0]
 [  30    5  832    9  175    0  135    1    4    0]
 [  48    7   12  979   63    0   52    0    7    0]
 [   3    2   55   26  981    0  136    0    2    0]
 [   3    0    1    3    0 1112    0   50   12   18]
 [ 172    0   70   17   75    0  845    0   14    0]
 [   0    0    0    0    0   26    0 1199    6   24]
 [   6    1    3    3    9    2   12    1 1145    3]
 [   0    0    0    0    0   13    0   50    4 1150]]
Epoch: 14
TRAIN CROSS ENTROPY: 0.2958227806814291
VALIDATION CROSS ENTROPY: 0.3885560055077076
VALIDATION CONFUSION MATRIX:
[[414   0   4   7   0   1  42   0   0   0]
 [  1 455   0  11   3   0   3   0   0   0]
 [ 11   1 366   3  64   0  58   0   2   0]
 [ 37   0   2 346  24   0  22   0   2   0]
 [  3   0  29  11 379   0  46   0   1   0]
 [  0   0   0   0   0 444   1  26   6   8]
 [ 72   2  17   6  32   1 349   0   7   0]
 [  0   0   0   0   0  10   0 460   2   8]
 [  5   0   6   2   1   0   1   1 478   0]
 [  0   0   0   0   0   3   0  20   0 484]]
TEST CROSS ENTROPY: 0.396102501809597
TEST CONFUSION MATRIX:
[[1039    1   12   18    7    0  136    0   12    0]
 [   7 1120    1   24    5    0    5    0    0    0]
 [  31    5  854    8  158    0  129    1    5    0]
 [  51    6   12  968   66    0   58    0    7    0]
 [   4    3   59   27  975    1  134    0    2    0]
 [   3    0    1    3    0 1117    0   45   12   18]
 [ 178    0   71   14   76    0  842    0   12    0]
 [   0    0    0    0    0   32    0 1196    6   21]
 [   7    1    4    3    8    2   11    1 1146    2]
 [   0    0    0    0    0   14    0   52    3 1148]]
Epoch: 15
TRAIN CROSS ENTROPY: 0.2918155373218987
VALIDATION CROSS ENTROPY: 0.38973239397009213
VALIDATION CONFUSION MATRIX:
[[415   0   4   6   0   1  42   0   0   0]
 [  1 454   0  12   3   0   3   0   0   0]
 [ 11   1 363   3  67   0  58   0   2   0]
 [ 36   0   3 347  23   0  21   0   3   0]
 [  3   0  28  12 375   0  50   0   1   0]
 [  0   0   0   0   0 443   1  28   6   7]
 [ 72   2  19   6  32   1 348   0   6   0]
 [  0   0   0   0   0   9   0 461   2   8]
 [  5   0   6   2   1   0   1   1 478   0]
 [  0   0   0   0   0   3   0  23   0 481]]
TEST CROSS ENTROPY: 0.39691092318296434
TEST CONFUSION MATRIX:
[[1038    1   11   19    7    0  138    0   11    0]
 [   8 1117    1   26    5    0    5    0    0    0]
 [  31    5  847    8  164    0  130    1    5    0]
 [  50    6   13  974   62    0   56    0    7    0]
 [   4    2   58   26  974    1  138    0    2    0]
 [   3    0    1    3    0 1118    0   47   10   17]
 [ 181    0   74   16   71    0  840    0   11    0]
 [   0    0    0    0    0   29    0 1202    5   19]
 [   8    1    3    4    9    2   14    1 1141    2]
 [   0    0    0    0    0   13    0   55    2 1147]]
Epoch: 16
TRAIN CROSS ENTROPY: 0.28754997327923776
VALIDATION CROSS ENTROPY: 0.3893785064915816
VALIDATION CONFUSION MATRIX:
[[412   0   5   6   0   1  44   0   0   0]
 [  1 455   0  11   3   0   3   0   0   0]
 [ 11   1 369   3  65   0  54   0   2   0]
 [ 34   0   2 351  23   0  21   0   2   0]
 [  3   0  28  12 381   0  44   0   1   0]
 [  0   0   0   0   0 446   1  28   5   5]
 [ 73   2  24   6  31   1 343   0   6   0]
 [  0   0   0   0   0   9   0 460   2   9]
 [  5   0   6   2   0   0   1   0 480   0]
 [  0   0   0   0   0   3   0  23   0 481]]
TEST CROSS ENTROPY: 0.3975803825457891
TEST CONFUSION MATRIX:
[[1029    1   12   20    7    0  145    0   11    0]
 [   7 1119    1   25    5    0    5    0    0    0]
 [  29    3  867    9  153    0  124    1    5    0]
 [  49    6   12  970   67    0   56    0    8    0]
 [   4    2   67   27  972    1  130    0    2    0]
 [   2    0    1    3    0 1125    0   41   13   14]
 [ 174    0   80   16   73    0  834    0   16    0]
 [   0    0    0    0    0   33    0 1196    6   20]
 [   8    1    4    5    7    2   13    1 1142    2]
 [   0    0    0    0    0   15    0   52    4 1146]]
Epoch: 17
TRAIN CROSS ENTROPY: 0.2838092149324991
VALIDATION CROSS ENTROPY: 0.39458029210567475
VALIDATION CONFUSION MATRIX:
[[410   0   4   7   0   1  45   0   1   0]
 [  1 455   0  11   3   0   3   0   0   0]
 [ 10   1 366   4  64   0  58   0   2   0]
 [ 34   0   3 352  22   0  20   0   2   0]
 [  4   0  29  13 371   0  51   0   1   0]
 [  0   0   0   0   0 443   1  29   4   8]
 [ 75   2  17   7  29   1 348   0   7   0]
 [  0   0   0   0   0   9   0 462   1   8]
 [  6   0   5   2   0   0   2   1 478   0]
 [  0   0   0   0   0   3   0  22   0 482]]
TEST CROSS ENTROPY: 0.40295118365685145
TEST CONFUSION MATRIX:
[[1029    1   10   21    6    0  147    0   11    0]
 [   6 1122    1   23    5    0    5    0    0    0]
 [  31    5  867   11  146    0  124    1    6    0]
 [  49    6    9  974   60    0   62    0    8    0]
 [   3    2   64   29  962    1  141    0    3    0]
 [   3    0    2    2    0 1124    0   42   10   16]
 [ 173    0   70   17   69    0  849    0   15    0]
 [   0    0    0    0    0   35    0 1195    4   21]
 [   8    2    4    4    7    2   13    1 1141    3]
 [   0    0    0    0    0   14    1   49    0 1153]]
Epoch: 18
TRAIN CROSS ENTROPY: 0.2800607336698859
VALIDATION CROSS ENTROPY: 0.3934377538164457
VALIDATION CONFUSION MATRIX:
[[407   0   4   7   0   1  48   0   1   0]
 [  1 454   0  12   3   0   3   0   0   0]
 [ 10   1 370   5  64   0  53   0   2   0]
 [ 33   0   2 353  22   0  21   0   2   0]
 [  3   0  30  13 380   0  42   0   1   0]
 [  0   0   0   0   0 442   1  28   6   8]
 [ 75   2  19   8  32   1 342   0   7   0]
 [  0   0   0   0   0   9   0 462   1   8]
 [  6   0   5   2   0   0   2   1 478   0]
 [  0   0   0   0   0   3   0  22   0 482]]
STOPPING EPOCH 18
