WARNING:tensorflow:From /util/opt/anaconda/deployed-conda-envs/packages/tensorflow-gpu/envs/tensorflow-gpu-1.7.0-py36/lib/python3.6/site-packages/tensorflow/contrib/learn/python/learn/datasets/base.py:198: retry (from tensorflow.contrib.learn.python.learn.datasets.base) is deprecated and will be removed in a future version.
Instructions for updating:
Use the retry module or similar alternatives.
43200
4800
12000
2019-02-06 22:53:34.604884: I tensorflow/core/platform/cpu_feature_guard.cc:140] Your CPU supports instructions that this TensorFlow binary was not compiled to use: AVX AVX2 AVX512F FMA
2019-02-06 22:53:34.798177: I tensorflow/core/common_runtime/gpu/gpu_device.cc:1344] Found device 0 with properties: 
name: Tesla P100-PCIE-16GB major: 6 minor: 0 memoryClockRate(GHz): 1.3285
pciBusID: 0000:3b:00.0
totalMemory: 15.90GiB freeMemory: 15.61GiB
2019-02-06 22:53:34.798270: I tensorflow/core/common_runtime/gpu/gpu_device.cc:1423] Adding visible gpu devices: 0
2019-02-06 22:53:35.101808: I tensorflow/core/common_runtime/gpu/gpu_device.cc:911] Device interconnect StreamExecutor with strength 1 edge matrix:
2019-02-06 22:53:35.101913: I tensorflow/core/common_runtime/gpu/gpu_device.cc:917]      0 
2019-02-06 22:53:35.101929: I tensorflow/core/common_runtime/gpu/gpu_device.cc:930] 0:   N 
2019-02-06 22:53:35.102206: I tensorflow/core/common_runtime/gpu/gpu_device.cc:1041] Created TensorFlow device (/job:localhost/replica:0/task:0/device:GPU:0 with 15142 MB memory) -> physical GPU (device: 0, name: Tesla P100-PCIE-16GB, pci bus id: 0000:3b:00.0, compute capability: 6.0)
Epoch: 0
TRAIN CROSS ENTROPY: 0.700711581673887
VALIDATION CROSS ENTROPY: 0.539944241642952
VALIDATION CONFUSION MATRIX:
[[426   3   2  35   0   0  32   0   5   0]
 [  3 454   3  10   2   0   1   0   0   0]
 [ 11   2 274  12 110   1  91   0   3   0]
 [ 18   9   3 427  16   0   7   0   0   0]
 [  1   3   9  26 398   0  63   0   1   0]
 [  0   0   0   0   0 423   0  25   0  20]
 [ 95   1  19  27  54   0 266   0   5   0]
 [  0   0   0   0   0   8   0 419   0  21]
 [  2   1   1   9   6   2  19   3 447   1]
 [  0   0   0   0   0   7   1  34   0 423]]
TEST CROSS ENTROPY: 0.5373078013261159
TEST CONFUSION MATRIX:
[[1038   10   10   79    8    3   73    0    8    0]
 [   5 1143    6   35    7    0    4    0    1    0]
 [  35    2  650   14  273    0  184    0    4    1]
 [  38   16    2 1032   44    1   24    0    3    0]
 [   2    5   35   66  934    2  113    0    2    0]
 [   0    0    0    1    0 1074    1   95    9   58]
 [ 262    8   64   44  141    1  662    0    8    0]
 [   0    0    0    0    0   23    0 1157    4   36]
 [   0    3    0   13    7    8   41   11 1114    0]
 [   0    0    0    0    0   12    1   77    0 1153]]
Epoch: 1
TRAIN CROSS ENTROPY: 0.515943098962307
VALIDATION CROSS ENTROPY: 0.5053925948341688
VALIDATION CONFUSION MATRIX:
[[429   3   5  33   0   0  28   0   5   0]
 [  2 457   2   8   2   0   2   0   0   0]
 [  8   2 291  11 106   0  84   0   2   0]
 [ 22   6   3 426  16   0   7   0   0   0]
 [  0   3  12  26 395   1  62   0   2   0]
 [  0   0   0   0   0 431   0  24   0  13]
 [ 84   1  16  25  50   0 285   0   6   0]
 [  0   0   0   0   0   7   0 420   0  21]
 [  2   1   1   8   5   1  16   2 455   0]
 [  0   0   0   0   0   5   1  24   0 435]]
TEST CROSS ENTROPY: 0.49944308888912203
TEST CONFUSION MATRIX:
[[1044    6   12   67   11    3   76    0   10    0]
 [   3 1146    4   33    9    1    4    0    1    0]
 [  23    2  711   16  252    0  154    0    5    0]
 [  37   10    3 1039   42    0   24    0    5    0]
 [   1    4   42   59  933    2  116    0    2    0]
 [   1    0    0    0    0 1093    1   82   14   47]
 [ 240    4   50   33  130    0  723    0   10    0]
 [   0    0    0    0    0   22    0 1159    4   35]
 [   1    2    1   10    7    2   36    8 1130    0]
 [   0    0    0    1    0   12    1   60    1 1168]]
Epoch: 2
TRAIN CROSS ENTROPY: 0.4869501476155387
VALIDATION CROSS ENTROPY: 0.4847720701495806
VALIDATION CONFUSION MATRIX:
[[438   3   5  29   0   0  24   0   4   0]
 [  2 461   1   8   1   0   0   0   0   0]
 [  7   2 322  10 103   0  58   0   2   0]
 [ 22   8   2 426  16   0   6   0   0   0]
 [  0   3  14  27 405   1  49   0   2   0]
 [  0   0   0   0   0 435   0  20   0  13]
 [ 83   1  21  25  46   0 285   0   6   0]
 [  0   0   0   0   0   9   0 415   0  24]
 [  3   1   2   7   4   1  12   2 459   0]
 [  0   0   0   0   0   4   1  20   0 440]]
TEST CROSS ENTROPY: 0.4776512525876363
TEST CONFUSION MATRIX:
[[1057    6   15   63    8    2   68    0   10    0]
 [   4 1153    3   31    5    0    4    0    1    0]
 [  23    5  755   21  242    0  111    0    6    0]
 [  31   15    5 1045   36    0   23    0    5    0]
 [   3    6   45   68  938    2   93    0    4    0]
 [   1    0    0    0    0 1113    1   69   11   43]
 [ 243    4   60   30  134    0  710    0    9    0]
 [   0    0    0    0    0   28    0 1152    3   37]
 [   5    2    2    9    7    2   25    8 1137    0]
 [   0    0    0    1    0   13    1   52    1 1175]]
Epoch: 3
TRAIN CROSS ENTROPY: 0.4725243020388815
VALIDATION CROSS ENTROPY: 0.4770310937364896
VALIDATION CONFUSION MATRIX:
[[440   3   5  27   0   0  25   0   3   0]
 [  2 463   1   7   0   0   0   0   0   0]
 [  8   1 324  11 101   0  57   0   2   0]
 [ 20   4   4 431  14   0   7   0   0   0]
 [  0   3  17  29 399   1  50   0   2   0]
 [  0   0   0   0   0 438   0  18   0  12]
 [ 83   1  23  26  45   0 283   0   6   0]
 [  0   0   0   0   0  11   0 415   0  22]
 [  3   1   3   6   4   1  10   2 461   0]
 [  0   0   0   1   0   6   1  21   0 436]]
TEST CROSS ENTROPY: 0.4685946629047394
TEST CONFUSION MATRIX:
[[1064    6   19   54    8    2   67    0    9    0]
 [   5 1152    3   30    5    1    4    0    1    0]
 [  25    3  789   22  220    0   99    0    5    0]
 [  33   11    6 1051   33    0   22    0    4    0]
 [   2    6   52   72  932    2   89    0    4    0]
 [   1    0    0    0    0 1123    1   65   12   36]
 [ 239    4   65   29  128    0  717    0    8    0]
 [   0    0    0    0    0   30    0 1152    4   34]
 [   8    3    4    8    9    2   17    7 1139    0]
 [   0    0    0    0    0   13    2   46    1 1181]]
Epoch: 4
TRAIN CROSS ENTROPY: 0.46363801332535565
VALIDATION CROSS ENTROPY: 0.4698055268327395
VALIDATION CONFUSION MATRIX:
[[443   3   6  24   0   0  23   1   3   0]
 [  1 463   1   7   1   0   0   0   0   0]
 [  8   1 330  10  98   0  54   0   3   0]
 [ 20   5   5 429  15   0   6   0   0   0]
 [  0   2  18  26 402   1  50   0   2   0]
 [  0   0   0   0   0 437   0  19   0  12]
 [ 81   1  23  26  45   0 285   0   6   0]
 [  0   0   0   0   0  10   0 418   0  20]
 [  3   0   4   6   4   2  10   3 459   0]
 [  0   0   0   1   0   7   1  21   0 435]]
TEST CROSS ENTROPY: 0.4618720828294754
TEST CONFUSION MATRIX:
[[1064    5   20   50    8    2   69    0   11    0]
 [   3 1154    4   29    4    1    5    0    1    0]
 [  21    3  802   20  213    1   99    0    4    0]
 [  32   10    6 1047   36    0   24    0    5    0]
 [   1    6   57   71  934    2   84    0    4    0]
 [   1    0    0    0    0 1122    1   70   10   34]
 [ 246    4   71   23  126    0  712    0    8    0]
 [   0    0    0    0    0   29    0 1152    4   35]
 [   7    3    3    7    8    4   15    5 1145    0]
 [   0    0    0    0    0   12    2   48    1 1180]]
Epoch: 5
TRAIN CROSS ENTROPY: 0.4570771340639503
VALIDATION CROSS ENTROPY: 0.4655856363972028
VALIDATION CONFUSION MATRIX:
[[445   1   6  24   1   0  22   1   3   0]
 [  0 463   1   8   1   0   0   0   0   0]
 [ 10   0 335  11  95   0  50   0   3   0]
 [ 22   5   3 429  14   0   7   0   0   0]
 [  0   2  22  29 397   1  47   0   3   0]
 [  0   0   0   0   0 439   0  18   0  11]
 [ 83   1  24  25  46   0 282   0   6   0]
 [  0   0   0   0   0  11   0 419   0  18]
 [  3   0   3   6   4   2   9   2 462   0]
 [  0   0   0   1   0   8   1  22   0 433]]
TEST CROSS ENTROPY: 0.4579376186132431
TEST CONFUSION MATRIX:
[[1072    4   18   48    7    2   65    0   13    0]
 [   6 1156    3   27    3    1    4    0    1    0]
 [  23    3  817   19  204    1   89    0    7    0]
 [  44   12    6 1040   29    0   23    0    6    0]
 [   2    6   56   75  928    2   86    0    4    0]
 [   1    0    0    0    0 1128    1   67   10   31]
 [ 243    4   70   23  127    1  715    0    7    0]
 [   0    0    0    0    0   31    0 1152    4   33]
 [   7    3    2    5    8    4   15    7 1146    0]
 [   0    0    0    0    0   12    2   51    1 1177]]
Epoch: 6
TRAIN CROSS ENTROPY: 0.45239771293269265
VALIDATION CROSS ENTROPY: 0.4586527094244957
VALIDATION CONFUSION MATRIX:
[[443   1   6  24   1   0  24   1   3   0]
 [  0 463   1   8   1   0   0   0   0   0]
 [  8   0 347   9  90   0  47   0   3   0]
 [ 18   5   5 426  17   0   9   0   0   0]
 [  0   2  26  26 399   1  44   0   3   0]
 [  0   0   0   0   0 444   0  15   0   9]
 [ 77   1  30  25  42   0 286   0   6   0]
 [  0   0   0   0   0  12   0 417   0  19]
 [  3   0   3   3   5   2  10   3 462   0]
 [  0   0   0   1   0   9   1  22   0 432]]
TEST CROSS ENTROPY: 0.45063960083325705
TEST CONFUSION MATRIX:
[[1056    4   22   50    7    2   75    0   13    0]
 [   5 1157    4   26    2    1    5    0    1    0]
 [  17    1  841   16  197    1   83    0    7    0]
 [  37   11    6 1040   34    0   26    0    6    0]
 [   1    5   64   68  934    2   81    0    4    0]
 [   0    0    0    0    0 1146    1   58    8   25]
 [ 223    4   77   24  120    0  735    0    7    0]
 [   0    0    0    0    0   34    0 1148    5   33]
 [   7    2    5    5    8    8   13    7 1141    1]
 [   0    0    0    0    0   13    2   48    1 1179]]
Epoch: 7
TRAIN CROSS ENTROPY: 0.44838008079263897
VALIDATION CROSS ENTROPY: 0.4538851268092791
VALIDATION CONFUSION MATRIX:
[[444   1   7  23   1   0  23   1   3   0]
 [  0 463   1   8   1   0   0   0   0   0]
 [  9   0 365   9  78   0  40   0   3   0]
 [ 22   5   5 420  16   0  10   0   2   0]
 [  0   2  29  28 399   1  39   0   3   0]
 [  0   0   0   0   0 443   0  15   0  10]
 [ 77   1  31  23  42   0 287   0   6   0]
 [  0   0   0   0   0  11   0 419   0  18]
 [  3   0   3   2   5   2   9   5 462   0]
 [  0   0   0   1   0  11   1  23   0 429]]
TEST CROSS ENTROPY: 0.44768169287840526
TEST CONFUSION MATRIX:
[[1059    3   22   46    6    2   78    0   13    0]
 [   5 1158    3   27    1    1    5    0    1    0]
 [  20    0  868   17  175    1   76    0    6    0]
 [  43   11    8 1031   35    0   26    0    6    0]
 [   2    5   75   69  926    2   76    0    4    0]
 [   0    0    0    0    0 1144    1   62    8   23]
 [ 220    4   83   22  122    0  731    0    8    0]
 [   0    0    0    0    0   31    0 1153    5   31]
 [   5    1    3    5    8    8   16    7 1143    1]
 [   0    0    0    0    0   13    2   54    1 1173]]
Epoch: 8
TRAIN CROSS ENTROPY: 0.44474568339409654
VALIDATION CROSS ENTROPY: 0.455030858417352
VALIDATION CONFUSION MATRIX:
[[444   1  10  24   1   0  19   1   3   0]
 [  0 462   1   9   1   0   0   0   0   0]
 [  8   0 361  10  84   0  39   0   2   0]
 [ 21   3   4 429  15   0   7   0   1   0]
 [  0   1  29  29 401   1  39   0   1   0]
 [  0   0   0   0   0 442   0  17   0   9]
 [ 75   1  35  25  43   0 282   0   6   0]
 [  0   0   0   0   0   9   0 420   1  18]
 [  3   0   4   2   5   2  11   5 459   0]
 [  0   0   0   1   0   9   1  22   0 432]]
TEST CROSS ENTROPY: 0.449875820795695
TEST CONFUSION MATRIX:
[[1054    3   23   51    6    2   79    0   11    0]
 [   5 1155    3   30    1    1    5    0    1    0]
 [  19    0  867   17  182    1   73    0    4    0]
 [  40    7    6 1044   33    0   24    0    6    0]
 [   2    2   69   74  930    2   76    0    4    0]
 [   0    0    0    0    1 1138    1   62    9   27]
 [ 220    3   84   24  131    0  721    0    7    0]
 [   0    0    0    0    0   27    0 1158    5   30]
 [   7    1    5    6    8    5   18    7 1139    1]
 [   0    0    0    0    0   15    2   54    1 1171]]
Epoch: 9
TRAIN CROSS ENTROPY: 0.442219623570089
VALIDATION CROSS ENTROPY: 0.45245162278413775
VALIDATION CONFUSION MATRIX:
[[431   1  11  25   1   0  30   1   3   0]
 [  0 461   1  10   1   0   0   0   0   0]
 [  7   0 372  10  78   0  35   0   2   0]
 [ 22   3   5 426  15   0   7   0   2   0]
 [  0   1  30  28 407   1  32   0   2   0]
 [  0   0   0   0   0 437   0  21   0  10]
 [ 67   1  35  24  46   0 288   0   6   0]
 [  0   0   0   0   0   8   0 423   0  17]
 [  3   0   4   2   5   2  11   5 459   0]
 [  0   0   0   1   0   9   1  23   0 431]]
TEST CROSS ENTROPY: 0.44856324811776477
TEST CONFUSION MATRIX:
[[1032    4   23   52    6    1  100    0   11    0]
 [   4 1156    3   30    1    1    5    0    1    0]
 [  14    0  891   17  174    1   63    0    3    0]
 [  33    7    8 1051   34    0   21    0    6    0]
 [   1    2   78   73  930    2   69    0    4    0]
 [   0    0    0    0    1 1127    1   73    9   27]
 [ 204    4   98   22  139    0  715    0    8    0]
 [   0    0    0    0    0   25    0 1167    5   23]
 [   6    1    4    6    8    5   18    8 1140    1]
 [   0    0    0    0    0   11    2   54    1 1175]]
Epoch: 10
TRAIN CROSS ENTROPY: 0.4399890900982751
VALIDATION CROSS ENTROPY: 0.45113956252733867
VALIDATION CONFUSION MATRIX:
[[438   1  10  24   1   0  25   1   3   0]
 [  0 463   1   8   1   0   0   0   0   0]
 [  9   0 370   9  79   0  35   0   2   0]
 [ 22   3   5 426  15   0   7   0   2   0]
 [  0   1  31  28 405   1  33   0   2   0]
 [  0   0   0   0   0 435   0  22   0  11]
 [ 70   1  36  26  42   0 286   0   6   0]
 [  0   0   0   0   0   7   0 419   1  21]
 [  3   0   4   2   4   2  12   3 461   0]
 [  0   0   0   1   0   9   1  21   0 433]]
TEST CROSS ENTROPY: 0.4484415948788325
TEST CONFUSION MATRIX:
[[1046    5   25   44    5    0   93    0   11    0]
 [   4 1159    2   28    1    1    5    0    1    0]
 [  18    0  888   14  170    1   68    0    4    0]
 [  42    8    7 1040   33    0   24    0    6    0]
 [   2    5   76   70  927    2   73    0    4    0]
 [   0    0    0    0    1 1126    1   70   11   29]
 [ 211    5   94   22  132    0  719    0    7    0]
 [   0    0    0    0    0   25    0 1159    5   31]
 [   8    1    6    5    7    4   18    7 1140    1]
 [   0    0    0    0    0   11    2   51    1 1178]]
Epoch: 11
TRAIN CROSS ENTROPY: 0.43743715237688136
VALIDATION CROSS ENTROPY: 0.4505497760574023
VALIDATION CONFUSION MATRIX:
[[435   1   9  24   1   0  29   1   3   0]
 [  0 459   1  12   1   0   0   0   0   0]
 [  8   0 377  10  74   0  32   0   3   0]
 [ 25   3   4 425  15   0   6   0   2   0]
 [  0   1  38  28 395   1  36   0   2   0]
 [  0   0   0   0   0 435   0  22   0  11]
 [ 70   1  37  24  44   0 285   0   6   0]
 [  0   0   0   0   0   7   0 419   1  21]
 [  3   0   3   3   4   1  12   3 462   0]
 [  0   0   0   1   0   9   1  21   0 433]]
TEST CROSS ENTROPY: 0.4483182817300161
TEST CONFUSION MATRIX:
[[1040    5   23   45    5    0  100    0   11    0]
 [   6 1155    1   31    1    1    5    0    1    0]
 [  18    0  897   18  165    1   59    0    5    0]
 [  43    5    6 1042   32    0   25    0    7    0]
 [   1    2   82   73  928    1   67    0    5    0]
 [   0    0    0    1    1 1127    1   70   11   27]
 [ 201    2  106   22  136    0  716    0    7    0]
 [   0    0    0    0    0   23    0 1158    6   33]
 [   8    0    5    4    7    4   17    7 1144    1]
 [   0    0    0    0    0   14    2   48    1 1178]]
Epoch: 12
TRAIN CROSS ENTROPY: 0.4357747443848186
VALIDATION CROSS ENTROPY: 0.4500169316927592
VALIDATION CONFUSION MATRIX:
[[430   1  10  25   1   0  32   1   3   0]
 [  0 459   1  12   1   0   0   0   0   0]
 [  9   0 375  10  76   0  31   0   3   0]
 [ 21   3   4 428  15   0   7   0   2   0]
 [  0   1  36  31 392   1  38   0   2   0]
 [  0   0   0   0   0 439   0  18   0  11]
 [ 64   1  38  24  43   0 291   0   6   0]
 [  0   0   0   0   0   7   0 419   1  21]
 [  3   0   4   3   4   1  11   2 463   0]
 [  0   0   0   1   0   9   1  21   0 433]]
TEST CROSS ENTROPY: 0.4473021045525869
TEST CONFUSION MATRIX:
[[1040    4   25   42    5    0  102    0   11    0]
 [   6 1155    1   32    1    0    5    0    1    0]
 [  18    0  896   19  163    1   63    0    3    0]
 [  40    4    7 1046   33    1   23    0    6    0]
 [   1    3   83   75  922    1   69    0    5    0]
 [   1    0    0    1    1 1138    1   61   11   24]
 [ 203    3  104   24  131    0  717    0    8    0]
 [   0    0    0    0    0   28    0 1151    6   35]
 [   8    0    5    3    8    5   18    6 1143    1]
 [   0    0    0    0    0   13    2   48    1 1179]]
Epoch: 13
TRAIN CROSS ENTROPY: 0.433725355664889
VALIDATION CROSS ENTROPY: 0.4503249403834343
VALIDATION CONFUSION MATRIX:
[[431   1  10  23   1   0  33   1   3   0]
 [  1 460   1  10   0   0   1   0   0   0]
 [  7   0 378  10  74   0  32   0   3   0]
 [ 22   2   4 426  15   0   9   0   2   0]
 [  0   1  38  28 395   1  36   0   2   0]
 [  0   0   0   0   0 434   0  23   0  11]
 [ 67   1  38  21  43   0 290   0   7   0]
 [  0   0   0   0   0   7   0 421   1  19]
 [  3   0   4   3   5   1  11   2 462   0]
 [  0   0   0   1   0   9   1  22   0 432]]
TEST CROSS ENTROPY: 0.4488980961243312
TEST CONFUSION MATRIX:
[[1044    4   22   35    5    0  108    0   11    0]
 [   7 1157    1   29    1    0    5    0    1    0]
 [  19    0  893   20  161    1   64    0    5    0]
 [  48    5    5 1036   31    0   29    0    6    0]
 [   1    3   84   73  920    1   72    0    5    0]
 [   1    0    0    1    0 1129    1   69   13   24]
 [ 199    3  102   21  135    0  721    0    9    0]
 [   0    0    0    0    0   26    0 1157    6   31]
 [   7    0    4    3    7    4   18    6 1147    1]
 [   0    0    0    0    0   13    2   50    1 1177]]
Epoch: 14
TRAIN CROSS ENTROPY: 0.43229013129516886
VALIDATION CROSS ENTROPY: 0.4481578659017881
VALIDATION CONFUSION MATRIX:
[[431   1  10  23   1   0  33   1   3   0]
 [  0 461   1   9   0   0   2   0   0   0]
 [  8   0 376  11  74   0  32   0   3   0]
 [ 20   3   4 426  15   0  10   0   2   0]
 [  0   1  40  28 396   1  33   0   2   0]
 [  0   0   0   0   0 437   0  20   0  11]
 [ 64   1  39  23  44   0 290   0   6   0]
 [  0   0   0   0   0   7   0 415   1  25]
 [  3   0   4   3   4   1  12   3 461   0]
 [  0   0   0   1   0   6   1  18   0 439]]
TEST CROSS ENTROPY: 0.446250568707784
TEST CONFUSION MATRIX:
[[1040    5   26   38    5    0  104    0   11    0]
 [   6 1160    1   28    0    0    5    0    1    0]
 [  20    0  891   22  167    0   59    0    4    0]
 [  46    7    6 1037   32    0   26    0    6    0]
 [   1    3   87   73  922    1   67    0    5    0]
 [   1    0    0    1    1 1136    1   59   11   28]
 [ 194    3  109   24  143    0  709    0    8    0]
 [   0    0    0    0    0   26    0 1151    6   37]
 [   7    1    5    3    8    5   17    7 1143    1]
 [   0    0    0    0    0   11    2   45    1 1184]]
Epoch: 15
TRAIN CROSS ENTROPY: 0.4310920399648172
VALIDATION CROSS ENTROPY: 0.4464143848419189
VALIDATION CONFUSION MATRIX:
[[435   1  11  19   1   0  32   1   3   0]
 [  1 461   1   8   0   0   2   0   0   0]
 [  7   0 379  10  73   0  32   0   3   0]
 [ 18   3   4 427  15   0  11   0   2   0]
 [  0   1  41  26 399   0  32   0   2   0]
 [  0   0   0   0   0 437   0  21   0  10]
 [ 65   1  40  21  46   0 287   0   7   0]
 [  0   0   0   0   0   7   0 417   1  23]
 [  3   0   4   3   5   1  11   3 461   0]
 [  0   0   0   1   0   7   1  18   0 438]]
TEST CROSS ENTROPY: 0.4474282666444778
TEST CONFUSION MATRIX:
[[1040    5   26   36    5    0  106    0   11    0]
 [   6 1162    1   26    0    0    5    0    1    0]
 [  21    1  899   21  158    0   60    0    3    0]
 [  46    8    5 1034   32    1   28    0    6    0]
 [   1    5   90   71  916    1   70    0    5    0]
 [   1    0    0    1    1 1133    1   62   11   28]
 [ 197    4  111   20  141    0  709    0    8    0]
 [   0    0    0    0    0   26    0 1153    6   35]
 [   7    0    4    3    9    5   17    6 1145    1]
 [   0    0    0    0    0   11    2   47    1 1182]]
Epoch: 16
TRAIN CROSS ENTROPY: 0.4297078650969046
VALIDATION CROSS ENTROPY: 0.448949885169665
VALIDATION CONFUSION MATRIX:
[[435   1  11  21   1   0  30   1   3   0]
 [  0 462   1   8   0   0   2   0   0   0]
 [  7   0 382  13  70   0  30   0   2   0]
 [ 15   2   3 436  12   0  11   0   1   0]
 [  0   1  43  33 390   1  31   0   2   0]
 [  0   0   0   0   0 433   0  23   0  12]
 [ 64   1  39  25  42   0 291   0   5   0]
 [  0   0   0   0   0   5   0 415   1  27]
 [  5   0   4   3   4   1  12   3 459   0]
 [  0   0   0   1   0   5   1  16   0 442]]
TEST CROSS ENTROPY: 0.4508124733368556
TEST CONFUSION MATRIX:
[[1038    6   26   40    5    0  103    0   11    0]
 [   5 1160    1   29    0    0    5    0    1    0]
 [  21    1  903   23  155    0   57    0    3    0]
 [  42    8    4 1048   27    0   25    0    6    0]
 [   1    6   95   82  903    1   68    0    3    0]
 [   1    0    0    1    1 1117    1   68   12   37]
 [ 197    3  110   25  144    0  705    0    6    0]
 [   0    0    0    0    0   24    0 1151    6   39]
 [   8    0    6    3    7    5   19    7 1140    2]
 [   0    0    0    0    0    9    2   44    1 1187]]
Epoch: 17
TRAIN CROSS ENTROPY: 0.42841420009180353
VALIDATION CROSS ENTROPY: 0.4487746347983678
VALIDATION CONFUSION MATRIX:
[[434   1  10  21   1   0  32   1   3   0]
 [  0 462   1   8   0   0   2   0   0   0]
 [  7   0 382  11  71   0  31   0   2   0]
 [ 14   2   3 437  13   0  10   0   1   0]
 [  0   1  42  32 395   0  29   0   2   0]
 [  0   0   0   0   0 435   0  22   1  10]
 [ 63   1  39  25  44   0 289   0   6   0]
 [  0   0   0   0   0   6   0 415   1  26]
 [  3   0   5   3   4   1  11   3 461   0]
 [  0   0   0   1   0   7   1  17   0 439]]
TEST CROSS ENTROPY: 0.45043497800827026
TEST CONFUSION MATRIX:
[[1029    5   28   42    5    0  109    0   11    0]
 [   5 1158    1   30    0    0    6    0    1    0]
 [  19    0  897   23  163    0   58    0    3    0]
 [  42    7    5 1047   27    0   26    0    6    0]
 [   1    5   86   79  912    1   71    0    4    0]
 [   1    0    0    0    1 1125    1   71    9   30]
 [ 197    3  108   25  143    0  707    0    7    0]
 [   0    0    0    0    0   25    0 1149    6   40]
 [   7    0    6    3    9    5   18    6 1141    2]
 [   0    0    0    0    0   10    2   44    1 1186]]
Epoch: 18
TRAIN CROSS ENTROPY: 0.427549806855343
VALIDATION CROSS ENTROPY: 0.4470944933096568
VALIDATION CONFUSION MATRIX:
[[439   1  10  16   1   0  32   1   3   0]
 [  0 462   1   7   0   0   3   0   0   0]
 [  7   0 383   8  75   0  29   0   2   0]
 [ 15   2   4 431  15   0  11   0   2   0]
 [  0   1  45  25 398   1  29   0   2   0]
 [  0   0   0   0   0 436   0  22   0  10]
 [ 60   1  38  22  46   0 294   0   6   0]
 [  0   0   0   0   0   5   0 418   1  24]
 [  4   0   5   3   5   1   9   5 459   0]
 [  0   0   0   1   0   7   1  19   0 437]]
TEST CROSS ENTROPY: 0.4512993340094884
TEST CONFUSION MATRIX:
[[1033    5   25   39    4    0  113    0   10    0]
 [   5 1159    1   29    0    0    6    0    1    0]
 [  20    0  909   23  158    1   49    0    3    0]
 [  44    6    5 1041   27    0   31    0    6    0]
 [   1    4   95   69  916    1   68    0    5    0]
 [   1    0    0    0    1 1122    1   76    9   28]
 [ 193    3  115   22  156    0  694    0    7    0]
 [   0    0    0    0    0   24    0 1159    5   32]
 [   7    0    5    3    8    5   18    7 1142    2]
 [   0    0    0    0    0   10    2   48    1 1182]]
Epoch: 19
TRAIN CROSS ENTROPY: 0.42644878218571347
VALIDATION CROSS ENTROPY: 0.44522911628087364
VALIDATION CONFUSION MATRIX:
[[439   1   9  18   0   0  32   1   3   0]
 [  0 462   1   7   0   0   3   0   0   0]
 [  7   0 381   9  74   0  31   0   2   0]
 [ 15   2   4 434  13   0  11   0   1   0]
 [  0   1  40  29 401   1  29   0   0   0]
 [  0   0   0   0   0 434   0  21   1  12]
 [ 60   1  38  23  45   0 294   0   6   0]
 [  0   0   0   0   0   5   0 417   1  25]
 [  5   0   5   3   5   1   9   4 459   0]
 [  0   0   0   1   0   5   1  18   0 440]]
TEST CROSS ENTROPY: 0.44924807659784954
TEST CONFUSION MATRIX:
[[1030    5   25   39    5    0  114    0   11    0]
 [   5 1160    1   29    0    0    5    0    1    0]
 [  20    2  897   21  163    0   57    0    3    0]
 [  41    7    5 1046   29    0   27    0    5    0]
 [   1    4   91   75  915    1   69    0    3    0]
 [   1    0    0    0    1 1115    1   78   10   32]
 [ 195    3  109   23  143    0  710    0    7    0]
 [   0    0    0    0    0   26    0 1156    6   32]
 [   6    0    5    3    9    5   16    6 1145    2]
 [   0    0    0    0    0   10    2   47    1 1183]]
Epoch: 20
TRAIN CROSS ENTROPY: 0.4253741230456917
VALIDATION CROSS ENTROPY: 0.44853199789921444
VALIDATION CONFUSION MATRIX:
[[438   1   9  17   0   0  34   1   3   0]
 [  0 462   1   6   0   0   4   0   0   0]
 [  7   0 379   9  74   0  33   0   2   0]
 [ 13   3   4 436  13   0  10   0   1   0]
 [  0   1  39  32 394   1  34   0   0   0]
 [  0   0   0   0   0 437   0  20   0  11]
 [ 60   1  37  25  45   0 294   0   5   0]
 [  0   0   0   0   0   5   0 417   1  25]
 [  4   0   5   3   4   1  12   4 458   0]
 [  0   0   0   1   0   5   1  18   0 440]]
TEST CROSS ENTROPY: 0.45193328893184664
TEST CONFUSION MATRIX:
[[1021    5   21   39    4    0  129    0   10    0]
 [   5 1159    1   29    0    0    6    0    1    0]
 [  20    0  896   24  156    0   64    0    3    0]
 [  40    7    5 1048   24    0   30    0    6    0]
 [   1    5   91   76  902    1   80    0    3    0]
 [   1    0    0    1    1 1120    1   76    8   30]
 [ 188    3  102   26  143    0  723    0    5    0]
 [   0    0    0    0    0   23    0 1157    5   35]
 [   8    0    6    3    7    5   23    7 1136    2]
 [   0    0    0    0    0   10    2   44    1 1186]]
Epoch: 21
TRAIN CROSS ENTROPY: 0.4240512525152277
VALIDATION CROSS ENTROPY: 0.4464647787809372
VALIDATION CONFUSION MATRIX:
[[441   1  10  16   0   0  31   1   3   0]
 [  0 462   1   8   0   0   2   0   0   0]
 [  8   0 377   9  77   0  31   0   2   0]
 [ 12   4   5 435  13   0  10   0   1   0]
 [  0   1  35  28 400   1  35   0   1   0]
 [  0   0   0   0   0 438   0  20   1   9]
 [ 62   1  40  22  45   0 291   0   6   0]
 [  0   0   0   0   0   5   0 416   1  26]
 [  4   0   5   3   4   1  10   3 461   0]
 [  0   0   0   1   0   6   1  17   0 440]]
TEST CROSS ENTROPY: 0.45002797230084735
TEST CONFUSION MATRIX:
[[1021    5   27   41    4    0  120    0   11    0]
 [   4 1163    1   28    0    0    4    0    1    0]
 [  21    2  891   19  169    0   58    0    3    0]
 [  44    7    7 1040   28    0   28    0    6    0]
 [   1    5   87   74  910    1   77    0    4    0]
 [   1    0    0    0    1 1120    2   75   10   29]
 [ 195    3  104   24  138    0  719    0    7    0]
 [   0    0    0    0    0   23    0 1156    6   35]
 [   8    0    5    3    8    5   17    4 1145    2]
 [   0    0    0    0    0   10    2   45    1 1185]]
Epoch: 22
TRAIN CROSS ENTROPY: 0.42328259512230204
VALIDATION CROSS ENTROPY: 0.4462825235724449
VALIDATION CONFUSION MATRIX:
[[439   1  11  16   0   0  32   1   3   0]
 [  0 462   1   6   0   0   4   0   0   0]
 [  7   0 381   9  75   0  30   0   2   0]
 [ 13   3   5 433  14   0  11   0   1   0]
 [  0   1  39  24 402   0  35   0   0   0]
 [  0   0   0   0   0 440   0  19   0   9]
 [ 59   1  41  20  44   0 298   0   4   0]
 [  0   0   0   0   0   5   0 414   1  28]
 [  4   0   5   3   6   1  10   4 458   0]
 [  0   0   0   1   0   7   1  15   0 441]]
TEST CROSS ENTROPY: 0.4503001097838084
TEST CONFUSION MATRIX:
[[1022    5   28   36    4    0  125    0    9    0]
 [   4 1162    2   26    0    0    6    0    1    0]
 [  19    2  901   18  161    0   59    0    3    0]
 [  42    7    7 1039   28    0   32    0    5    0]
 [   1    4   91   64  918    1   76    0    4    0]
 [   1    0    0    1    1 1131    2   65    8   29]
 [ 189    2  113   21  142    0  717    0    6    0]
 [   0    0    0    0    0   28    0 1142    6   44]
 [   9    0    8    2    8    5   22    5 1136    2]
 [   0    0    0    0    0   11    2   39    1 1190]]
Epoch: 23
TRAIN CROSS ENTROPY: 0.4220566376050313
VALIDATION CROSS ENTROPY: 0.44617440074682235
VALIDATION CONFUSION MATRIX:
[[435   1  11  17   0   0  35   1   3   0]
 [  0 463   1   7   0   0   2   0   0   0]
 [  7   0 379   9  75   0  32   0   2   0]
 [ 12   4   5 435  13   0  10   0   1   0]
 [  0   1  42  26 399   0  33   0   0   0]
 [  0   0   0   0   0 438   0  20   0  10]
 [ 60   1  41  23  44   0 293   0   5   0]
 [  0   0   0   0   0   4   0 416   1  27]
 [  4   0   5   3   5   1   9   4 460   0]
 [  0   0   0   1   0   6   1  16   0 441]]
TEST CROSS ENTROPY: 0.4507667303880056
TEST CONFUSION MATRIX:
[[1013    5   27   42    5    0  126    0   11    0]
 [   4 1162    2   28    0    0    4    0    1    0]
 [  19    2  903   20  160    0   56    0    3    0]
 [  39    8    8 1046   27    0   29    0    3    0]
 [   1    4   99   73  907    0   72    0    3    0]
 [   1    0    0    0    1 1115    1   78    9   33]
 [ 194    3  109   24  139    0  715    0    6    0]
 [   0    0    0    0    0   20    0 1151    5   44]
 [   9    0    8    2    7    4   19    4 1142    2]
 [   0    0    0    0    0   11    2   39    1 1190]]
Epoch: 24
TRAIN CROSS ENTROPY: 0.42122419774532316
VALIDATION CROSS ENTROPY: 0.44714584430058796
VALIDATION CONFUSION MATRIX:
[[437   1   9  17   0   0  35   1   3   0]
 [  0 463   1   6   0   0   3   0   0   0]
 [  7   0 381  10  71   0  33   0   2   0]
 [ 14   5   5 430  14   0  11   0   1   0]
 [  0   1  37  29 402   0  32   0   0   0]
 [  0   0   0   0   0 438   0  20   1   9]
 [ 61   1  41  22  44   0 293   0   5   0]
 [  0   0   0   0   0   5   0 415   1  27]
 [  4   0   5   3   6   1  10   4 458   0]
 [  0   0   0   1   0   6   1  17   0 440]]
TEST CROSS ENTROPY: 0.45071756712595623
TEST CONFUSION MATRIX:
[[1018    4   24   43    5    1  124    0   10    0]
 [   4 1166    1   25    0    0    4    0    1    0]
 [  21    1  903   21  152    0   62    0    3    0]
 [  41    9    6 1041   29    0   31    0    3    0]
 [   1    5  102   72  907    0   69    0    3    0]
 [   1    0    0    1    1 1120    2   76    8   29]
 [ 195    2  105   23  140    0  719    0    6    0]
 [   0    0    0    0    0   23    0 1157    5   35]
 [   9    1    7    2    6    5   22    5 1138    2]
 [   0    0    0    0    0   11    2   45    1 1184]]
Epoch: 25
TRAIN CROSS ENTROPY: 0.42091932049504033
VALIDATION CROSS ENTROPY: 0.44679905821879706
VALIDATION CONFUSION MATRIX:
[[435   1  11  18   0   0  34   1   3   0]
 [  0 463   1   6   0   0   3   0   0   0]
 [  8   1 383  10  71   0  29   0   2   0]
 [ 10   3   5 436  14   0  11   0   1   0]
 [  0   1  41  28 404   0  27   0   0   0]
 [  0   0   0   0   0 438   0  19   1  10]
 [ 62   1  40  24  48   0 287   0   5   0]
 [  0   0   0   0   0   4   0 416   1  27]
 [  5   0   5   3   6   1   9   3 459   0]
 [  0   0   0   1   0   7   1  17   0 439]]
TEST CROSS ENTROPY: 0.45164848045508066
TEST CONFUSION MATRIX:
[[1020    4   26   43    5    1  120    0   10    0]
 [   5 1161    2   27    0    0    5    0    1    0]
 [  19    2  906   24  155    0   54    0    3    0]
 [  37    7    7 1047   28    0   29    0    5    0]
 [   1    5   98   72  920    0   60    0    3    0]
 [   1    0    0    1    1 1123    2   74    8   28]
 [ 193    2  117   25  154    0  693    0    6    0]
 [   0    0    0    0    0   20    0 1158    5   37]
 [  10    1    7    2    7    5   20    5 1138    2]
 [   0    0    0    0    0   11    2   43    1 1186]]
Epoch: 26
TRAIN CROSS ENTROPY: 0.41980025982415237
VALIDATION CROSS ENTROPY: 0.44491587340831756
VALIDATION CONFUSION MATRIX:
[[435   1  11  17   0   0  35   1   3   0]
 [  0 462   1   7   0   0   3   0   0   0]
 [  8   1 381   9  74   0  29   0   2   0]
 [ 11   3   5 435  14   0  11   0   1   0]
 [  0   0  38  22 408   0  33   0   0   0]
 [  0   0   0   0   0 441   0  17   1   9]
 [ 60   1  40  21  44   0 297   0   4   0]
 [  0   0   0   0   0   6   0 415   1  26]
 [  3   0   5   3   6   1  10   3 460   0]
 [  0   0   0   1   0   7   1  16   0 440]]
TEST CROSS ENTROPY: 0.44994617303212486
TEST CONFUSION MATRIX:
[[1013    4   29   43    5    1  126    0    8    0]
 [   5 1160    2   27    1    0    5    0    1    0]
 [  17    2  908   19  154    0   60    0    3    0]
 [  37    7    8 1044   27    0   32    0    5    0]
 [   1    4   95   63  914    0   78    0    4    0]
 [   1    0    0    1    1 1141    2   61    8   23]
 [ 192    2  112   23  144    0  711    0    6    0]
 [   0    0    0    0    0   27    0 1146    6   41]
 [  10    0    7    2    8    5   23    4 1136    2]
 [   0    0    0    0    0   15    2   41    1 1184]]
Epoch: 27
TRAIN CROSS ENTROPY: 0.418196819236985
VALIDATION CROSS ENTROPY: 0.44544411450624466
VALIDATION CONFUSION MATRIX:
[[433   1  11  19   0   0  35   1   3   0]
 [  0 463   1   6   0   0   3   0   0   0]
 [  7   1 374  10  77   0  33   0   2   0]
 [ 10   6   5 434  13   0  11   0   1   0]
 [  0   1  36  26 407   0  31   0   0   0]
 [  0   0   0   0   0 439   0  18   1  10]
 [ 57   1  37  23  46   0 299   0   4   0]
 [  0   0   0   0   0   6   0 415   1  26]
 [  5   0   5   2   6   1  10   3 459   0]
 [  0   0   0   1   0   7   1  18   0 438]]
TEST CROSS ENTROPY: 0.44820880810419717
TEST CONFUSION MATRIX:
[[1008    4   27   47    5    1  129    0    8    0]
 [   4 1167    2   23    0    0    4    0    1    0]
 [  17    1  903   22  155    0   62    0    3    0]
 [  37    9    7 1045   28    0   31    0    3    0]
 [   1    5   92   70  922    0   66    0    3    0]
 [   1    0    0    1    1 1135    1   64    8   27]
 [ 190    2   98   26  149    0  719    0    6    0]
 [   0    0    0    0    0   27    0 1153    5   35]
 [   9    1    6    2    6    5   23    6 1137    2]
 [   0    0    0    0    0   11    2   44    1 1185]]
Epoch: 28
TRAIN CROSS ENTROPY: 0.4181653678527585
VALIDATION CROSS ENTROPY: 0.44170028815666834
VALIDATION CONFUSION MATRIX:
[[441   1  11  16   1   0  29   1   3   0]
 [  0 463   1   6   0   0   3   0   0   0]
 [  8   1 385   8  71   0  29   0   2   0]
 [ 13   8   5 424  18   0  11   0   1   0]
 [  0   1  41  22 406   0  31   0   0   0]
 [  0   0   0   0   0 442   0  17   0   9]
 [ 63   1  41  19  46   0 293   0   4   0]
 [  0   0   0   0   0   6   0 417   1  24]
 [  4   0   5   2   7   1   8   3 461   0]
 [  0   0   0   0   0   7   1  19   0 438]]
TEST CROSS ENTROPY: 0.44615147415796913
TEST CONFUSION MATRIX:
[[1024    3   30   45    5    2  112    0    8    0]
 [   4 1167    2   22    1    0    4    0    1    0]
 [  18    2  916   17  148    0   59    0    3    0]
 [  39   10    8 1037   32    0   29    0    5    0]
 [   2    5  106   55  920    0   67    0    4    0]
 [   0    0    0    1    1 1149    1   57    8   21]
 [ 202    3  116   23  146    0  694    0    6    0]
 [   0    0    0    0    0   30    0 1151    5   34]
 [  11    1    8    1    7    5   20    6 1136    2]
 [   0    0    0    0    0   13    2   45    1 1182]]
Epoch: 29
TRAIN CROSS ENTROPY: 0.4169585092420931
VALIDATION CROSS ENTROPY: 0.44155772238969804
VALIDATION CONFUSION MATRIX:
[[437   1  11  19   0   0  31   1   3   0]
 [  0 463   1   6   1   0   2   0   0   0]
 [  8   1 378   8  78   0  29   0   2   0]
 [ 11  10   5 423  19   0  11   0   1   0]
 [  0   1  39  23 413   0  25   0   0   0]
 [  0   0   0   0   0 442   0  17   0   9]
 [ 65   1  41  20  48   0 288   0   4   0]
 [  0   0   0   0   0   7   0 418   1  22]
 [  4   0   5   2   7   1   8   3 461   0]
 [  0   0   0   0   0   7   0  20   0 438]]
TEST CROSS ENTROPY: 0.445877810160319
TEST CONFUSION MATRIX:
[[1024    4   30   43    5    1  114    0    8    0]
 [   4 1168    2   22    0    0    4    0    1    0]
 [  18    2  904   16  161    0   59    0    3    0]
 [  38   11    7 1039   32    0   28    0    5    0]
 [   2    5   99   56  934    1   58    0    4    0]
 [   0    0    0    1    1 1147    1   56    8   24]
 [ 201    3  116   24  156    0  684    0    6    0]
 [   0    0    0    0    0   32    0 1153    4   31]
 [   9    2    9    1    7    6   18    7 1137    1]
 [   0    0    0    0    0   12    1   46    1 1183]]
Epoch: 30
TRAIN CROSS ENTROPY: 0.41616612944338055
VALIDATION CROSS ENTROPY: 0.44335311512152353
VALIDATION CONFUSION MATRIX:
[[437   1  11  18   1   0  31   1   3   0]
 [  0 464   1   5   1   0   2   0   0   0]
 [  8   1 376   8  81   0  28   0   2   0]
 [ 12  12   5 418  20   0  12   0   1   0]
 [  0   2  38  20 418   0  23   0   0   0]
 [  0   0   0   0   0 442   0  17   0   9]
 [ 63   1  41  19  55   0 284   0   4   0]
 [  0   0   0   0   0   7   0 413   1  27]
 [  4   1   5   2   7   1   7   3 461   0]
 [  0   0   0   0   0   7   0  17   0 441]]
TEST CROSS ENTROPY: 0.44692369270324706
TEST CONFUSION MATRIX:
[[1021    4   29   41    5    2  117    0   10    0]
 [   5 1169    2   21    0    0    3    0    1    0]
 [  18    2  895   15  169    0   61    0    3    0]
 [  39   14    8 1031   35    0   28    0    5    0]
 [   3    6   88   51  952    1   54    0    4    0]
 [   0    0    0    0    1 1161    1   44    8   23]
 [ 202    3  110   23  165    0  681    0    6    0]
 [   0    0    0    0    0   36    0 1142    4   38]
 [   8    2    9    1    7    6   18    7 1138    1]
 [   0    0    0    0    0   11    1   43    1 1187]]
Epoch: 31
TRAIN CROSS ENTROPY: 0.41549943115976123
VALIDATION CROSS ENTROPY: 0.44256281356016797
VALIDATION CONFUSION MATRIX:
[[440   1  12  17   1   0  28   1   3   0]
 [  0 464   1   5   1   0   2   0   0   0]
 [  8   1 382   8  74   0  29   0   2   0]
 [ 14  12   5 417  19   0  12   0   1   0]
 [  0   1  38  22 413   0  27   0   0   0]
 [  0   0   0   0   0 442   0  16   1   9]
 [ 63   1  41  19  47   0 292   0   4   0]
 [  0   0   0   0   0   7   0 414   1  26]
 [  4   1   5   2   6   1   9   3 460   0]
 [  0   0   0   0   0   5   0  19   0 441]]
TEST CROSS ENTROPY: 0.44679417689641315
TEST CONFUSION MATRIX:
[[1026    4   30   39    5    1  114    0   10    0]
 [   4 1169    2   22    0    0    3    0    1    0]
 [  18    2  903   15  159    0   63    0    3    0]
 [  42   12    9 1032   34    0   28    0    3    0]
 [   3    5   96   52  939    1   59    0    4    0]
 [   2    0    0    0    1 1154    1   46    8   26]
 [ 202    3  115   23  148    0  693    0    6    0]
 [   0    0    0    0    0   35    0 1148    4   33]
 [   9    2   10    1    7    6   18    7 1136    1]
 [   0    0    0    0    0   11    1   45    1 1185]]
Epoch: 32
TRAIN CROSS ENTROPY: 0.4150688670961945
VALIDATION CROSS ENTROPY: 0.44369308193524676
VALIDATION CONFUSION MATRIX:
[[441   2  11  14   1   0  30   1   3   0]
 [  0 465   1   4   1   0   2   0   0   0]
 [  8   1 377   8  80   0  28   0   2   0]
 [ 15  12   5 412  22   0  13   0   1   0]
 [  0   2  37  18 420   0  24   0   0   0]
 [  0   0   0   0   0 442   0  17   0   9]
 [ 67   1  40  18  56   0 281   0   4   0]
 [  0   0   0   0   0   7   0 414   1  26]
 [  3   1   5   2   7   1   8   3 461   0]
 [  0   0   0   0   0   6   0  18   0 441]]
TEST CROSS ENTROPY: 0.4481602535645167
TEST CONFUSION MATRIX:
[[1027    4   30   37    5    2  116    0    8    0]
 [   6 1169    2   21    0    0    2    0    1    0]
 [  17    2  896   15  172    0   58    0    3    0]
 [  41   16    8 1028   36    0   28    0    3    0]
 [   4    5   85   46  959    1   55    0    4    0]
 [   1    0    0    1    1 1159    1   44    7   24]
 [ 204    4  111   21  161    0  683    0    6    0]
 [   0    0    0    0    0   34    0 1147    4   35]
 [  10    3    8    1    7    6   19    7 1135    1]
 [   0    0    0    0    0   11    1   44    1 1186]]
Epoch: 33
TRAIN CROSS ENTROPY: 0.41434742282938075
VALIDATION CROSS ENTROPY: 0.44311769793430966
VALIDATION CONFUSION MATRIX:
[[439   1  13  17   0   0  29   1   3   0]
 [  0 464   1   3   2   0   3   0   0   0]
 [  8   1 379   8  78   0  28   0   2   0]
 [ 14  11   5 417  20   0  12   0   1   0]
 [  0   2  38  22 413   0  26   0   0   0]
 [  0   0   0   0   0 442   0  15   0  11]
 [ 64   1  40  18  49   0 291   0   4   0]
 [  0   0   0   0   0   8   0 411   1  28]
 [  3   1   5   2   7   1   8   3 461   0]
 [  0   0   0   0   0   5   0  17   0 443]]
TEST CROSS ENTROPY: 0.44780941383043926
TEST CONFUSION MATRIX:
[[1029    4   32   36    5    2  113    0    8    0]
 [   6 1168    2   22    0    0    2    0    1    0]
 [  17    2  905   15  161    0   60    0    3    0]
 [  43   13    9 1028   34    0   30    0    3    0]
 [   4    6   90   51  944    0   60    0    4    0]
 [   1    0    0    0    1 1161    1   42    8   24]
 [ 208    3  115   19  156    0  683    0    6    0]
 [   0    0    0    0    0   35    0 1141    4   40]
 [   9    2   10    1    7    6   20    7 1133    2]
 [   0    0    0    0    0   10    1   41    1 1190]]
Epoch: 34
TRAIN CROSS ENTROPY: 0.413553388858283
VALIDATION CROSS ENTROPY: 0.4435218641161919
VALIDATION CONFUSION MATRIX:
[[441   1  11  16   0   0  30   1   3   0]
 [  0 463   1   4   2   0   3   0   0   0]
 [  8   1 381   8  76   0  28   0   2   0]
 [ 14  12   4 416  20   0  13   0   1   0]
 [  0   2  37  22 414   0  26   0   0   0]
 [  0   0   0   0   0 441   0  16   1  10]
 [ 66   1  38  20  47   0 291   0   4   0]
 [  0   0   0   0   0   7   0 417   1  23]
 [  3   1   5   2   7   1   9   3 460   0]
 [  0   0   0   0   0   6   0  18   0 441]]
TEST CROSS ENTROPY: 0.4482292240858078
TEST CONFUSION MATRIX:
[[1031    4   26   36    5    2  117    0    8    0]
 [   6 1168    2   21    1    0    2    0    1    0]
 [  20    1  900   17  162    0   60    0    3    0]
 [  44   14    7 1028   34    0   30    0    3    0]
 [   4    5   92   52  939    0   63    0    4    0]
 [   1    0    0    0    1 1153    1   48    9   25]
 [ 209    3  113   19  148    0  692    0    6    0]
 [   0    0    0    0    0   33    0 1151    4   32]
 [  10    2    9    1    7    6   20    7 1134    1]
 [   0    0    0    0    0   10    1   45    1 1186]]
Epoch: 35
TRAIN CROSS ENTROPY: 0.4135439110133383
VALIDATION CROSS ENTROPY: 0.4429565500219663
VALIDATION CONFUSION MATRIX:
[[440   1  11  16   0   0  31   1   3   0]
 [  0 464   0   4   2   0   3   0   0   0]
 [  8   1 380   7  77   0  29   0   2   0]
 [ 18  12   4 412  21   0  12   0   1   0]
 [  0   2  37  20 414   0  28   0   0   0]
 [  0   0   0   0   0 442   0  16   1   9]
 [ 65   1  40  18  49   0 290   0   4   0]
 [  0   0   0   0   0   6   0 414   1  27]
 [  3   1   5   2   7   1   7   3 462   0]
 [  0   0   0   0   0   4   0  18   0 443]]
TEST CROSS ENTROPY: 0.44836067084471387
TEST CONFUSION MATRIX:
[[1034    5   25   34    4    1  118    0    8    0]
 [   6 1168    2   21    1    0    2    0    1    0]
 [  20    1  900   16  163    0   60    0    3    0]
 [  46   14    8 1025   34    0   30    0    3    0]
 [   4    6   91   48  945    0   61    0    4    0]
 [   2    0    0    0    1 1150    1   48   10   26]
 [ 209    3  115   18  152    0  687    0    6    0]
 [   0    0    0    0    0   29    0 1152    5   34]
 [  10    2    9    1    6    6   20    7 1135    1]
 [   0    0    0    0    0   10    1   43    1 1188]]
Epoch: 36
TRAIN CROSS ENTROPY: 0.413108728826046
VALIDATION CROSS ENTROPY: 0.4419825986027718
VALIDATION CONFUSION MATRIX:
[[432   1  15  19   0   0  32   1   3   0]
 [  0 464   1   4   2   0   2   0   0   0]
 [  8   1 380   7  79   0  27   0   2   0]
 [ 13  12   4 415  23   0  12   0   1   0]
 [  0   2  38  19 418   0  24   0   0   0]
 [  0   0   0   0   0 440   0  17   1  10]
 [ 62   1  39  19  51   0 291   0   4   0]
 [  0   0   0   0   0   7   0 416   1  24]
 [  3   1   5   2   7   1   8   3 461   0]
 [  0   0   0   0   0   5   0  19   0 441]]
TEST CROSS ENTROPY: 0.44717342309157054
TEST CONFUSION MATRIX:
[[1016    5   31   42    5    2  120    0    8    0]
 [   6 1168    2   21    1    0    2    0    1    0]
 [  17    2  907   15  162    0   57    0    3    0]
 [  40   15   11 1028   36    0   27    1    2    0]
 [   4    5   92   46  950    0   58    0    4    0]
 [   1    0    0    0    1 1149    1   50   10   26]
 [ 205    4  117   21  156    0  681    0    6    0]
 [   0    0    1    0    0   30    0 1154    4   31]
 [   8    2    9    1    7    6   20    7 1136    1]
 [   0    0    0    0    0   10    1   46    1 1185]]
Epoch: 37
TRAIN CROSS ENTROPY: 0.4125548459975808
VALIDATION CROSS ENTROPY: 0.43835926353931426
VALIDATION CONFUSION MATRIX:
[[432   1  13  18   0   0  35   1   3   0]
 [  0 463   1   4   2   0   3   0   0   0]
 [  8   1 378   7  83   0  25   0   2   0]
 [ 13   7   5 422  20   0  12   0   1   0]
 [  0   0  41  19 417   0  24   0   0   0]
 [  0   0   0   0   0 441   0  17   1   9]
 [ 59   1  37  19  52   0 295   0   4   0]
 [  0   0   0   0   0   7   0 415   1  25]
 [  2   0   5   3   7   1   8   3 462   0]
 [  0   0   0   0   0   5   0  18   0 442]]
TEST CROSS ENTROPY: 0.44549443952242535
TEST CONFUSION MATRIX:
[[1022    4   27   41    5    1  119    0   10    0]
 [   5 1166    2   23    1    0    3    0    1    0]
 [  18    1  901   17  165    0   58    0    3    0]
 [  36    9   10 1037   34    0   30    0    4    0]
 [   3    4   92   49  948    1   58    0    4    0]
 [   1    0    0    0    1 1153    1   48   10   24]
 [ 201    3  113   19  156    0  692    0    6    0]
 [   0    0    1    0    0   27    0 1156    4   32]
 [   7    2    6    1    7    7   19    7 1140    1]
 [   0    0    0    0    0   11    1   45    1 1185]]
Epoch: 38
TRAIN CROSS ENTROPY: 0.4120100798651024
VALIDATION CROSS ENTROPY: 0.4388461584846179
VALIDATION CONFUSION MATRIX:
[[434   1  12  18   0   0  34   1   3   0]
 [  0 463   1   4   2   0   3   0   0   0]
 [  7   1 385   7  75   0  27   0   2   0]
 [ 13   8   5 419  21   0  13   0   1   0]
 [  0   1  41  20 415   0  24   0   0   0]
 [  0   0   0   0   0 440   0  17   1  10]
 [ 58   1  39  17  49   0 299   0   4   0]
 [  0   0   0   0   0   7   0 424   1  16]
 [  2   0   5   3   5   1   9   3 463   0]
 [  0   0   0   0   0   4   0  20   0 441]]
TEST CROSS ENTROPY: 0.44598060023784636
TEST CONFUSION MATRIX:
[[1023    4   28   38    4    1  121    0   10    0]
 [   6 1167    2   22    1    0    2    0    1    0]
 [  17    1  913   15  158    0   56    0    3    0]
 [  41   11   12 1026   36    0   30    0    4    0]
 [   4    5   96   48  938    0   64    0    4    0]
 [   1    0    0    0    1 1151    1   50   10   24]
 [ 203    3  113   17  143    0  704    0    7    0]
 [   0    0    1    0    0   24    0 1167    4   24]
 [   8    2    7    1    6    6   19    7 1140    1]
 [   0    0    0    0    0   11    1   51    1 1179]]
Epoch: 39
TRAIN CROSS ENTROPY: 0.4113320540167667
VALIDATION CROSS ENTROPY: 0.4424368472894033
VALIDATION CONFUSION MATRIX:
[[432   1  13  17   0   0  36   1   3   0]
 [  0 463   1   4   2   0   3   0   0   0]
 [  7   1 383   7  78   0  26   0   2   0]
 [ 13   8   5 421  19   0  13   0   1   0]
 [  0   1  41  21 414   0  24   0   0   0]
 [  0   0   0   0   0 438   0  18   1  11]
 [ 57   1  36  18  48   0 303   0   4   0]
 [  0   0   0   0   0   5   0 420   1  22]
 [  2   0   5   3   6   1  11   3 460   0]
 [  0   0   0   0   0   5   0  18   0 442]]
TEST CROSS ENTROPY: 0.4484399472872416
TEST CONFUSION MATRIX:
[[1020    5   30   38    4    1  123    0    8    0]
 [   6 1167    2   22    1    0    2    0    1    0]
 [  18    1  902   17  161    0   61    0    3    0]
 [  43    9   10 1029   35    0   30    0    4    0]
 [   5    4   97   49  935    0   65    0    4    0]
 [   1    0    0    0    1 1139    1   55   12   29]
 [ 196    3  115   18  144    0  709    0    5    0]
 [   0    0    1    0    0   20    0 1164    4   31]
 [   7    2    9    1    6    6   20    7 1138    1]
 [   0    0    0    0    0    9    1   47    1 1185]]
Epoch: 40
TRAIN CROSS ENTROPY: 0.4113252243509999
VALIDATION CROSS ENTROPY: 0.44047602226336796
VALIDATION CONFUSION MATRIX:
[[433   1  14  17   0   0  34   1   3   0]
 [  0 463   1   4   2   0   3   0   0   0]
 [  8   1 381   7  78   0  27   0   2   0]
 [ 14   8   5 421  19   0  12   0   1   0]
 [  0   0  40  21 413   0  27   0   0   0]
 [  0   0   0   0   0 441   0  16   1  10]
 [ 60   1  38  18  46   0 300   0   4   0]
 [  0   0   0   0   0   7   0 415   1  25]
 [  2   0   5   3   6   1  11   3 460   0]
 [  0   0   0   0   0   3   0  18   0 444]]
TEST CROSS ENTROPY: 0.44665893507003784
TEST CONFUSION MATRIX:
[[1026    4   28   41    5    1  116    0    8    0]
 [   6 1165    3   23    1    0    2    0    1    0]
 [  17    1  908   14  162    0   58    0    3    0]
 [  41    9   12 1034   34    0   27    0    3    0]
 [   4    4   96   48  935    0   68    0    4    0]
 [   1    0    0    0    1 1147    1   48   10   30]
 [ 206    3  120   19  135    0  701    0    6    0]
 [   0    0    1    0    0   27    0 1156    4   32]
 [   8    2   10    1    5    6   19    7 1138    1]
 [   0    0    0    0    0    9    1   45    1 1187]]
Epoch: 41
TRAIN CROSS ENTROPY: 0.41080482092168596
VALIDATION CROSS ENTROPY: 0.44103619853655496
VALIDATION CONFUSION MATRIX:
[[434   1  15  17   0   0  32   1   3   0]
 [  0 463   1   4   2   0   3   0   0   0]
 [  7   1 382   7  78   0  28   0   1   0]
 [ 14   8   5 421  19   0  12   0   1   0]
 [  0   0  39  24 411   0  27   0   0   0]
 [  0   0   0   0   0 441   0  16   1  10]
 [ 60   1  40  18  45   0 299   0   4   0]
 [  0   0   0   0   0   7   0 422   1  18]
 [  3   0   5   3   7   1   9   3 460   0]
 [  0   0   0   0   0   4   0  19   0 442]]
TEST CROSS ENTROPY: 0.44642631856600445
TEST CONFUSION MATRIX:
[[1030    4   28   40    4    1  114    0    8    0]
 [   6 1166    2   23    1    0    2    0    1    0]
 [  17    1  911   13  160    0   58    0    3    0]
 [  41   10   12 1036   32    0   26    0    3    0]
 [   4    4   99   49  932    0   67    0    4    0]
 [   1    0    0    0    1 1146    1   52   10   27]
 [ 206    3  114   19  138    0  704    0    6    0]
 [   0    0    0    0    0   28    0 1162    4   26]
 [   8    2    8    1    7    6   19    7 1138    1]
 [   0    0    0    0    0   10    1   47    1 1184]]
Epoch: 42
TRAIN CROSS ENTROPY: 0.4106217226606828
VALIDATION CROSS ENTROPY: 0.43916820764541625
VALIDATION CONFUSION MATRIX:
[[434   1  15  16   0   0  33   1   3   0]
 [  0 463   1   4   2   0   3   0   0   0]
 [  7   1 386   7  74   0  27   0   2   0]
 [ 13   8   5 422  19   0  12   0   1   0]
 [  0   0  42  19 412   0  28   0   0   0]
 [  0   0   0   0   0 440   0  16   1  11]
 [ 59   1  39  16  43   0 305   0   4   0]
 [  0   0   0   0   0   7   0 418   1  22]
 [  3   0   5   3   6   1  11   3 459   0]
 [  0   0   0   0   0   5   0  18   0 442]]
TEST CROSS ENTROPY: 0.4456304838657379
TEST CONFUSION MATRIX:
[[1023    5   28   38    5    1  120    0    9    0]
 [   6 1166    2   23    1    0    2    0    1    0]
 [  18    1  907   13  160    0   61    0    3    0]
 [  45   10   10 1030   31    0   29    0    5    0]
 [   3    5   98   47  935    0   67    0    4    0]
 [   1    0    0    0    1 1150    1   49   10   26]
 [ 201    3  121   16  135    0  708    0    6    0]
 [   0    0    0    0    0   31    0 1155    4   30]
 [   8    2   10    1    5    6   19    7 1137    2]
 [   0    0    0    0    0   11    1   45    1 1185]]
Epoch: 43
TRAIN CROSS ENTROPY: 0.4101013688577546
VALIDATION CROSS ENTROPY: 0.439802614847819
VALIDATION CONFUSION MATRIX:
[[430   1  15  20   0   0  33   1   3   0]
 [  0 463   1   4   2   0   3   0   0   0]
 [  7   1 381   7  80   0  27   0   1   0]
 [  9   6   5 429  19   0  11   0   1   0]
 [  0   1  41  18 418   0  23   0   0   0]
 [  0   0   0   0   0 440   0  16   1  11]
 [ 57   1  39  18  52   0 296   0   4   0]
 [  0   0   0   0   0   6   0 422   1  19]
 [  3   0   5   3   7   1  10   3 459   0]
 [  0   0   0   0   0   3   1  20   0 441]]
TEST CROSS ENTROPY: 0.4475622200568517
TEST CONFUSION MATRIX:
[[1013    6   28   44    6    1  122    0    9    0]
 [   6 1163    2   25    1    0    3    0    1    0]
 [  17    1  898   16  174    0   54    0    3    0]
 [  36    9   13 1039   32    0   28    0    3    0]
 [   2    4   85   47  956    0   61    0    4    0]
 [   1    0    0    0    1 1147    1   50   10   28]
 [ 193    4  115   20  158    0  694    0    6    0]
 [   0    0    1    0    0   29    0 1159    4   27]
 [   7    3    8    2    8    5   16    7 1140    1]
 [   0    0    0    0    0    9    1   47    1 1185]]
Epoch: 44
TRAIN CROSS ENTROPY: 0.40969231962053865
VALIDATION CROSS ENTROPY: 0.44138637572526934
VALIDATION CONFUSION MATRIX:
[[433   1  15  18   0   0  32   1   3   0]
 [  0 463   1   4   2   0   3   0   0   0]
 [  7   1 376   8  82   0  28   0   2   0]
 [  9   6   5 432  16   0  11   0   1   0]
 [  0   0  35  24 417   0  25   0   0   0]
 [  0   0   0   0   0 438   0  18   1  11]
 [ 60   1  37  19  49   0 297   0   4   0]
 [  0   0   0   0   0   6   0 421   1  20]
 [  3   0   5   3   6   1   9   3 461   0]
 [  0   0   0   0   0   3   0  20   0 442]]
TEST CROSS ENTROPY: 0.44751836744944257
TEST CONFUSION MATRIX:
[[1023    4   26   45    5    1  116    0    9    0]
 [   7 1164    1   25    1    0    2    0    1    0]
 [  21    1  885   16  179    0   57    0    4    0]
 [  37    9   11 1044   29    0   26    0    4    0]
 [   3    5   82   54  946    0   65    0    4    0]
 [   1    0    0    0    1 1143    1   55   10   27]
 [ 196    4  104   24  152    0  703    0    7    0]
 [   0    0    1    0    0   25    0 1162    4   28]
 [   7    2    8    2    7    5   16    7 1142    1]
 [   0    0    0    0    0    9    1   46    1 1186]]
Epoch: 45
TRAIN CROSS ENTROPY: 0.4094927357192393
VALIDATION CROSS ENTROPY: 0.44077032536268235
VALIDATION CONFUSION MATRIX:
[[432   1  15  18   0   0  33   1   3   0]
 [  0 463   1   4   2   0   3   0   0   0]
 [  7   1 377   7  82   0  28   0   2   0]
 [ 12   8   5 425  18   0  11   0   1   0]
 [  0   1  39  21 414   0  26   0   0   0]
 [  0   0   0   0   0 441   0  15   1  11]
 [ 60   1  39  16  46   0 301   0   4   0]
 [  0   0   0   0   0   7   0 419   1  21]
 [  3   0   5   3   6   1   9   3 461   0]
 [  0   0   0   0   0   5   0  17   0 443]]
TEST CROSS ENTROPY: 0.4464755067427953
TEST CONFUSION MATRIX:
[[1027    4   28   42    5    1  114    0    8    0]
 [   6 1167    2   22    1    0    2    0    1    0]
 [  22    1  895   15  167    0   59    0    4    0]
 [  41    9   12 1037   31    0   26    0    4    0]
 [   4    5   86   50  945    0   65    0    4    0]
 [   1    0    0    0    0 1154    1   42   10   30]
 [ 198    4  107   20  142    0  713    0    6    0]
 [   0    0    0    0    0   32    0 1153    4   31]
 [   7    2    9    2    7    6   17    7 1138    2]
 [   0    0    0    0    0   10    1   46    1 1185]]
Epoch: 46
TRAIN CROSS ENTROPY: 0.40950022751534426
VALIDATION CROSS ENTROPY: 0.4416923862695694
VALIDATION CONFUSION MATRIX:
[[433   1  15  17   0   0  33   1   3   0]
 [  0 463   1   4   2   0   3   0   0   0]
 [  7   1 381   7  79   0  28   0   1   0]
 [ 13   9   6 422  17   0  12   0   1   0]
 [  0   1  40  20 414   0  26   0   0   0]
 [  0   0   0   0   0 438   0  18   1  11]
 [ 62   1  42  16  47   0 295   0   4   0]
 [  0   0   0   0   0   5   0 422   1  20]
 [  3   0   5   3   6   1   9   3 461   0]
 [  0   0   0   0   0   4   0  18   0 443]]
TEST CROSS ENTROPY: 0.448048596183459
TEST CONFUSION MATRIX:
[[1032    6   28   39    4    1  110    0    9    0]
 [   7 1167    1   22    1    0    2    0    1    0]
 [  23    1  902   14  163    0   57    0    3    0]
 [  43   11   13 1032   31    0   27    0    3    0]
 [   4    5   89   49  941    0   67    0    4    0]
 [   1    0    0    0    0 1145    1   50   11   30]
 [ 199    4  117   18  145    0  701    0    6    0]
 [   0    0    1    0    0   26    0 1159    4   30]
 [   7    2    8    2    7    5   16    6 1141    3]
 [   0    0    0    0    0    9    0   46    1 1187]]
Epoch: 47
TRAIN CROSS ENTROPY: 0.4094598485032717
VALIDATION CROSS ENTROPY: 0.4438991063833237
VALIDATION CONFUSION MATRIX:
[[432   1  15  18   0   0  34   1   2   0]
 [  0 464   0   4   2   0   3   0   0   0]
 [  7   1 379   7  81   0  28   0   1   0]
 [ 11   8   4 427  18   0  11   0   1   0]
 [  0   1  38  21 416   0  25   0   0   0]
 [  0   0   0   0   0 439   0  16   1  12]
 [ 63   1  40  16  47   0 296   0   4   0]
 [  0   0   0   0   0   7   0 420   1  20]
 [  3   0   5   3   7   1  10   3 459   0]
 [  0   0   0   0   0   2   0  17   0 446]]
STOPPING EPOCH 47
